{"/home/sumrid/project/api_v2/src/controller.js": {"path":"/home/sumrid/project/api_v2/src/controller.js","statementMap":{"0":{"start":{"line":1,"column":16},"end":{"line":1,"column":36}},"1":{"start":{"line":2,"column":17},"end":{"line":2,"column":46}},"2":{"start":{"line":3,"column":15},"end":{"line":3,"column":32}},"3":{"start":{"line":4,"column":12},"end":{"line":4,"column":30}},"4":{"start":{"line":5,"column":17},"end":{"line":5,"column":37}},"5":{"start":{"line":7,"column":24},"end":{"line":7,"column":47}},"6":{"start":{"line":8,"column":15},"end":{"line":8,"column":32}},"7":{"start":{"line":9,"column":11},"end":{"line":9,"column":24}},"8":{"start":{"line":10,"column":13},"end":{"line":10,"column":28}},"9":{"start":{"line":12,"column":24},"end":{"line":12,"column":45}},"10":{"start":{"line":20,"column":0},"end":{"line":37,"column":1}},"11":{"start":{"line":21,"column":20},"end":{"line":21,"column":28}},"12":{"start":{"line":25,"column":4},"end":{"line":25,"column":30}},"13":{"start":{"line":26,"column":4},"end":{"line":26,"column":57}},"14":{"start":{"line":29,"column":4},"end":{"line":36,"column":5}},"15":{"start":{"line":31,"column":23},"end":{"line":31,"column":59}},"16":{"start":{"line":32,"column":8},"end":{"line":32,"column":44}},"17":{"start":{"line":33,"column":8},"end":{"line":33,"column":57}},"18":{"start":{"line":35,"column":8},"end":{"line":35,"column":22}},"19":{"start":{"line":42,"column":0},"end":{"line":52,"column":1}},"20":{"start":{"line":43,"column":21},"end":{"line":43,"column":29}},"21":{"start":{"line":44,"column":4},"end":{"line":44,"column":53}},"22":{"start":{"line":46,"column":4},"end":{"line":51,"column":5}},"23":{"start":{"line":47,"column":8},"end":{"line":47,"column":39}},"24":{"start":{"line":48,"column":8},"end":{"line":48,"column":29}},"25":{"start":{"line":50,"column":8},"end":{"line":50,"column":34}},"26":{"start":{"line":54,"column":0},"end":{"line":61,"column":1}},"27":{"start":{"line":55,"column":4},"end":{"line":60,"column":5}},"28":{"start":{"line":56,"column":23},"end":{"line":56,"column":53}},"29":{"start":{"line":57,"column":8},"end":{"line":57,"column":45}},"30":{"start":{"line":59,"column":8},"end":{"line":59,"column":22}},"31":{"start":{"line":63,"column":0},"end":{"line":72,"column":1}},"32":{"start":{"line":64,"column":16},"end":{"line":64,"column":30}},"33":{"start":{"line":66,"column":4},"end":{"line":71,"column":5}},"34":{"start":{"line":67,"column":23},"end":{"line":67,"column":47}},"35":{"start":{"line":68,"column":8},"end":{"line":68,"column":45}},"36":{"start":{"line":70,"column":8},"end":{"line":70,"column":22}},"37":{"start":{"line":74,"column":0},"end":{"line":83,"column":1}},"38":{"start":{"line":75,"column":16},"end":{"line":75,"column":30}},"39":{"start":{"line":77,"column":4},"end":{"line":82,"column":5}},"40":{"start":{"line":78,"column":23},"end":{"line":78,"column":52}},"41":{"start":{"line":79,"column":8},"end":{"line":79,"column":45}},"42":{"start":{"line":81,"column":8},"end":{"line":81,"column":34}},"43":{"start":{"line":85,"column":0},"end":{"line":94,"column":1}},"44":{"start":{"line":86,"column":16},"end":{"line":86,"column":30}},"45":{"start":{"line":88,"column":4},"end":{"line":93,"column":5}},"46":{"start":{"line":89,"column":23},"end":{"line":89,"column":60}},"47":{"start":{"line":90,"column":8},"end":{"line":90,"column":45}},"48":{"start":{"line":92,"column":8},"end":{"line":92,"column":34}},"49":{"start":{"line":99,"column":0},"end":{"line":114,"column":1}},"50":{"start":{"line":100,"column":25},"end":{"line":100,"column":39}},"51":{"start":{"line":101,"column":25},"end":{"line":101,"column":44}},"52":{"start":{"line":102,"column":19},"end":{"line":102,"column":34}},"53":{"start":{"line":103,"column":20},"end":{"line":103,"column":61}},"54":{"start":{"line":104,"column":4},"end":{"line":104,"column":42}},"55":{"start":{"line":106,"column":20},"end":{"line":106,"column":78}},"56":{"start":{"line":107,"column":4},"end":{"line":113,"column":7}},"57":{"start":{"line":108,"column":8},"end":{"line":108,"column":41}},"58":{"start":{"line":108,"column":17},"end":{"line":108,"column":41}},"59":{"start":{"line":109,"column":8},"end":{"line":109,"column":46}},"60":{"start":{"line":111,"column":18},"end":{"line":111,"column":48}},"61":{"start":{"line":112,"column":8},"end":{"line":112,"column":24}},"62":{"start":{"line":118,"column":0},"end":{"line":139,"column":1}},"63":{"start":{"line":119,"column":21},"end":{"line":119,"column":29}},"64":{"start":{"line":120,"column":4},"end":{"line":120,"column":24}},"65":{"start":{"line":122,"column":4},"end":{"line":126,"column":5}},"66":{"start":{"line":123,"column":8},"end":{"line":123,"column":40}},"67":{"start":{"line":125,"column":8},"end":{"line":125,"column":34}},"68":{"start":{"line":128,"column":20},"end":{"line":128,"column":78}},"69":{"start":{"line":129,"column":4},"end":{"line":138,"column":7}},"70":{"start":{"line":130,"column":8},"end":{"line":133,"column":9}},"71":{"start":{"line":131,"column":12},"end":{"line":131,"column":29}},"72":{"start":{"line":132,"column":12},"end":{"line":132,"column":38}},"73":{"start":{"line":135,"column":23},"end":{"line":135,"column":53}},"74":{"start":{"line":136,"column":8},"end":{"line":136,"column":38}},"75":{"start":{"line":137,"column":8},"end":{"line":137,"column":29}},"76":{"start":{"line":145,"column":0},"end":{"line":173,"column":1}},"77":{"start":{"line":146,"column":15},"end":{"line":146,"column":61}},"78":{"start":{"line":147,"column":21},"end":{"line":147,"column":29}},"79":{"start":{"line":148,"column":4},"end":{"line":148,"column":24}},"80":{"start":{"line":156,"column":16},"end":{"line":156,"column":45}},"81":{"start":{"line":157,"column":20},"end":{"line":159,"column":6}},"82":{"start":{"line":162,"column":20},"end":{"line":162,"column":78}},"83":{"start":{"line":163,"column":4},"end":{"line":172,"column":7}},"84":{"start":{"line":164,"column":8},"end":{"line":167,"column":9}},"85":{"start":{"line":165,"column":12},"end":{"line":165,"column":29}},"86":{"start":{"line":166,"column":12},"end":{"line":166,"column":38}},"87":{"start":{"line":169,"column":23},"end":{"line":169,"column":53}},"88":{"start":{"line":170,"column":8},"end":{"line":170,"column":38}},"89":{"start":{"line":171,"column":8},"end":{"line":171,"column":29}},"90":{"start":{"line":178,"column":0},"end":{"line":189,"column":1}},"91":{"start":{"line":179,"column":21},"end":{"line":179,"column":29}},"92":{"start":{"line":180,"column":4},"end":{"line":180,"column":26}},"93":{"start":{"line":181,"column":4},"end":{"line":188,"column":5}},"94":{"start":{"line":184,"column":8},"end":{"line":184,"column":45}},"95":{"start":{"line":185,"column":8},"end":{"line":185,"column":28}},"96":{"start":{"line":187,"column":8},"end":{"line":187,"column":34}},"97":{"start":{"line":195,"column":0},"end":{"line":207,"column":1}},"98":{"start":{"line":196,"column":20},"end":{"line":196,"column":28}},"99":{"start":{"line":199,"column":4},"end":{"line":199,"column":30}},"100":{"start":{"line":201,"column":4},"end":{"line":206,"column":5}},"101":{"start":{"line":202,"column":8},"end":{"line":202,"column":44}},"102":{"start":{"line":203,"column":8},"end":{"line":203,"column":26}},"103":{"start":{"line":205,"column":8},"end":{"line":205,"column":24}},"104":{"start":{"line":208,"column":0},"end":{"line":217,"column":1}},"105":{"start":{"line":209,"column":16},"end":{"line":209,"column":27}},"106":{"start":{"line":210,"column":4},"end":{"line":216,"column":5}},"107":{"start":{"line":211,"column":23},"end":{"line":211,"column":57}},"108":{"start":{"line":212,"column":21},"end":{"line":212,"column":62}},"109":{"start":{"line":213,"column":8},"end":{"line":213,"column":23}},"110":{"start":{"line":215,"column":8},"end":{"line":215,"column":34}},"111":{"start":{"line":218,"column":0},"end":{"line":226,"column":1}},"112":{"start":{"line":219,"column":15},"end":{"line":219,"column":30}},"113":{"start":{"line":220,"column":4},"end":{"line":225,"column":5}},"114":{"start":{"line":221,"column":23},"end":{"line":221,"column":48}},"115":{"start":{"line":228,"column":17},"end":{"line":228,"column":41}},"116":{"start":{"line":254,"column":0},"end":{"line":267,"column":3}},"117":{"start":{"line":255,"column":20},"end":{"line":255,"column":50}},"118":{"start":{"line":256,"column":21},"end":{"line":256,"column":48}},"119":{"start":{"line":257,"column":4},"end":{"line":266,"column":7}},"120":{"start":{"line":258,"column":8},"end":{"line":265,"column":9}},"121":{"start":{"line":259,"column":28},"end":{"line":259,"column":62}},"122":{"start":{"line":260,"column":12},"end":{"line":260,"column":73}},"123":{"start":{"line":261,"column":12},"end":{"line":264,"column":13}},"124":{"start":{"line":262,"column":16},"end":{"line":262,"column":52}},"125":{"start":{"line":263,"column":16},"end":{"line":263,"column":43}}},"fnMap":{"0":{"name":"(anonymous_0)","decl":{"start":{"line":20,"column":24},"end":{"line":20,"column":25}},"loc":{"start":{"line":20,"column":44},"end":{"line":37,"column":1}},"line":20},"1":{"name":"(anonymous_1)","decl":{"start":{"line":42,"column":17},"end":{"line":42,"column":18}},"loc":{"start":{"line":42,"column":37},"end":{"line":52,"column":1}},"line":42},"2":{"name":"(anonymous_2)","decl":{"start":{"line":54,"column":25},"end":{"line":54,"column":26}},"loc":{"start":{"line":54,"column":45},"end":{"line":61,"column":1}},"line":54},"3":{"name":"(anonymous_3)","decl":{"start":{"line":63,"column":16},"end":{"line":63,"column":17}},"loc":{"start":{"line":63,"column":36},"end":{"line":72,"column":1}},"line":63},"4":{"name":"(anonymous_4)","decl":{"start":{"line":74,"column":21},"end":{"line":74,"column":22}},"loc":{"start":{"line":74,"column":41},"end":{"line":83,"column":1}},"line":74},"5":{"name":"(anonymous_5)","decl":{"start":{"line":85,"column":29},"end":{"line":85,"column":30}},"loc":{"start":{"line":85,"column":49},"end":{"line":94,"column":1}},"line":85},"6":{"name":"(anonymous_6)","decl":{"start":{"line":99,"column":19},"end":{"line":99,"column":20}},"loc":{"start":{"line":99,"column":39},"end":{"line":114,"column":1}},"line":99},"7":{"name":"(anonymous_7)","decl":{"start":{"line":107,"column":38},"end":{"line":107,"column":39}},"loc":{"start":{"line":107,"column":52},"end":{"line":113,"column":5}},"line":107},"8":{"name":"(anonymous_8)","decl":{"start":{"line":118,"column":27},"end":{"line":118,"column":28}},"loc":{"start":{"line":118,"column":47},"end":{"line":139,"column":1}},"line":118},"9":{"name":"(anonymous_9)","decl":{"start":{"line":129,"column":55},"end":{"line":129,"column":56}},"loc":{"start":{"line":129,"column":69},"end":{"line":138,"column":5}},"line":129},"10":{"name":"(anonymous_10)","decl":{"start":{"line":145,"column":21},"end":{"line":145,"column":22}},"loc":{"start":{"line":145,"column":41},"end":{"line":173,"column":1}},"line":145},"11":{"name":"(anonymous_11)","decl":{"start":{"line":163,"column":38},"end":{"line":163,"column":39}},"loc":{"start":{"line":163,"column":52},"end":{"line":172,"column":5}},"line":163},"12":{"name":"(anonymous_12)","decl":{"start":{"line":178,"column":17},"end":{"line":178,"column":18}},"loc":{"start":{"line":178,"column":37},"end":{"line":189,"column":1}},"line":178},"13":{"name":"(anonymous_13)","decl":{"start":{"line":195,"column":19},"end":{"line":195,"column":20}},"loc":{"start":{"line":195,"column":39},"end":{"line":207,"column":1}},"line":195},"14":{"name":"(anonymous_14)","decl":{"start":{"line":208,"column":18},"end":{"line":208,"column":19}},"loc":{"start":{"line":208,"column":38},"end":{"line":217,"column":1}},"line":208},"15":{"name":"(anonymous_15)","decl":{"start":{"line":218,"column":16},"end":{"line":218,"column":17}},"loc":{"start":{"line":218,"column":36},"end":{"line":226,"column":1}},"line":218},"16":{"name":"(anonymous_16)","decl":{"start":{"line":254,"column":39},"end":{"line":254,"column":40}},"loc":{"start":{"line":254,"column":51},"end":{"line":267,"column":1}},"line":254},"17":{"name":"(anonymous_17)","decl":{"start":{"line":257,"column":21},"end":{"line":257,"column":22}},"loc":{"start":{"line":257,"column":28},"end":{"line":266,"column":5}},"line":257}},"branchMap":{"0":{"loc":{"start":{"line":108,"column":8},"end":{"line":108,"column":41}},"type":"if","locations":[{"start":{"line":108,"column":8},"end":{"line":108,"column":41}},{"start":{"line":108,"column":8},"end":{"line":108,"column":41}}],"line":108},"1":{"loc":{"start":{"line":130,"column":8},"end":{"line":133,"column":9}},"type":"if","locations":[{"start":{"line":130,"column":8},"end":{"line":133,"column":9}},{"start":{"line":130,"column":8},"end":{"line":133,"column":9}}],"line":130},"2":{"loc":{"start":{"line":146,"column":15},"end":{"line":146,"column":61}},"type":"binary-expr","locations":[{"start":{"line":146,"column":15},"end":{"line":146,"column":34}},{"start":{"line":146,"column":38},"end":{"line":146,"column":61}}],"line":146},"3":{"loc":{"start":{"line":164,"column":8},"end":{"line":167,"column":9}},"type":"if","locations":[{"start":{"line":164,"column":8},"end":{"line":167,"column":9}},{"start":{"line":164,"column":8},"end":{"line":167,"column":9}}],"line":164},"4":{"loc":{"start":{"line":258,"column":8},"end":{"line":265,"column":9}},"type":"if","locations":[{"start":{"line":258,"column":8},"end":{"line":265,"column":9}},{"start":{"line":258,"column":8},"end":{"line":265,"column":9}}],"line":258},"5":{"loc":{"start":{"line":261,"column":12},"end":{"line":264,"column":13}},"type":"if","locations":[{"start":{"line":261,"column":12},"end":{"line":264,"column":13}},{"start":{"line":261,"column":12},"end":{"line":264,"column":13}}],"line":261}},"s":{"0":1,"1":1,"2":1,"3":1,"4":1,"5":1,"6":1,"7":1,"8":1,"9":1,"10":1,"11":1,"12":1,"13":1,"14":1,"15":1,"16":1,"17":1,"18":1,"19":1,"20":0,"21":0,"22":0,"23":0,"24":0,"25":0,"26":1,"27":0,"28":0,"29":0,"30":0,"31":1,"32":0,"33":0,"34":0,"35":0,"36":0,"37":1,"38":0,"39":0,"40":0,"41":0,"42":0,"43":1,"44":0,"45":0,"46":0,"47":0,"48":0,"49":1,"50":0,"51":0,"52":0,"53":0,"54":0,"55":0,"56":0,"57":0,"58":0,"59":0,"60":0,"61":0,"62":1,"63":0,"64":0,"65":0,"66":0,"67":0,"68":0,"69":0,"70":0,"71":0,"72":0,"73":0,"74":0,"75":0,"76":1,"77":0,"78":0,"79":0,"80":0,"81":0,"82":0,"83":0,"84":0,"85":0,"86":0,"87":0,"88":0,"89":0,"90":1,"91":0,"92":0,"93":0,"94":0,"95":0,"96":0,"97":1,"98":0,"99":0,"100":0,"101":0,"102":0,"103":0,"104":1,"105":0,"106":0,"107":0,"108":0,"109":0,"110":0,"111":1,"112":0,"113":0,"114":0,"115":1,"116":1,"117":0,"118":0,"119":0,"120":0,"121":0,"122":0,"123":0,"124":0,"125":0},"f":{"0":1,"1":0,"2":0,"3":0,"4":0,"5":0,"6":0,"7":0,"8":0,"9":0,"10":0,"11":0,"12":0,"13":0,"14":0,"15":0,"16":0,"17":0},"b":{"0":[0,0],"1":[0,0],"2":[0,0],"3":[0,0],"4":[0,0],"5":[0,0]},"_coverageSchema":"43e27e138ebf9cfc5966b082cf9a028302ed4184","hash":"062531dc6010dd5388d317d94a9821959117862e"}
,"/home/sumrid/project/api_v2/src/main.js": {"path":"/home/sumrid/project/api_v2/src/main.js","statementMap":{"0":{"start":{"line":1,"column":16},"end":{"line":1,"column":34}},"1":{"start":{"line":2,"column":19},"end":{"line":2,"column":41}},"2":{"start":{"line":3,"column":13},"end":{"line":3,"column":28}},"3":{"start":{"line":4,"column":15},"end":{"line":4,"column":32}},"4":{"start":{"line":9,"column":15},"end":{"line":9,"column":24}},"5":{"start":{"line":10,"column":17},"end":{"line":10,"column":26}},"6":{"start":{"line":11,"column":13},"end":{"line":11,"column":17}},"7":{"start":{"line":14,"column":0},"end":{"line":14,"column":19}},"8":{"start":{"line":15,"column":0},"end":{"line":15,"column":29}},"9":{"start":{"line":16,"column":0},"end":{"line":16,"column":78}},"10":{"start":{"line":17,"column":0},"end":{"line":17,"column":31}},"11":{"start":{"line":20,"column":0},"end":{"line":20,"column":40}},"12":{"start":{"line":23,"column":0},"end":{"line":25,"column":3}},"13":{"start":{"line":24,"column":4},"end":{"line":24,"column":62}},"14":{"start":{"line":27,"column":0},"end":{"line":27,"column":24}}},"fnMap":{"0":{"name":"(anonymous_0)","decl":{"start":{"line":23,"column":30},"end":{"line":23,"column":31}},"loc":{"start":{"line":23,"column":36},"end":{"line":25,"column":1}},"line":23}},"branchMap":{},"s":{"0":1,"1":1,"2":1,"3":1,"4":1,"5":1,"6":1,"7":1,"8":1,"9":1,"10":1,"11":1,"12":1,"13":1,"14":1},"f":{"0":1},"b":{},"_coverageSchema":"43e27e138ebf9cfc5966b082cf9a028302ed4184","hash":"a93e79f7f783d60661f3522bd112ecbf5d330ee5"}
,"/home/sumrid/project/api_v2/src/router.js": {"path":"/home/sumrid/project/api_v2/src/router.js","statementMap":{"0":{"start":{"line":1,"column":16},"end":{"line":1,"column":34}},"1":{"start":{"line":2,"column":15},"end":{"line":2,"column":31}},"2":{"start":{"line":3,"column":19},"end":{"line":3,"column":42}},"3":{"start":{"line":5,"column":0},"end":{"line":5,"column":50}},"4":{"start":{"line":6,"column":0},"end":{"line":6,"column":50}},"5":{"start":{"line":7,"column":0},"end":{"line":7,"column":50}},"6":{"start":{"line":8,"column":0},"end":{"line":8,"column":44}},"7":{"start":{"line":9,"column":0},"end":{"line":9,"column":59}},"8":{"start":{"line":10,"column":0},"end":{"line":10,"column":69}},"9":{"start":{"line":12,"column":0},"end":{"line":12,"column":55}},"10":{"start":{"line":13,"column":0},"end":{"line":13,"column":57}},"11":{"start":{"line":14,"column":0},"end":{"line":14,"column":66}},"12":{"start":{"line":15,"column":0},"end":{"line":15,"column":60}},"13":{"start":{"line":17,"column":0},"end":{"line":17,"column":42}},"14":{"start":{"line":18,"column":0},"end":{"line":18,"column":42}},"15":{"start":{"line":19,"column":0},"end":{"line":19,"column":44}},"16":{"start":{"line":20,"column":0},"end":{"line":22,"column":3}},"17":{"start":{"line":21,"column":4},"end":{"line":21,"column":39}},"18":{"start":{"line":24,"column":0},"end":{"line":24,"column":24}}},"fnMap":{"0":{"name":"(anonymous_0)","decl":{"start":{"line":20,"column":16},"end":{"line":20,"column":17}},"loc":{"start":{"line":20,"column":30},"end":{"line":22,"column":1}},"line":20}},"branchMap":{},"s":{"0":1,"1":1,"2":1,"3":1,"4":1,"5":1,"6":1,"7":1,"8":1,"9":1,"10":1,"11":1,"12":1,"13":1,"14":1,"15":1,"16":1,"17":1,"18":1},"f":{"0":1},"b":{},"_coverageSchema":"43e27e138ebf9cfc5966b082cf9a028302ed4184","hash":"e1bcfa0caedc454bca17287f12e8d5c332ed8be3"}
,"/home/sumrid/project/api_v2/src/service.firebase.js": {"path":"/home/sumrid/project/api_v2/src/service.firebase.js","statementMap":{"0":{"start":{"line":2,"column":0},"end":{"line":2,"column":34}},"1":{"start":{"line":4,"column":14},"end":{"line":4,"column":39}},"2":{"start":{"line":5,"column":11},"end":{"line":5,"column":28}},"3":{"start":{"line":6,"column":26},"end":{"line":6,"column":51}},"4":{"start":{"line":7,"column":21},"end":{"line":7,"column":40}},"5":{"start":{"line":9,"column":15},"end":{"line":9,"column":32}},"6":{"start":{"line":10,"column":24},"end":{"line":10,"column":45}},"7":{"start":{"line":12,"column":0},"end":{"line":25,"column":1}},"8":{"start":{"line":13,"column":4},"end":{"line":13,"column":46}},"9":{"start":{"line":16,"column":20},"end":{"line":16,"column":69}},"10":{"start":{"line":17,"column":4},"end":{"line":17,"column":42}},"11":{"start":{"line":18,"column":4},"end":{"line":18,"column":30}},"12":{"start":{"line":20,"column":4},"end":{"line":24,"column":5}},"13":{"start":{"line":21,"column":8},"end":{"line":21,"column":61}},"14":{"start":{"line":23,"column":8},"end":{"line":23,"column":18}},"15":{"start":{"line":27,"column":0},"end":{"line":30,"column":1}},"16":{"start":{"line":28,"column":4},"end":{"line":28,"column":45}},"17":{"start":{"line":29,"column":4},"end":{"line":29,"column":20}},"18":{"start":{"line":32,"column":0},"end":{"line":39,"column":1}},"19":{"start":{"line":33,"column":4},"end":{"line":38,"column":5}},"20":{"start":{"line":34,"column":23},"end":{"line":34,"column":61}},"21":{"start":{"line":35,"column":8},"end":{"line":35,"column":29}},"22":{"start":{"line":37,"column":8},"end":{"line":37,"column":18}},"23":{"start":{"line":44,"column":0},"end":{"line":50,"column":1}},"24":{"start":{"line":45,"column":4},"end":{"line":49,"column":5}},"25":{"start":{"line":46,"column":8},"end":{"line":46,"column":58}},"26":{"start":{"line":48,"column":8},"end":{"line":48,"column":18}},"27":{"start":{"line":51,"column":0},"end":{"line":57,"column":1}},"28":{"start":{"line":52,"column":4},"end":{"line":56,"column":5}},"29":{"start":{"line":53,"column":8},"end":{"line":53,"column":44}},"30":{"start":{"line":55,"column":8},"end":{"line":55,"column":18}}},"fnMap":{"0":{"name":"(anonymous_0)","decl":{"start":{"line":12,"column":22},"end":{"line":12,"column":23}},"loc":{"start":{"line":12,"column":41},"end":{"line":25,"column":1}},"line":12},"1":{"name":"(anonymous_1)","decl":{"start":{"line":27,"column":21},"end":{"line":27,"column":22}},"loc":{"start":{"line":27,"column":33},"end":{"line":30,"column":1}},"line":27},"2":{"name":"(anonymous_2)","decl":{"start":{"line":32,"column":25},"end":{"line":32,"column":26}},"loc":{"start":{"line":32,"column":40},"end":{"line":39,"column":1}},"line":32},"3":{"name":"(anonymous_3)","decl":{"start":{"line":44,"column":17},"end":{"line":44,"column":18}},"loc":{"start":{"line":44,"column":37},"end":{"line":50,"column":1}},"line":44},"4":{"name":"(anonymous_4)","decl":{"start":{"line":51,"column":19},"end":{"line":51,"column":20}},"loc":{"start":{"line":51,"column":33},"end":{"line":57,"column":1}},"line":51}},"branchMap":{},"s":{"0":1,"1":1,"2":1,"3":1,"4":1,"5":1,"6":1,"7":1,"8":0,"9":0,"10":0,"11":0,"12":0,"13":0,"14":0,"15":1,"16":0,"17":0,"18":1,"19":0,"20":0,"21":0,"22":0,"23":1,"24":0,"25":0,"26":0,"27":1,"28":0,"29":0,"30":0},"f":{"0":0,"1":0,"2":0,"3":0,"4":0},"b":{},"_coverageSchema":"43e27e138ebf9cfc5966b082cf9a028302ed4184","hash":"56ba38e2314bd21b31aecf61eab1b24bdea7db32"}
,"/home/sumrid/project/api_v2/src/service.js": {"path":"/home/sumrid/project/api_v2/src/service.js","statementMap":{"0":{"start":{"line":1,"column":38},"end":{"line":1,"column":63}},"1":{"start":{"line":2,"column":11},"end":{"line":2,"column":24}},"2":{"start":{"line":3,"column":13},"end":{"line":3,"column":28}},"3":{"start":{"line":6,"column":16},"end":{"line":6,"column":65}},"4":{"start":{"line":7,"column":16},"end":{"line":7,"column":70}},"5":{"start":{"line":8,"column":16},"end":{"line":8,"column":48}},"6":{"start":{"line":9,"column":12},"end":{"line":9,"column":31}},"7":{"start":{"line":10,"column":17},"end":{"line":10,"column":68}},"8":{"start":{"line":11,"column":17},"end":{"line":11,"column":72}},"9":{"start":{"line":12,"column":17},"end":{"line":12,"column":50}},"10":{"start":{"line":13,"column":13},"end":{"line":13,"column":33}},"11":{"start":{"line":15,"column":13},"end":{"line":15,"column":20}},"12":{"start":{"line":17,"column":17},"end":{"line":17,"column":24}},"13":{"start":{"line":18,"column":18},"end":{"line":18,"column":26}},"14":{"start":{"line":19,"column":23},"end":{"line":19,"column":35}},"15":{"start":{"line":20,"column":25},"end":{"line":20,"column":39}},"16":{"start":{"line":21,"column":26},"end":{"line":21,"column":41}},"17":{"start":{"line":22,"column":26},"end":{"line":22,"column":44}},"18":{"start":{"line":23,"column":30},"end":{"line":23,"column":50}},"19":{"start":{"line":24,"column":16},"end":{"line":24,"column":29}},"20":{"start":{"line":25,"column":17},"end":{"line":25,"column":30}},"21":{"start":{"line":35,"column":4},"end":{"line":50,"column":5}},"22":{"start":{"line":36,"column":27},"end":{"line":36,"column":58}},"23":{"start":{"line":37,"column":23},"end":{"line":37,"column":55}},"24":{"start":{"line":40,"column":27},"end":{"line":40,"column":52}},"25":{"start":{"line":41,"column":8},"end":{"line":43,"column":9}},"26":{"start":{"line":42,"column":12},"end":{"line":42,"column":95}},"27":{"start":{"line":44,"column":24},"end":{"line":44,"column":37}},"28":{"start":{"line":45,"column":8},"end":{"line":45,"column":94}},"29":{"start":{"line":46,"column":24},"end":{"line":46,"column":57}},"30":{"start":{"line":47,"column":8},"end":{"line":47,"column":45}},"31":{"start":{"line":49,"column":8},"end":{"line":49,"column":18}},"32":{"start":{"line":54,"column":4},"end":{"line":69,"column":5}},"33":{"start":{"line":55,"column":27},"end":{"line":55,"column":58}},"34":{"start":{"line":56,"column":23},"end":{"line":56,"column":55}},"35":{"start":{"line":59,"column":27},"end":{"line":59,"column":52}},"36":{"start":{"line":60,"column":8},"end":{"line":62,"column":9}},"37":{"start":{"line":61,"column":12},"end":{"line":61,"column":95}},"38":{"start":{"line":63,"column":24},"end":{"line":63,"column":37}},"39":{"start":{"line":64,"column":8},"end":{"line":64,"column":95}},"40":{"start":{"line":65,"column":24},"end":{"line":65,"column":57}},"41":{"start":{"line":66,"column":8},"end":{"line":66,"column":45}},"42":{"start":{"line":68,"column":8},"end":{"line":68,"column":18}},"43":{"start":{"line":73,"column":4},"end":{"line":88,"column":5}},"44":{"start":{"line":74,"column":27},"end":{"line":74,"column":58}},"45":{"start":{"line":75,"column":23},"end":{"line":75,"column":55}},"46":{"start":{"line":78,"column":27},"end":{"line":78,"column":52}},"47":{"start":{"line":79,"column":8},"end":{"line":81,"column":9}},"48":{"start":{"line":80,"column":12},"end":{"line":80,"column":95}},"49":{"start":{"line":82,"column":24},"end":{"line":82,"column":37}},"50":{"start":{"line":83,"column":8},"end":{"line":83,"column":95}},"51":{"start":{"line":84,"column":24},"end":{"line":84,"column":57}},"52":{"start":{"line":85,"column":8},"end":{"line":85,"column":36}},"53":{"start":{"line":87,"column":8},"end":{"line":87,"column":18}},"54":{"start":{"line":94,"column":0},"end":{"line":103,"column":1}},"55":{"start":{"line":95,"column":4},"end":{"line":102,"column":5}},"56":{"start":{"line":96,"column":25},"end":{"line":96,"column":52}},"57":{"start":{"line":97,"column":23},"end":{"line":97,"column":72}},"58":{"start":{"line":98,"column":8},"end":{"line":98,"column":22}},"59":{"start":{"line":100,"column":8},"end":{"line":100,"column":27}},"60":{"start":{"line":101,"column":8},"end":{"line":101,"column":18}},"61":{"start":{"line":105,"column":0},"end":{"line":124,"column":1}},"62":{"start":{"line":106,"column":4},"end":{"line":123,"column":5}},"63":{"start":{"line":107,"column":25},"end":{"line":107,"column":52}},"64":{"start":{"line":108,"column":23},"end":{"line":117,"column":32}},"65":{"start":{"line":119,"column":8},"end":{"line":119,"column":22}},"66":{"start":{"line":121,"column":8},"end":{"line":121,"column":27}},"67":{"start":{"line":122,"column":8},"end":{"line":122,"column":18}},"68":{"start":{"line":126,"column":0},"end":{"line":140,"column":1}},"69":{"start":{"line":127,"column":4},"end":{"line":139,"column":5}},"70":{"start":{"line":128,"column":25},"end":{"line":128,"column":52}},"71":{"start":{"line":129,"column":8},"end":{"line":135,"column":9}},"72":{"start":{"line":137,"column":8},"end":{"line":137,"column":27}},"73":{"start":{"line":138,"column":8},"end":{"line":138,"column":18}},"74":{"start":{"line":142,"column":0},"end":{"line":151,"column":1}},"75":{"start":{"line":143,"column":4},"end":{"line":150,"column":5}},"76":{"start":{"line":144,"column":25},"end":{"line":144,"column":52}},"77":{"start":{"line":145,"column":23},"end":{"line":145,"column":78}},"78":{"start":{"line":146,"column":8},"end":{"line":146,"column":22}},"79":{"start":{"line":148,"column":8},"end":{"line":148,"column":27}},"80":{"start":{"line":149,"column":8},"end":{"line":149,"column":18}},"81":{"start":{"line":153,"column":0},"end":{"line":162,"column":1}},"82":{"start":{"line":154,"column":4},"end":{"line":161,"column":5}},"83":{"start":{"line":155,"column":25},"end":{"line":155,"column":52}},"84":{"start":{"line":156,"column":23},"end":{"line":156,"column":85}},"85":{"start":{"line":157,"column":8},"end":{"line":157,"column":22}},"86":{"start":{"line":159,"column":8},"end":{"line":159,"column":27}},"87":{"start":{"line":160,"column":8},"end":{"line":160,"column":18}},"88":{"start":{"line":164,"column":0},"end":{"line":173,"column":1}},"89":{"start":{"line":165,"column":4},"end":{"line":172,"column":5}},"90":{"start":{"line":166,"column":25},"end":{"line":166,"column":52}},"91":{"start":{"line":167,"column":23},"end":{"line":167,"column":76}},"92":{"start":{"line":168,"column":8},"end":{"line":168,"column":22}},"93":{"start":{"line":170,"column":8},"end":{"line":170,"column":27}},"94":{"start":{"line":171,"column":8},"end":{"line":171,"column":18}},"95":{"start":{"line":175,"column":0},"end":{"line":184,"column":1}},"96":{"start":{"line":176,"column":4},"end":{"line":183,"column":5}},"97":{"start":{"line":177,"column":25},"end":{"line":177,"column":52}},"98":{"start":{"line":178,"column":23},"end":{"line":178,"column":78}},"99":{"start":{"line":179,"column":8},"end":{"line":179,"column":22}},"100":{"start":{"line":181,"column":8},"end":{"line":181,"column":27}},"101":{"start":{"line":182,"column":8},"end":{"line":182,"column":18}},"102":{"start":{"line":189,"column":0},"end":{"line":276,"column":1}},"103":{"start":{"line":190,"column":4},"end":{"line":275,"column":5}},"104":{"start":{"line":192,"column":24},"end":{"line":192,"column":46}},"105":{"start":{"line":193,"column":24},"end":{"line":193,"column":57}},"106":{"start":{"line":194,"column":24},"end":{"line":194,"column":44}},"107":{"start":{"line":195,"column":23},"end":{"line":195,"column":42}},"108":{"start":{"line":198,"column":21},"end":{"line":198,"column":46}},"109":{"start":{"line":199,"column":28},"end":{"line":199,"column":51}},"110":{"start":{"line":200,"column":24},"end":{"line":207,"column":9}},"111":{"start":{"line":210,"column":24},"end":{"line":210,"column":70}},"112":{"start":{"line":213,"column":32},"end":{"line":213,"column":42}},"113":{"start":{"line":214,"column":23},"end":{"line":214,"column":33}},"114":{"start":{"line":215,"column":29},"end":{"line":215,"column":34}},"115":{"start":{"line":216,"column":8},"end":{"line":221,"column":9}},"116":{"start":{"line":217,"column":12},"end":{"line":217,"column":34}},"117":{"start":{"line":218,"column":12},"end":{"line":218,"column":57}},"118":{"start":{"line":220,"column":12},"end":{"line":220,"column":58}},"119":{"start":{"line":224,"column":8},"end":{"line":269,"column":9}},"120":{"start":{"line":225,"column":27},"end":{"line":225,"column":29}},"121":{"start":{"line":229,"column":28},"end":{"line":229,"column":63}},"122":{"start":{"line":230,"column":12},"end":{"line":255,"column":15}},"123":{"start":{"line":231,"column":16},"end":{"line":231,"column":38}},"124":{"start":{"line":232,"column":35},"end":{"line":252,"column":18}},"125":{"start":{"line":234,"column":24},"end":{"line":234,"column":54}},"126":{"start":{"line":235,"column":24},"end":{"line":235,"column":64}},"127":{"start":{"line":236,"column":24},"end":{"line":236,"column":46}},"128":{"start":{"line":237,"column":24},"end":{"line":237,"column":33}},"129":{"start":{"line":239,"column":39},"end":{"line":239,"column":69}},"130":{"start":{"line":243,"column":20},"end":{"line":249,"column":23}},"131":{"start":{"line":244,"column":24},"end":{"line":244,"column":51}},"132":{"start":{"line":245,"column":24},"end":{"line":245,"column":64}},"133":{"start":{"line":247,"column":24},"end":{"line":247,"column":74}},"134":{"start":{"line":248,"column":24},"end":{"line":248,"column":45}},"135":{"start":{"line":251,"column":20},"end":{"line":251,"column":39}},"136":{"start":{"line":254,"column":16},"end":{"line":254,"column":44}},"137":{"start":{"line":258,"column":30},"end":{"line":262,"column":13}},"138":{"start":{"line":263,"column":32},"end":{"line":263,"column":66}},"139":{"start":{"line":264,"column":12},"end":{"line":264,"column":39}},"140":{"start":{"line":266,"column":12},"end":{"line":266,"column":41}},"141":{"start":{"line":268,"column":12},"end":{"line":268,"column":72}},"142":{"start":{"line":273,"column":8},"end":{"line":273,"column":27}},"143":{"start":{"line":274,"column":8},"end":{"line":274,"column":18}},"144":{"start":{"line":282,"column":0},"end":{"line":291,"column":1}},"145":{"start":{"line":283,"column":4},"end":{"line":290,"column":5}},"146":{"start":{"line":284,"column":25},"end":{"line":284,"column":52}},"147":{"start":{"line":285,"column":23},"end":{"line":285,"column":80}},"148":{"start":{"line":286,"column":8},"end":{"line":286,"column":22}},"149":{"start":{"line":288,"column":8},"end":{"line":288,"column":27}},"150":{"start":{"line":289,"column":8},"end":{"line":289,"column":18}},"151":{"start":{"line":293,"column":0},"end":{"line":301,"column":1}},"152":{"start":{"line":294,"column":4},"end":{"line":300,"column":5}},"153":{"start":{"line":295,"column":19},"end":{"line":295,"column":41}},"154":{"start":{"line":296,"column":24},"end":{"line":296,"column":55}},"155":{"start":{"line":297,"column":8},"end":{"line":297,"column":23}},"156":{"start":{"line":299,"column":8},"end":{"line":299,"column":18}}},"fnMap":{"0":{"name":"getContractOrg1","decl":{"start":{"line":34,"column":15},"end":{"line":34,"column":30}},"loc":{"start":{"line":34,"column":37},"end":{"line":51,"column":1}},"line":34},"1":{"name":"getContractOrg2","decl":{"start":{"line":53,"column":15},"end":{"line":53,"column":30}},"loc":{"start":{"line":53,"column":37},"end":{"line":70,"column":1}},"line":53},"2":{"name":"getChannal","decl":{"start":{"line":72,"column":15},"end":{"line":72,"column":25}},"loc":{"start":{"line":72,"column":32},"end":{"line":89,"column":1}},"line":72},"3":{"name":"(anonymous_3)","decl":{"start":{"line":94,"column":16},"end":{"line":94,"column":17}},"loc":{"start":{"line":94,"column":31},"end":{"line":103,"column":1}},"line":94},"4":{"name":"(anonymous_4)","decl":{"start":{"line":105,"column":24},"end":{"line":105,"column":25}},"loc":{"start":{"line":105,"column":43},"end":{"line":124,"column":1}},"line":105},"5":{"name":"(anonymous_5)","decl":{"start":{"line":126,"column":17},"end":{"line":126,"column":18}},"loc":{"start":{"line":126,"column":37},"end":{"line":140,"column":1}},"line":126},"6":{"name":"(anonymous_6)","decl":{"start":{"line":142,"column":21},"end":{"line":142,"column":22}},"loc":{"start":{"line":142,"column":36},"end":{"line":151,"column":1}},"line":142},"7":{"name":"(anonymous_7)","decl":{"start":{"line":153,"column":29},"end":{"line":153,"column":30}},"loc":{"start":{"line":153,"column":44},"end":{"line":162,"column":1}},"line":153},"8":{"name":"(anonymous_8)","decl":{"start":{"line":164,"column":25},"end":{"line":164,"column":26}},"loc":{"start":{"line":164,"column":37},"end":{"line":173,"column":1}},"line":164},"9":{"name":"(anonymous_9)","decl":{"start":{"line":175,"column":23},"end":{"line":175,"column":24}},"loc":{"start":{"line":175,"column":38},"end":{"line":184,"column":1}},"line":175},"10":{"name":"(anonymous_10)","decl":{"start":{"line":189,"column":15},"end":{"line":189,"column":16}},"loc":{"start":{"line":189,"column":27},"end":{"line":276,"column":1}},"line":189},"11":{"name":"(anonymous_11)","decl":{"start":{"line":230,"column":30},"end":{"line":230,"column":31}},"loc":{"start":{"line":230,"column":44},"end":{"line":255,"column":13}},"line":230},"12":{"name":"(anonymous_12)","decl":{"start":{"line":232,"column":47},"end":{"line":232,"column":48}},"loc":{"start":{"line":232,"column":68},"end":{"line":252,"column":17}},"line":232},"13":{"name":"whenTimeout","decl":{"start":{"line":233,"column":29},"end":{"line":233,"column":40}},"loc":{"start":{"line":233,"column":43},"end":{"line":238,"column":21}},"line":233},"14":{"name":"(anonymous_14)","decl":{"start":{"line":243,"column":58},"end":{"line":243,"column":59}},"loc":{"start":{"line":243,"column":75},"end":{"line":249,"column":21}},"line":243},"15":{"name":"(anonymous_15)","decl":{"start":{"line":282,"column":17},"end":{"line":282,"column":18}},"loc":{"start":{"line":282,"column":40},"end":{"line":291,"column":1}},"line":282},"16":{"name":"(anonymous_16)","decl":{"start":{"line":293,"column":18},"end":{"line":293,"column":19}},"loc":{"start":{"line":293,"column":34},"end":{"line":301,"column":1}},"line":293}},"branchMap":{"0":{"loc":{"start":{"line":6,"column":16},"end":{"line":6,"column":65}},"type":"binary-expr","locations":[{"start":{"line":6,"column":16},"end":{"line":6,"column":43}},{"start":{"line":6,"column":47},"end":{"line":6,"column":65}}],"line":6},"1":{"loc":{"start":{"line":10,"column":17},"end":{"line":10,"column":68}},"type":"binary-expr","locations":[{"start":{"line":10,"column":17},"end":{"line":10,"column":46}},{"start":{"line":10,"column":50},"end":{"line":10,"column":68}}],"line":10},"2":{"loc":{"start":{"line":41,"column":8},"end":{"line":43,"column":9}},"type":"if","locations":[{"start":{"line":41,"column":8},"end":{"line":43,"column":9}},{"start":{"line":41,"column":8},"end":{"line":43,"column":9}}],"line":41},"3":{"loc":{"start":{"line":60,"column":8},"end":{"line":62,"column":9}},"type":"if","locations":[{"start":{"line":60,"column":8},"end":{"line":62,"column":9}},{"start":{"line":60,"column":8},"end":{"line":62,"column":9}}],"line":60},"4":{"loc":{"start":{"line":79,"column":8},"end":{"line":81,"column":9}},"type":"if","locations":[{"start":{"line":79,"column":8},"end":{"line":81,"column":9}},{"start":{"line":79,"column":8},"end":{"line":81,"column":9}}],"line":79},"5":{"loc":{"start":{"line":216,"column":8},"end":{"line":221,"column":9}},"type":"if","locations":[{"start":{"line":216,"column":8},"end":{"line":221,"column":9}},{"start":{"line":216,"column":8},"end":{"line":221,"column":9}}],"line":216},"6":{"loc":{"start":{"line":216,"column":12},"end":{"line":216,"column":110}},"type":"binary-expr","locations":[{"start":{"line":216,"column":12},"end":{"line":216,"column":29}},{"start":{"line":216,"column":33},"end":{"line":216,"column":62}},{"start":{"line":216,"column":66},"end":{"line":216,"column":110}}],"line":216},"7":{"loc":{"start":{"line":224,"column":8},"end":{"line":269,"column":9}},"type":"if","locations":[{"start":{"line":224,"column":8},"end":{"line":269,"column":9}},{"start":{"line":224,"column":8},"end":{"line":269,"column":9}}],"line":224}},"s":{"0":1,"1":1,"2":1,"3":1,"4":1,"5":1,"6":1,"7":1,"8":1,"9":1,"10":1,"11":1,"12":1,"13":1,"14":1,"15":1,"16":1,"17":1,"18":1,"19":1,"20":1,"21":0,"22":0,"23":0,"24":0,"25":0,"26":0,"27":0,"28":0,"29":0,"30":0,"31":0,"32":0,"33":0,"34":0,"35":0,"36":0,"37":0,"38":0,"39":0,"40":0,"41":0,"42":0,"43":0,"44":0,"45":0,"46":0,"47":0,"48":0,"49":0,"50":0,"51":0,"52":0,"53":0,"54":1,"55":0,"56":0,"57":0,"58":0,"59":0,"60":0,"61":1,"62":0,"63":0,"64":0,"65":0,"66":0,"67":0,"68":1,"69":0,"70":0,"71":0,"72":0,"73":0,"74":1,"75":0,"76":0,"77":0,"78":0,"79":0,"80":0,"81":1,"82":0,"83":0,"84":0,"85":0,"86":0,"87":0,"88":1,"89":0,"90":0,"91":0,"92":0,"93":0,"94":0,"95":1,"96":0,"97":0,"98":0,"99":0,"100":0,"101":0,"102":1,"103":0,"104":0,"105":0,"106":0,"107":0,"108":0,"109":0,"110":0,"111":0,"112":0,"113":0,"114":0,"115":0,"116":0,"117":0,"118":0,"119":0,"120":0,"121":0,"122":0,"123":0,"124":0,"125":0,"126":0,"127":0,"128":0,"129":0,"130":0,"131":0,"132":0,"133":0,"134":0,"135":0,"136":0,"137":0,"138":0,"139":0,"140":0,"141":0,"142":0,"143":0,"144":1,"145":0,"146":0,"147":0,"148":0,"149":0,"150":0,"151":1,"152":0,"153":0,"154":0,"155":0,"156":0},"f":{"0":0,"1":0,"2":0,"3":0,"4":0,"5":0,"6":0,"7":0,"8":0,"9":0,"10":0,"11":0,"12":0,"13":0,"14":0,"15":0,"16":0},"b":{"0":[1,1],"1":[1,1],"2":[0,0],"3":[0,0],"4":[0,0],"5":[0,0],"6":[0,0,0],"7":[0,0]},"_coverageSchema":"43e27e138ebf9cfc5966b082cf9a028302ed4184","hash":"68f44c498b1131433d7361af4ce85186b126c870"}
,"/home/sumrid/project/api_v2/src/config/firebase.js": {"path":"/home/sumrid/project/api_v2/src/config/firebase.js","statementMap":{"0":{"start":{"line":1,"column":12},"end":{"line":1,"column":37}},"1":{"start":{"line":3,"column":21},"end":{"line":3,"column":47}},"2":{"start":{"line":5,"column":0},"end":{"line":8,"column":3}}},"fnMap":{},"branchMap":{},"s":{"0":1,"1":1,"2":1},"f":{},"b":{},"_coverageSchema":"43e27e138ebf9cfc5966b082cf9a028302ed4184","hash":"3625da3ea6742fc931c8b1d57fd4322c59666119"}
,"/home/sumrid/project/api_v2/test/mock.data.js": {"path":"/home/sumrid/project/api_v2/test/mock.data.js","statementMap":{"0":{"start":{"line":1,"column":0},"end":{"line":9,"column":2}}},"fnMap":{},"branchMap":{},"s":{"0":1},"f":{},"b":{},"_coverageSchema":"43e27e138ebf9cfc5966b082cf9a028302ed4184","hash":"c55250e96597ee3ee576ce4651aed8623e7dcc0d"}
}
