{"/home/sumrid/project/api/api_v1/src/controller.js": {"path":"/home/sumrid/project/api/api_v1/src/controller.js","statementMap":{"0":{"start":{"line":1,"column":16},"end":{"line":1,"column":36}},"1":{"start":{"line":2,"column":17},"end":{"line":2,"column":46}},"2":{"start":{"line":3,"column":15},"end":{"line":3,"column":32}},"3":{"start":{"line":4,"column":12},"end":{"line":4,"column":30}},"4":{"start":{"line":5,"column":17},"end":{"line":5,"column":37}},"5":{"start":{"line":7,"column":24},"end":{"line":7,"column":47}},"6":{"start":{"line":8,"column":15},"end":{"line":8,"column":32}},"7":{"start":{"line":9,"column":11},"end":{"line":9,"column":24}},"8":{"start":{"line":10,"column":13},"end":{"line":10,"column":28}},"9":{"start":{"line":12,"column":24},"end":{"line":12,"column":45}},"10":{"start":{"line":20,"column":0},"end":{"line":37,"column":1}},"11":{"start":{"line":21,"column":20},"end":{"line":21,"column":28}},"12":{"start":{"line":25,"column":4},"end":{"line":25,"column":30}},"13":{"start":{"line":26,"column":4},"end":{"line":26,"column":57}},"14":{"start":{"line":29,"column":4},"end":{"line":36,"column":5}},"15":{"start":{"line":31,"column":23},"end":{"line":31,"column":59}},"16":{"start":{"line":32,"column":8},"end":{"line":32,"column":44}},"17":{"start":{"line":33,"column":8},"end":{"line":33,"column":57}},"18":{"start":{"line":35,"column":8},"end":{"line":35,"column":22}},"19":{"start":{"line":42,"column":0},"end":{"line":52,"column":1}},"20":{"start":{"line":43,"column":21},"end":{"line":43,"column":29}},"21":{"start":{"line":44,"column":4},"end":{"line":44,"column":53}},"22":{"start":{"line":46,"column":4},"end":{"line":51,"column":5}},"23":{"start":{"line":47,"column":8},"end":{"line":47,"column":39}},"24":{"start":{"line":48,"column":8},"end":{"line":48,"column":29}},"25":{"start":{"line":50,"column":8},"end":{"line":50,"column":34}},"26":{"start":{"line":54,"column":0},"end":{"line":61,"column":1}},"27":{"start":{"line":55,"column":4},"end":{"line":60,"column":5}},"28":{"start":{"line":56,"column":23},"end":{"line":56,"column":53}},"29":{"start":{"line":57,"column":8},"end":{"line":57,"column":45}},"30":{"start":{"line":59,"column":8},"end":{"line":59,"column":22}},"31":{"start":{"line":63,"column":0},"end":{"line":72,"column":1}},"32":{"start":{"line":64,"column":16},"end":{"line":64,"column":30}},"33":{"start":{"line":66,"column":4},"end":{"line":71,"column":5}},"34":{"start":{"line":67,"column":23},"end":{"line":67,"column":47}},"35":{"start":{"line":68,"column":8},"end":{"line":68,"column":45}},"36":{"start":{"line":70,"column":8},"end":{"line":70,"column":22}},"37":{"start":{"line":74,"column":0},"end":{"line":83,"column":1}},"38":{"start":{"line":75,"column":16},"end":{"line":75,"column":30}},"39":{"start":{"line":77,"column":4},"end":{"line":82,"column":5}},"40":{"start":{"line":78,"column":23},"end":{"line":78,"column":52}},"41":{"start":{"line":79,"column":8},"end":{"line":79,"column":45}},"42":{"start":{"line":81,"column":8},"end":{"line":81,"column":34}},"43":{"start":{"line":85,"column":0},"end":{"line":94,"column":1}},"44":{"start":{"line":86,"column":16},"end":{"line":86,"column":30}},"45":{"start":{"line":88,"column":4},"end":{"line":93,"column":5}},"46":{"start":{"line":89,"column":23},"end":{"line":89,"column":60}},"47":{"start":{"line":90,"column":8},"end":{"line":90,"column":45}},"48":{"start":{"line":92,"column":8},"end":{"line":92,"column":34}},"49":{"start":{"line":99,"column":0},"end":{"line":114,"column":1}},"50":{"start":{"line":100,"column":25},"end":{"line":100,"column":39}},"51":{"start":{"line":101,"column":25},"end":{"line":101,"column":44}},"52":{"start":{"line":102,"column":19},"end":{"line":102,"column":34}},"53":{"start":{"line":103,"column":20},"end":{"line":103,"column":61}},"54":{"start":{"line":104,"column":4},"end":{"line":104,"column":42}},"55":{"start":{"line":106,"column":20},"end":{"line":106,"column":78}},"56":{"start":{"line":107,"column":4},"end":{"line":113,"column":7}},"57":{"start":{"line":108,"column":8},"end":{"line":108,"column":41}},"58":{"start":{"line":108,"column":17},"end":{"line":108,"column":41}},"59":{"start":{"line":109,"column":8},"end":{"line":109,"column":46}},"60":{"start":{"line":111,"column":18},"end":{"line":111,"column":48}},"61":{"start":{"line":112,"column":8},"end":{"line":112,"column":24}},"62":{"start":{"line":118,"column":0},"end":{"line":139,"column":1}},"63":{"start":{"line":119,"column":21},"end":{"line":119,"column":29}},"64":{"start":{"line":120,"column":4},"end":{"line":120,"column":24}},"65":{"start":{"line":122,"column":4},"end":{"line":126,"column":5}},"66":{"start":{"line":123,"column":8},"end":{"line":123,"column":40}},"67":{"start":{"line":125,"column":8},"end":{"line":125,"column":34}},"68":{"start":{"line":128,"column":20},"end":{"line":128,"column":78}},"69":{"start":{"line":129,"column":4},"end":{"line":138,"column":7}},"70":{"start":{"line":130,"column":8},"end":{"line":133,"column":9}},"71":{"start":{"line":131,"column":12},"end":{"line":131,"column":29}},"72":{"start":{"line":132,"column":12},"end":{"line":132,"column":38}},"73":{"start":{"line":135,"column":23},"end":{"line":135,"column":53}},"74":{"start":{"line":136,"column":8},"end":{"line":136,"column":38}},"75":{"start":{"line":137,"column":8},"end":{"line":137,"column":29}},"76":{"start":{"line":145,"column":0},"end":{"line":173,"column":1}},"77":{"start":{"line":146,"column":15},"end":{"line":146,"column":61}},"78":{"start":{"line":147,"column":21},"end":{"line":147,"column":29}},"79":{"start":{"line":148,"column":4},"end":{"line":148,"column":24}},"80":{"start":{"line":156,"column":16},"end":{"line":156,"column":45}},"81":{"start":{"line":157,"column":20},"end":{"line":159,"column":6}},"82":{"start":{"line":162,"column":20},"end":{"line":162,"column":78}},"83":{"start":{"line":163,"column":4},"end":{"line":172,"column":7}},"84":{"start":{"line":164,"column":8},"end":{"line":167,"column":9}},"85":{"start":{"line":165,"column":12},"end":{"line":165,"column":29}},"86":{"start":{"line":166,"column":12},"end":{"line":166,"column":38}},"87":{"start":{"line":169,"column":23},"end":{"line":169,"column":53}},"88":{"start":{"line":170,"column":8},"end":{"line":170,"column":38}},"89":{"start":{"line":171,"column":8},"end":{"line":171,"column":29}},"90":{"start":{"line":178,"column":0},"end":{"line":189,"column":1}},"91":{"start":{"line":179,"column":21},"end":{"line":179,"column":29}},"92":{"start":{"line":180,"column":4},"end":{"line":180,"column":26}},"93":{"start":{"line":181,"column":4},"end":{"line":188,"column":5}},"94":{"start":{"line":184,"column":8},"end":{"line":184,"column":45}},"95":{"start":{"line":185,"column":8},"end":{"line":185,"column":28}},"96":{"start":{"line":187,"column":8},"end":{"line":187,"column":34}},"97":{"start":{"line":195,"column":0},"end":{"line":207,"column":1}},"98":{"start":{"line":196,"column":20},"end":{"line":196,"column":28}},"99":{"start":{"line":199,"column":4},"end":{"line":199,"column":30}},"100":{"start":{"line":201,"column":4},"end":{"line":206,"column":5}},"101":{"start":{"line":202,"column":8},"end":{"line":202,"column":44}},"102":{"start":{"line":203,"column":8},"end":{"line":203,"column":26}},"103":{"start":{"line":205,"column":8},"end":{"line":205,"column":24}},"104":{"start":{"line":208,"column":0},"end":{"line":217,"column":1}},"105":{"start":{"line":209,"column":16},"end":{"line":209,"column":27}},"106":{"start":{"line":210,"column":4},"end":{"line":216,"column":5}},"107":{"start":{"line":211,"column":23},"end":{"line":211,"column":57}},"108":{"start":{"line":212,"column":21},"end":{"line":212,"column":62}},"109":{"start":{"line":213,"column":8},"end":{"line":213,"column":23}},"110":{"start":{"line":215,"column":8},"end":{"line":215,"column":34}},"111":{"start":{"line":219,"column":0},"end":{"line":262,"column":1}},"112":{"start":{"line":220,"column":4},"end":{"line":220,"column":32}},"113":{"start":{"line":221,"column":21},"end":{"line":221,"column":45}},"114":{"start":{"line":248,"column":4},"end":{"line":261,"column":7}},"115":{"start":{"line":249,"column":24},"end":{"line":249,"column":54}},"116":{"start":{"line":250,"column":25},"end":{"line":250,"column":52}},"117":{"start":{"line":251,"column":8},"end":{"line":260,"column":11}},"118":{"start":{"line":252,"column":12},"end":{"line":259,"column":13}},"119":{"start":{"line":253,"column":32},"end":{"line":253,"column":66}},"120":{"start":{"line":254,"column":16},"end":{"line":254,"column":77}},"121":{"start":{"line":255,"column":16},"end":{"line":258,"column":17}},"122":{"start":{"line":256,"column":20},"end":{"line":256,"column":56}},"123":{"start":{"line":257,"column":20},"end":{"line":257,"column":47}}},"fnMap":{"0":{"name":"(anonymous_0)","decl":{"start":{"line":20,"column":24},"end":{"line":20,"column":25}},"loc":{"start":{"line":20,"column":44},"end":{"line":37,"column":1}},"line":20},"1":{"name":"(anonymous_1)","decl":{"start":{"line":42,"column":17},"end":{"line":42,"column":18}},"loc":{"start":{"line":42,"column":37},"end":{"line":52,"column":1}},"line":42},"2":{"name":"(anonymous_2)","decl":{"start":{"line":54,"column":25},"end":{"line":54,"column":26}},"loc":{"start":{"line":54,"column":45},"end":{"line":61,"column":1}},"line":54},"3":{"name":"(anonymous_3)","decl":{"start":{"line":63,"column":16},"end":{"line":63,"column":17}},"loc":{"start":{"line":63,"column":36},"end":{"line":72,"column":1}},"line":63},"4":{"name":"(anonymous_4)","decl":{"start":{"line":74,"column":21},"end":{"line":74,"column":22}},"loc":{"start":{"line":74,"column":41},"end":{"line":83,"column":1}},"line":74},"5":{"name":"(anonymous_5)","decl":{"start":{"line":85,"column":29},"end":{"line":85,"column":30}},"loc":{"start":{"line":85,"column":49},"end":{"line":94,"column":1}},"line":85},"6":{"name":"(anonymous_6)","decl":{"start":{"line":99,"column":19},"end":{"line":99,"column":20}},"loc":{"start":{"line":99,"column":39},"end":{"line":114,"column":1}},"line":99},"7":{"name":"(anonymous_7)","decl":{"start":{"line":107,"column":38},"end":{"line":107,"column":39}},"loc":{"start":{"line":107,"column":52},"end":{"line":113,"column":5}},"line":107},"8":{"name":"(anonymous_8)","decl":{"start":{"line":118,"column":27},"end":{"line":118,"column":28}},"loc":{"start":{"line":118,"column":47},"end":{"line":139,"column":1}},"line":118},"9":{"name":"(anonymous_9)","decl":{"start":{"line":129,"column":55},"end":{"line":129,"column":56}},"loc":{"start":{"line":129,"column":69},"end":{"line":138,"column":5}},"line":129},"10":{"name":"(anonymous_10)","decl":{"start":{"line":145,"column":21},"end":{"line":145,"column":22}},"loc":{"start":{"line":145,"column":41},"end":{"line":173,"column":1}},"line":145},"11":{"name":"(anonymous_11)","decl":{"start":{"line":163,"column":38},"end":{"line":163,"column":39}},"loc":{"start":{"line":163,"column":52},"end":{"line":172,"column":5}},"line":163},"12":{"name":"(anonymous_12)","decl":{"start":{"line":178,"column":17},"end":{"line":178,"column":18}},"loc":{"start":{"line":178,"column":37},"end":{"line":189,"column":1}},"line":178},"13":{"name":"(anonymous_13)","decl":{"start":{"line":195,"column":19},"end":{"line":195,"column":20}},"loc":{"start":{"line":195,"column":39},"end":{"line":207,"column":1}},"line":195},"14":{"name":"(anonymous_14)","decl":{"start":{"line":208,"column":18},"end":{"line":208,"column":19}},"loc":{"start":{"line":208,"column":38},"end":{"line":217,"column":1}},"line":208},"15":{"name":"(anonymous_15)","decl":{"start":{"line":248,"column":43},"end":{"line":248,"column":44}},"loc":{"start":{"line":248,"column":55},"end":{"line":261,"column":5}},"line":248},"16":{"name":"(anonymous_16)","decl":{"start":{"line":251,"column":25},"end":{"line":251,"column":26}},"loc":{"start":{"line":251,"column":32},"end":{"line":260,"column":9}},"line":251}},"branchMap":{"0":{"loc":{"start":{"line":108,"column":8},"end":{"line":108,"column":41}},"type":"if","locations":[{"start":{"line":108,"column":8},"end":{"line":108,"column":41}},{"start":{"line":108,"column":8},"end":{"line":108,"column":41}}],"line":108},"1":{"loc":{"start":{"line":130,"column":8},"end":{"line":133,"column":9}},"type":"if","locations":[{"start":{"line":130,"column":8},"end":{"line":133,"column":9}},{"start":{"line":130,"column":8},"end":{"line":133,"column":9}}],"line":130},"2":{"loc":{"start":{"line":146,"column":15},"end":{"line":146,"column":61}},"type":"binary-expr","locations":[{"start":{"line":146,"column":15},"end":{"line":146,"column":34}},{"start":{"line":146,"column":38},"end":{"line":146,"column":61}}],"line":146},"3":{"loc":{"start":{"line":164,"column":8},"end":{"line":167,"column":9}},"type":"if","locations":[{"start":{"line":164,"column":8},"end":{"line":167,"column":9}},{"start":{"line":164,"column":8},"end":{"line":167,"column":9}}],"line":164},"4":{"loc":{"start":{"line":219,"column":0},"end":{"line":262,"column":1}},"type":"if","locations":[{"start":{"line":219,"column":0},"end":{"line":262,"column":1}},{"start":{"line":219,"column":0},"end":{"line":262,"column":1}}],"line":219},"5":{"loc":{"start":{"line":252,"column":12},"end":{"line":259,"column":13}},"type":"if","locations":[{"start":{"line":252,"column":12},"end":{"line":259,"column":13}},{"start":{"line":252,"column":12},"end":{"line":259,"column":13}}],"line":252},"6":{"loc":{"start":{"line":255,"column":16},"end":{"line":258,"column":17}},"type":"if","locations":[{"start":{"line":255,"column":16},"end":{"line":258,"column":17}},{"start":{"line":255,"column":16},"end":{"line":258,"column":17}}],"line":255}},"s":{"0":1,"1":1,"2":1,"3":1,"4":1,"5":1,"6":1,"7":1,"8":1,"9":1,"10":1,"11":1,"12":1,"13":1,"14":1,"15":1,"16":1,"17":1,"18":0,"19":1,"20":0,"21":0,"22":0,"23":0,"24":0,"25":0,"26":1,"27":0,"28":0,"29":0,"30":0,"31":1,"32":0,"33":0,"34":0,"35":0,"36":0,"37":1,"38":0,"39":0,"40":0,"41":0,"42":0,"43":1,"44":0,"45":0,"46":0,"47":0,"48":0,"49":1,"50":0,"51":0,"52":0,"53":0,"54":0,"55":0,"56":0,"57":0,"58":0,"59":0,"60":0,"61":0,"62":1,"63":0,"64":0,"65":0,"66":0,"67":0,"68":0,"69":0,"70":0,"71":0,"72":0,"73":0,"74":0,"75":0,"76":1,"77":0,"78":0,"79":0,"80":0,"81":0,"82":0,"83":0,"84":0,"85":0,"86":0,"87":0,"88":0,"89":0,"90":1,"91":0,"92":0,"93":0,"94":0,"95":0,"96":0,"97":1,"98":0,"99":0,"100":0,"101":0,"102":0,"103":0,"104":1,"105":0,"106":0,"107":0,"108":0,"109":0,"110":0,"111":1,"112":0,"113":0,"114":0,"115":0,"116":0,"117":0,"118":0,"119":0,"120":0,"121":0,"122":0,"123":0},"f":{"0":1,"1":0,"2":0,"3":0,"4":0,"5":0,"6":0,"7":0,"8":0,"9":0,"10":0,"11":0,"12":0,"13":0,"14":0,"15":0,"16":0},"b":{"0":[0,0],"1":[0,0],"2":[0,0],"3":[0,0],"4":[0,1],"5":[0,0],"6":[0,0]},"_coverageSchema":"43e27e138ebf9cfc5966b082cf9a028302ed4184","hash":"d2235b150f03b785707e6b4aad58f9c70e3b9524"}
,"/home/sumrid/project/api/api_v1/src/main.js": {"path":"/home/sumrid/project/api/api_v1/src/main.js","statementMap":{"0":{"start":{"line":1,"column":16},"end":{"line":1,"column":34}},"1":{"start":{"line":2,"column":19},"end":{"line":2,"column":41}},"2":{"start":{"line":3,"column":13},"end":{"line":3,"column":28}},"3":{"start":{"line":4,"column":15},"end":{"line":4,"column":32}},"4":{"start":{"line":9,"column":15},"end":{"line":9,"column":24}},"5":{"start":{"line":10,"column":17},"end":{"line":10,"column":26}},"6":{"start":{"line":11,"column":13},"end":{"line":11,"column":17}},"7":{"start":{"line":14,"column":0},"end":{"line":14,"column":19}},"8":{"start":{"line":15,"column":0},"end":{"line":15,"column":29}},"9":{"start":{"line":16,"column":0},"end":{"line":16,"column":78}},"10":{"start":{"line":17,"column":0},"end":{"line":17,"column":31}},"11":{"start":{"line":20,"column":0},"end":{"line":20,"column":40}},"12":{"start":{"line":23,"column":0},"end":{"line":25,"column":3}},"13":{"start":{"line":24,"column":4},"end":{"line":24,"column":62}},"14":{"start":{"line":27,"column":0},"end":{"line":27,"column":24}}},"fnMap":{"0":{"name":"(anonymous_0)","decl":{"start":{"line":23,"column":30},"end":{"line":23,"column":31}},"loc":{"start":{"line":23,"column":36},"end":{"line":25,"column":1}},"line":23}},"branchMap":{},"s":{"0":1,"1":1,"2":1,"3":1,"4":1,"5":1,"6":1,"7":1,"8":1,"9":1,"10":1,"11":1,"12":1,"13":1,"14":1},"f":{"0":1},"b":{},"_coverageSchema":"43e27e138ebf9cfc5966b082cf9a028302ed4184","hash":"d56771ff50bcc80ad408b28d845ab4ce9a74dc02"}
,"/home/sumrid/project/api/api_v1/src/router.js": {"path":"/home/sumrid/project/api/api_v1/src/router.js","statementMap":{"0":{"start":{"line":1,"column":16},"end":{"line":1,"column":34}},"1":{"start":{"line":2,"column":15},"end":{"line":2,"column":31}},"2":{"start":{"line":3,"column":19},"end":{"line":3,"column":42}},"3":{"start":{"line":5,"column":0},"end":{"line":5,"column":50}},"4":{"start":{"line":6,"column":0},"end":{"line":6,"column":50}},"5":{"start":{"line":7,"column":0},"end":{"line":7,"column":50}},"6":{"start":{"line":8,"column":0},"end":{"line":8,"column":44}},"7":{"start":{"line":9,"column":0},"end":{"line":9,"column":59}},"8":{"start":{"line":10,"column":0},"end":{"line":10,"column":69}},"9":{"start":{"line":12,"column":0},"end":{"line":12,"column":55}},"10":{"start":{"line":13,"column":0},"end":{"line":13,"column":57}},"11":{"start":{"line":14,"column":0},"end":{"line":14,"column":66}},"12":{"start":{"line":15,"column":0},"end":{"line":15,"column":60}},"13":{"start":{"line":17,"column":0},"end":{"line":17,"column":42}},"14":{"start":{"line":18,"column":0},"end":{"line":18,"column":44}},"15":{"start":{"line":19,"column":0},"end":{"line":21,"column":3}},"16":{"start":{"line":20,"column":4},"end":{"line":20,"column":39}},"17":{"start":{"line":23,"column":0},"end":{"line":23,"column":24}}},"fnMap":{"0":{"name":"(anonymous_0)","decl":{"start":{"line":19,"column":16},"end":{"line":19,"column":17}},"loc":{"start":{"line":19,"column":30},"end":{"line":21,"column":1}},"line":19}},"branchMap":{},"s":{"0":1,"1":1,"2":1,"3":1,"4":1,"5":1,"6":1,"7":1,"8":1,"9":1,"10":1,"11":1,"12":1,"13":1,"14":1,"15":1,"16":1,"17":1},"f":{"0":1},"b":{},"_coverageSchema":"43e27e138ebf9cfc5966b082cf9a028302ed4184","hash":"afbb0b6b61678df87f3a2f161b94ebe8fac496a3"}
,"/home/sumrid/project/api/api_v1/src/service.firebase.js": {"path":"/home/sumrid/project/api/api_v1/src/service.firebase.js","statementMap":{"0":{"start":{"line":2,"column":0},"end":{"line":2,"column":34}},"1":{"start":{"line":4,"column":14},"end":{"line":4,"column":39}},"2":{"start":{"line":5,"column":11},"end":{"line":5,"column":28}},"3":{"start":{"line":6,"column":26},"end":{"line":6,"column":51}},"4":{"start":{"line":7,"column":21},"end":{"line":7,"column":40}},"5":{"start":{"line":9,"column":15},"end":{"line":9,"column":32}},"6":{"start":{"line":10,"column":24},"end":{"line":10,"column":45}},"7":{"start":{"line":12,"column":0},"end":{"line":25,"column":1}},"8":{"start":{"line":13,"column":4},"end":{"line":13,"column":46}},"9":{"start":{"line":16,"column":20},"end":{"line":16,"column":69}},"10":{"start":{"line":17,"column":4},"end":{"line":17,"column":42}},"11":{"start":{"line":18,"column":4},"end":{"line":18,"column":30}},"12":{"start":{"line":20,"column":4},"end":{"line":24,"column":5}},"13":{"start":{"line":21,"column":8},"end":{"line":21,"column":61}},"14":{"start":{"line":23,"column":8},"end":{"line":23,"column":18}},"15":{"start":{"line":27,"column":0},"end":{"line":30,"column":1}},"16":{"start":{"line":28,"column":4},"end":{"line":28,"column":45}},"17":{"start":{"line":29,"column":4},"end":{"line":29,"column":20}},"18":{"start":{"line":32,"column":0},"end":{"line":39,"column":1}},"19":{"start":{"line":33,"column":4},"end":{"line":38,"column":5}},"20":{"start":{"line":34,"column":23},"end":{"line":34,"column":61}},"21":{"start":{"line":35,"column":8},"end":{"line":35,"column":29}},"22":{"start":{"line":37,"column":8},"end":{"line":37,"column":18}},"23":{"start":{"line":44,"column":0},"end":{"line":50,"column":1}},"24":{"start":{"line":45,"column":4},"end":{"line":49,"column":5}},"25":{"start":{"line":46,"column":8},"end":{"line":46,"column":58}},"26":{"start":{"line":48,"column":8},"end":{"line":48,"column":18}},"27":{"start":{"line":51,"column":0},"end":{"line":57,"column":1}},"28":{"start":{"line":52,"column":4},"end":{"line":56,"column":5}},"29":{"start":{"line":53,"column":8},"end":{"line":53,"column":44}},"30":{"start":{"line":55,"column":8},"end":{"line":55,"column":18}}},"fnMap":{"0":{"name":"(anonymous_0)","decl":{"start":{"line":12,"column":22},"end":{"line":12,"column":23}},"loc":{"start":{"line":12,"column":41},"end":{"line":25,"column":1}},"line":12},"1":{"name":"(anonymous_1)","decl":{"start":{"line":27,"column":21},"end":{"line":27,"column":22}},"loc":{"start":{"line":27,"column":33},"end":{"line":30,"column":1}},"line":27},"2":{"name":"(anonymous_2)","decl":{"start":{"line":32,"column":25},"end":{"line":32,"column":26}},"loc":{"start":{"line":32,"column":40},"end":{"line":39,"column":1}},"line":32},"3":{"name":"(anonymous_3)","decl":{"start":{"line":44,"column":17},"end":{"line":44,"column":18}},"loc":{"start":{"line":44,"column":37},"end":{"line":50,"column":1}},"line":44},"4":{"name":"(anonymous_4)","decl":{"start":{"line":51,"column":19},"end":{"line":51,"column":20}},"loc":{"start":{"line":51,"column":33},"end":{"line":57,"column":1}},"line":51}},"branchMap":{},"s":{"0":1,"1":1,"2":1,"3":1,"4":1,"5":1,"6":1,"7":1,"8":0,"9":0,"10":0,"11":0,"12":0,"13":0,"14":0,"15":1,"16":0,"17":0,"18":1,"19":0,"20":0,"21":0,"22":0,"23":1,"24":0,"25":0,"26":0,"27":1,"28":0,"29":0,"30":0},"f":{"0":0,"1":0,"2":0,"3":0,"4":0},"b":{},"_coverageSchema":"43e27e138ebf9cfc5966b082cf9a028302ed4184","hash":"7acd176bedaa219c0fee1c6019b6484cea70bcef"}
,"/home/sumrid/project/api/api_v1/src/service.js": {"path":"/home/sumrid/project/api/api_v1/src/service.js","statementMap":{"0":{"start":{"line":1,"column":38},"end":{"line":1,"column":63}},"1":{"start":{"line":2,"column":11},"end":{"line":2,"column":24}},"2":{"start":{"line":3,"column":13},"end":{"line":3,"column":28}},"3":{"start":{"line":6,"column":16},"end":{"line":6,"column":65}},"4":{"start":{"line":7,"column":16},"end":{"line":7,"column":70}},"5":{"start":{"line":8,"column":16},"end":{"line":8,"column":48}},"6":{"start":{"line":9,"column":12},"end":{"line":9,"column":31}},"7":{"start":{"line":13,"column":19},"end":{"line":13,"column":50}},"8":{"start":{"line":14,"column":15},"end":{"line":14,"column":47}},"9":{"start":{"line":15,"column":0},"end":{"line":15,"column":42}},"10":{"start":{"line":17,"column":13},"end":{"line":17,"column":20}},"11":{"start":{"line":19,"column":17},"end":{"line":19,"column":24}},"12":{"start":{"line":20,"column":18},"end":{"line":20,"column":26}},"13":{"start":{"line":21,"column":23},"end":{"line":21,"column":35}},"14":{"start":{"line":22,"column":25},"end":{"line":22,"column":39}},"15":{"start":{"line":23,"column":26},"end":{"line":23,"column":41}},"16":{"start":{"line":24,"column":26},"end":{"line":24,"column":44}},"17":{"start":{"line":25,"column":30},"end":{"line":25,"column":50}},"18":{"start":{"line":26,"column":16},"end":{"line":26,"column":29}},"19":{"start":{"line":27,"column":17},"end":{"line":27,"column":30}},"20":{"start":{"line":30,"column":4},"end":{"line":46,"column":5}},"21":{"start":{"line":32,"column":27},"end":{"line":32,"column":52}},"22":{"start":{"line":33,"column":8},"end":{"line":37,"column":9}},"23":{"start":{"line":34,"column":12},"end":{"line":34,"column":89}},"24":{"start":{"line":35,"column":12},"end":{"line":35,"column":79}},"25":{"start":{"line":36,"column":12},"end":{"line":36,"column":95}},"26":{"start":{"line":40,"column":24},"end":{"line":40,"column":37}},"27":{"start":{"line":41,"column":8},"end":{"line":41,"column":94}},"28":{"start":{"line":42,"column":8},"end":{"line":42,"column":23}},"29":{"start":{"line":44,"column":8},"end":{"line":44,"column":66}},"30":{"start":{"line":45,"column":8},"end":{"line":45,"column":18}},"31":{"start":{"line":51,"column":4},"end":{"line":60,"column":5}},"32":{"start":{"line":52,"column":24},"end":{"line":52,"column":46}},"33":{"start":{"line":54,"column":24},"end":{"line":54,"column":57}},"34":{"start":{"line":56,"column":8},"end":{"line":56,"column":45}},"35":{"start":{"line":58,"column":8},"end":{"line":58,"column":66}},"36":{"start":{"line":59,"column":8},"end":{"line":59,"column":20}},"37":{"start":{"line":64,"column":4},"end":{"line":70,"column":5}},"38":{"start":{"line":65,"column":24},"end":{"line":65,"column":46}},"39":{"start":{"line":66,"column":24},"end":{"line":66,"column":61}},"40":{"start":{"line":67,"column":8},"end":{"line":67,"column":36}},"41":{"start":{"line":69,"column":8},"end":{"line":69,"column":18}},"42":{"start":{"line":76,"column":0},"end":{"line":85,"column":1}},"43":{"start":{"line":77,"column":4},"end":{"line":84,"column":5}},"44":{"start":{"line":78,"column":25},"end":{"line":78,"column":48}},"45":{"start":{"line":79,"column":23},"end":{"line":79,"column":72}},"46":{"start":{"line":80,"column":8},"end":{"line":80,"column":22}},"47":{"start":{"line":82,"column":8},"end":{"line":82,"column":27}},"48":{"start":{"line":83,"column":8},"end":{"line":83,"column":18}},"49":{"start":{"line":87,"column":0},"end":{"line":106,"column":1}},"50":{"start":{"line":88,"column":4},"end":{"line":105,"column":5}},"51":{"start":{"line":89,"column":25},"end":{"line":89,"column":48}},"52":{"start":{"line":90,"column":23},"end":{"line":99,"column":32}},"53":{"start":{"line":101,"column":8},"end":{"line":101,"column":22}},"54":{"start":{"line":103,"column":8},"end":{"line":103,"column":27}},"55":{"start":{"line":104,"column":8},"end":{"line":104,"column":18}},"56":{"start":{"line":108,"column":0},"end":{"line":122,"column":1}},"57":{"start":{"line":109,"column":4},"end":{"line":121,"column":5}},"58":{"start":{"line":110,"column":25},"end":{"line":110,"column":48}},"59":{"start":{"line":111,"column":8},"end":{"line":117,"column":9}},"60":{"start":{"line":119,"column":8},"end":{"line":119,"column":27}},"61":{"start":{"line":120,"column":8},"end":{"line":120,"column":18}},"62":{"start":{"line":124,"column":0},"end":{"line":133,"column":1}},"63":{"start":{"line":125,"column":4},"end":{"line":132,"column":5}},"64":{"start":{"line":126,"column":25},"end":{"line":126,"column":48}},"65":{"start":{"line":127,"column":23},"end":{"line":127,"column":78}},"66":{"start":{"line":128,"column":8},"end":{"line":128,"column":22}},"67":{"start":{"line":130,"column":8},"end":{"line":130,"column":27}},"68":{"start":{"line":131,"column":8},"end":{"line":131,"column":18}},"69":{"start":{"line":135,"column":0},"end":{"line":144,"column":1}},"70":{"start":{"line":136,"column":4},"end":{"line":143,"column":5}},"71":{"start":{"line":137,"column":25},"end":{"line":137,"column":48}},"72":{"start":{"line":138,"column":23},"end":{"line":138,"column":85}},"73":{"start":{"line":139,"column":8},"end":{"line":139,"column":22}},"74":{"start":{"line":141,"column":8},"end":{"line":141,"column":27}},"75":{"start":{"line":142,"column":8},"end":{"line":142,"column":18}},"76":{"start":{"line":146,"column":0},"end":{"line":155,"column":1}},"77":{"start":{"line":147,"column":4},"end":{"line":154,"column":5}},"78":{"start":{"line":148,"column":25},"end":{"line":148,"column":48}},"79":{"start":{"line":149,"column":23},"end":{"line":149,"column":76}},"80":{"start":{"line":150,"column":8},"end":{"line":150,"column":22}},"81":{"start":{"line":152,"column":8},"end":{"line":152,"column":27}},"82":{"start":{"line":153,"column":8},"end":{"line":153,"column":18}},"83":{"start":{"line":157,"column":0},"end":{"line":166,"column":1}},"84":{"start":{"line":158,"column":4},"end":{"line":165,"column":5}},"85":{"start":{"line":159,"column":25},"end":{"line":159,"column":48}},"86":{"start":{"line":160,"column":23},"end":{"line":160,"column":78}},"87":{"start":{"line":161,"column":8},"end":{"line":161,"column":22}},"88":{"start":{"line":163,"column":8},"end":{"line":163,"column":27}},"89":{"start":{"line":164,"column":8},"end":{"line":164,"column":18}},"90":{"start":{"line":171,"column":0},"end":{"line":258,"column":1}},"91":{"start":{"line":172,"column":4},"end":{"line":257,"column":5}},"92":{"start":{"line":174,"column":24},"end":{"line":174,"column":46}},"93":{"start":{"line":175,"column":24},"end":{"line":175,"column":57}},"94":{"start":{"line":176,"column":24},"end":{"line":176,"column":44}},"95":{"start":{"line":177,"column":23},"end":{"line":177,"column":42}},"96":{"start":{"line":180,"column":21},"end":{"line":180,"column":46}},"97":{"start":{"line":181,"column":28},"end":{"line":181,"column":51}},"98":{"start":{"line":182,"column":24},"end":{"line":189,"column":9}},"99":{"start":{"line":192,"column":24},"end":{"line":192,"column":70}},"100":{"start":{"line":195,"column":32},"end":{"line":195,"column":42}},"101":{"start":{"line":196,"column":23},"end":{"line":196,"column":33}},"102":{"start":{"line":197,"column":29},"end":{"line":197,"column":34}},"103":{"start":{"line":198,"column":8},"end":{"line":203,"column":9}},"104":{"start":{"line":199,"column":12},"end":{"line":199,"column":34}},"105":{"start":{"line":200,"column":12},"end":{"line":200,"column":57}},"106":{"start":{"line":202,"column":12},"end":{"line":202,"column":58}},"107":{"start":{"line":206,"column":8},"end":{"line":251,"column":9}},"108":{"start":{"line":207,"column":27},"end":{"line":207,"column":29}},"109":{"start":{"line":211,"column":28},"end":{"line":211,"column":63}},"110":{"start":{"line":212,"column":12},"end":{"line":237,"column":15}},"111":{"start":{"line":213,"column":16},"end":{"line":213,"column":38}},"112":{"start":{"line":214,"column":35},"end":{"line":234,"column":18}},"113":{"start":{"line":216,"column":24},"end":{"line":216,"column":54}},"114":{"start":{"line":217,"column":24},"end":{"line":217,"column":64}},"115":{"start":{"line":218,"column":24},"end":{"line":218,"column":46}},"116":{"start":{"line":219,"column":24},"end":{"line":219,"column":33}},"117":{"start":{"line":221,"column":39},"end":{"line":221,"column":69}},"118":{"start":{"line":225,"column":20},"end":{"line":231,"column":23}},"119":{"start":{"line":226,"column":24},"end":{"line":226,"column":51}},"120":{"start":{"line":227,"column":24},"end":{"line":227,"column":64}},"121":{"start":{"line":229,"column":24},"end":{"line":229,"column":74}},"122":{"start":{"line":230,"column":24},"end":{"line":230,"column":45}},"123":{"start":{"line":233,"column":20},"end":{"line":233,"column":39}},"124":{"start":{"line":236,"column":16},"end":{"line":236,"column":44}},"125":{"start":{"line":240,"column":30},"end":{"line":244,"column":13}},"126":{"start":{"line":245,"column":32},"end":{"line":245,"column":66}},"127":{"start":{"line":246,"column":12},"end":{"line":246,"column":39}},"128":{"start":{"line":248,"column":12},"end":{"line":248,"column":41}},"129":{"start":{"line":250,"column":12},"end":{"line":250,"column":72}},"130":{"start":{"line":255,"column":8},"end":{"line":255,"column":27}},"131":{"start":{"line":256,"column":8},"end":{"line":256,"column":18}},"132":{"start":{"line":264,"column":0},"end":{"line":273,"column":1}},"133":{"start":{"line":265,"column":4},"end":{"line":272,"column":5}},"134":{"start":{"line":266,"column":25},"end":{"line":266,"column":48}},"135":{"start":{"line":267,"column":23},"end":{"line":267,"column":80}},"136":{"start":{"line":268,"column":8},"end":{"line":268,"column":22}},"137":{"start":{"line":270,"column":8},"end":{"line":270,"column":27}},"138":{"start":{"line":271,"column":8},"end":{"line":271,"column":18}}},"fnMap":{"0":{"name":"getGateway","decl":{"start":{"line":29,"column":15},"end":{"line":29,"column":25}},"loc":{"start":{"line":29,"column":32},"end":{"line":47,"column":1}},"line":29},"1":{"name":"getContract","decl":{"start":{"line":50,"column":15},"end":{"line":50,"column":26}},"loc":{"start":{"line":50,"column":33},"end":{"line":61,"column":1}},"line":50},"2":{"name":"getChannel","decl":{"start":{"line":63,"column":15},"end":{"line":63,"column":25}},"loc":{"start":{"line":63,"column":45},"end":{"line":71,"column":1}},"line":63},"3":{"name":"(anonymous_3)","decl":{"start":{"line":76,"column":16},"end":{"line":76,"column":17}},"loc":{"start":{"line":76,"column":31},"end":{"line":85,"column":1}},"line":76},"4":{"name":"(anonymous_4)","decl":{"start":{"line":87,"column":24},"end":{"line":87,"column":25}},"loc":{"start":{"line":87,"column":43},"end":{"line":106,"column":1}},"line":87},"5":{"name":"(anonymous_5)","decl":{"start":{"line":108,"column":17},"end":{"line":108,"column":18}},"loc":{"start":{"line":108,"column":37},"end":{"line":122,"column":1}},"line":108},"6":{"name":"(anonymous_6)","decl":{"start":{"line":124,"column":21},"end":{"line":124,"column":22}},"loc":{"start":{"line":124,"column":36},"end":{"line":133,"column":1}},"line":124},"7":{"name":"(anonymous_7)","decl":{"start":{"line":135,"column":29},"end":{"line":135,"column":30}},"loc":{"start":{"line":135,"column":44},"end":{"line":144,"column":1}},"line":135},"8":{"name":"(anonymous_8)","decl":{"start":{"line":146,"column":25},"end":{"line":146,"column":26}},"loc":{"start":{"line":146,"column":37},"end":{"line":155,"column":1}},"line":146},"9":{"name":"(anonymous_9)","decl":{"start":{"line":157,"column":23},"end":{"line":157,"column":24}},"loc":{"start":{"line":157,"column":38},"end":{"line":166,"column":1}},"line":157},"10":{"name":"(anonymous_10)","decl":{"start":{"line":171,"column":15},"end":{"line":171,"column":16}},"loc":{"start":{"line":171,"column":27},"end":{"line":258,"column":1}},"line":171},"11":{"name":"(anonymous_11)","decl":{"start":{"line":212,"column":30},"end":{"line":212,"column":31}},"loc":{"start":{"line":212,"column":44},"end":{"line":237,"column":13}},"line":212},"12":{"name":"(anonymous_12)","decl":{"start":{"line":214,"column":47},"end":{"line":214,"column":48}},"loc":{"start":{"line":214,"column":68},"end":{"line":234,"column":17}},"line":214},"13":{"name":"whenTimeout","decl":{"start":{"line":215,"column":29},"end":{"line":215,"column":40}},"loc":{"start":{"line":215,"column":43},"end":{"line":220,"column":21}},"line":215},"14":{"name":"(anonymous_14)","decl":{"start":{"line":225,"column":58},"end":{"line":225,"column":59}},"loc":{"start":{"line":225,"column":75},"end":{"line":231,"column":21}},"line":225},"15":{"name":"(anonymous_15)","decl":{"start":{"line":264,"column":17},"end":{"line":264,"column":18}},"loc":{"start":{"line":264,"column":40},"end":{"line":273,"column":1}},"line":264}},"branchMap":{"0":{"loc":{"start":{"line":6,"column":16},"end":{"line":6,"column":65}},"type":"binary-expr","locations":[{"start":{"line":6,"column":16},"end":{"line":6,"column":43}},{"start":{"line":6,"column":47},"end":{"line":6,"column":65}}],"line":6},"1":{"loc":{"start":{"line":33,"column":8},"end":{"line":37,"column":9}},"type":"if","locations":[{"start":{"line":33,"column":8},"end":{"line":37,"column":9}},{"start":{"line":33,"column":8},"end":{"line":37,"column":9}}],"line":33},"2":{"loc":{"start":{"line":198,"column":8},"end":{"line":203,"column":9}},"type":"if","locations":[{"start":{"line":198,"column":8},"end":{"line":203,"column":9}},{"start":{"line":198,"column":8},"end":{"line":203,"column":9}}],"line":198},"3":{"loc":{"start":{"line":198,"column":12},"end":{"line":198,"column":110}},"type":"binary-expr","locations":[{"start":{"line":198,"column":12},"end":{"line":198,"column":29}},{"start":{"line":198,"column":33},"end":{"line":198,"column":62}},{"start":{"line":198,"column":66},"end":{"line":198,"column":110}}],"line":198},"4":{"loc":{"start":{"line":206,"column":8},"end":{"line":251,"column":9}},"type":"if","locations":[{"start":{"line":206,"column":8},"end":{"line":251,"column":9}},{"start":{"line":206,"column":8},"end":{"line":251,"column":9}}],"line":206}},"s":{"0":1,"1":1,"2":1,"3":1,"4":1,"5":1,"6":1,"7":1,"8":1,"9":1,"10":1,"11":1,"12":1,"13":1,"14":1,"15":1,"16":1,"17":1,"18":1,"19":1,"20":0,"21":0,"22":0,"23":0,"24":0,"25":0,"26":0,"27":0,"28":0,"29":0,"30":0,"31":0,"32":0,"33":0,"34":0,"35":0,"36":0,"37":0,"38":0,"39":0,"40":0,"41":0,"42":1,"43":0,"44":0,"45":0,"46":0,"47":0,"48":0,"49":1,"50":0,"51":0,"52":0,"53":0,"54":0,"55":0,"56":1,"57":0,"58":0,"59":0,"60":0,"61":0,"62":1,"63":0,"64":0,"65":0,"66":0,"67":0,"68":0,"69":1,"70":0,"71":0,"72":0,"73":0,"74":0,"75":0,"76":1,"77":0,"78":0,"79":0,"80":0,"81":0,"82":0,"83":1,"84":0,"85":0,"86":0,"87":0,"88":0,"89":0,"90":1,"91":0,"92":0,"93":0,"94":0,"95":0,"96":0,"97":0,"98":0,"99":0,"100":0,"101":0,"102":0,"103":0,"104":0,"105":0,"106":0,"107":0,"108":0,"109":0,"110":0,"111":0,"112":0,"113":0,"114":0,"115":0,"116":0,"117":0,"118":0,"119":0,"120":0,"121":0,"122":0,"123":0,"124":0,"125":0,"126":0,"127":0,"128":0,"129":0,"130":0,"131":0,"132":1,"133":0,"134":0,"135":0,"136":0,"137":0,"138":0},"f":{"0":0,"1":0,"2":0,"3":0,"4":0,"5":0,"6":0,"7":0,"8":0,"9":0,"10":0,"11":0,"12":0,"13":0,"14":0,"15":0},"b":{"0":[1,1],"1":[0,0],"2":[0,0],"3":[0,0,0],"4":[0,0]},"_coverageSchema":"43e27e138ebf9cfc5966b082cf9a028302ed4184","hash":"2da5d442027cd755ea14ca93986b36f5cc3dad14"}
,"/home/sumrid/project/api/api_v1/src/config/firebase.js": {"path":"/home/sumrid/project/api/api_v1/src/config/firebase.js","statementMap":{"0":{"start":{"line":1,"column":12},"end":{"line":1,"column":37}},"1":{"start":{"line":3,"column":21},"end":{"line":3,"column":47}},"2":{"start":{"line":5,"column":0},"end":{"line":8,"column":3}}},"fnMap":{},"branchMap":{},"s":{"0":1,"1":1,"2":1},"f":{},"b":{},"_coverageSchema":"43e27e138ebf9cfc5966b082cf9a028302ed4184","hash":"b280b3374d84d85634e321e031661d9b340ecf64"}
}
