TN:
SF:/home/sumrid/project/api/api_v1/src/controller.js
FN:20,(anonymous_0)
FN:42,(anonymous_1)
FN:54,(anonymous_2)
FN:63,(anonymous_3)
FN:74,(anonymous_4)
FN:85,(anonymous_5)
FN:99,(anonymous_6)
FN:107,(anonymous_7)
FN:118,(anonymous_8)
FN:129,(anonymous_9)
FN:145,(anonymous_10)
FN:163,(anonymous_11)
FN:178,(anonymous_12)
FN:195,(anonymous_13)
FN:208,(anonymous_14)
FN:248,(anonymous_15)
FN:251,(anonymous_16)
FNF:17
FNH:1
FNDA:1,(anonymous_0)
FNDA:0,(anonymous_1)
FNDA:0,(anonymous_2)
FNDA:0,(anonymous_3)
FNDA:0,(anonymous_4)
FNDA:0,(anonymous_5)
FNDA:0,(anonymous_6)
FNDA:0,(anonymous_7)
FNDA:0,(anonymous_8)
FNDA:0,(anonymous_9)
FNDA:0,(anonymous_10)
FNDA:0,(anonymous_11)
FNDA:0,(anonymous_12)
FNDA:0,(anonymous_13)
FNDA:0,(anonymous_14)
FNDA:0,(anonymous_15)
FNDA:0,(anonymous_16)
DA:1,1
DA:2,1
DA:3,1
DA:4,1
DA:5,1
DA:7,1
DA:8,1
DA:9,1
DA:10,1
DA:12,1
DA:20,1
DA:21,1
DA:25,1
DA:26,1
DA:29,1
DA:31,1
DA:32,1
DA:33,1
DA:35,0
DA:42,1
DA:43,0
DA:44,0
DA:46,0
DA:47,0
DA:48,0
DA:50,0
DA:54,1
DA:55,0
DA:56,0
DA:57,0
DA:59,0
DA:63,1
DA:64,0
DA:66,0
DA:67,0
DA:68,0
DA:70,0
DA:74,1
DA:75,0
DA:77,0
DA:78,0
DA:79,0
DA:81,0
DA:85,1
DA:86,0
DA:88,0
DA:89,0
DA:90,0
DA:92,0
DA:99,1
DA:100,0
DA:101,0
DA:102,0
DA:103,0
DA:104,0
DA:106,0
DA:107,0
DA:108,0
DA:109,0
DA:111,0
DA:112,0
DA:118,1
DA:119,0
DA:120,0
DA:122,0
DA:123,0
DA:125,0
DA:128,0
DA:129,0
DA:130,0
DA:131,0
DA:132,0
DA:135,0
DA:136,0
DA:137,0
DA:145,1
DA:146,0
DA:147,0
DA:148,0
DA:156,0
DA:157,0
DA:162,0
DA:163,0
DA:164,0
DA:165,0
DA:166,0
DA:169,0
DA:170,0
DA:171,0
DA:178,1
DA:179,0
DA:180,0
DA:181,0
DA:184,0
DA:185,0
DA:187,0
DA:195,1
DA:196,0
DA:199,0
DA:201,0
DA:202,0
DA:203,0
DA:205,0
DA:208,1
DA:209,0
DA:210,0
DA:211,0
DA:212,0
DA:213,0
DA:215,0
DA:219,1
DA:220,0
DA:221,0
DA:248,0
DA:249,0
DA:250,0
DA:251,0
DA:252,0
DA:253,0
DA:254,0
DA:255,0
DA:256,0
DA:257,0
LF:123
LH:30
BRDA:108,0,0,0
BRDA:108,0,1,0
BRDA:130,1,0,0
BRDA:130,1,1,0
BRDA:146,2,0,0
BRDA:146,2,1,0
BRDA:164,3,0,0
BRDA:164,3,1,0
BRDA:219,4,0,0
BRDA:219,4,1,1
BRDA:252,5,0,0
BRDA:252,5,1,0
BRDA:255,6,0,0
BRDA:255,6,1,0
BRF:14
BRH:1
end_of_record
TN:
SF:/home/sumrid/project/api/api_v1/src/main.js
FN:23,(anonymous_0)
FNF:1
FNH:1
FNDA:1,(anonymous_0)
DA:1,1
DA:2,1
DA:3,1
DA:4,1
DA:9,1
DA:10,1
DA:11,1
DA:14,1
DA:15,1
DA:16,1
DA:17,1
DA:20,1
DA:23,1
DA:24,1
DA:27,1
LF:15
LH:15
BRF:0
BRH:0
end_of_record
TN:
SF:/home/sumrid/project/api/api_v1/src/router.js
FN:19,(anonymous_0)
FNF:1
FNH:1
FNDA:1,(anonymous_0)
DA:1,1
DA:2,1
DA:3,1
DA:5,1
DA:6,1
DA:7,1
DA:8,1
DA:9,1
DA:10,1
DA:12,1
DA:13,1
DA:14,1
DA:15,1
DA:17,1
DA:18,1
DA:19,1
DA:20,1
DA:23,1
LF:18
LH:18
BRF:0
BRH:0
end_of_record
TN:
SF:/home/sumrid/project/api/api_v1/src/service.firebase.js
FN:12,(anonymous_0)
FN:27,(anonymous_1)
FN:32,(anonymous_2)
FN:44,(anonymous_3)
FN:51,(anonymous_4)
FNF:5
FNH:0
FNDA:0,(anonymous_0)
FNDA:0,(anonymous_1)
FNDA:0,(anonymous_2)
FNDA:0,(anonymous_3)
FNDA:0,(anonymous_4)
DA:2,1
DA:4,1
DA:5,1
DA:6,1
DA:7,1
DA:9,1
DA:10,1
DA:12,1
DA:13,0
DA:16,0
DA:17,0
DA:18,0
DA:20,0
DA:21,0
DA:23,0
DA:27,1
DA:28,0
DA:29,0
DA:32,1
DA:33,0
DA:34,0
DA:35,0
DA:37,0
DA:44,1
DA:45,0
DA:46,0
DA:48,0
DA:51,1
DA:52,0
DA:53,0
DA:55,0
LF:31
LH:12
BRF:0
BRH:0
end_of_record
TN:
SF:/home/sumrid/project/api/api_v1/src/service.js
FN:29,getGateway
FN:50,getContract
FN:63,getChannel
FN:76,(anonymous_3)
FN:87,(anonymous_4)
FN:108,(anonymous_5)
FN:124,(anonymous_6)
FN:135,(anonymous_7)
FN:146,(anonymous_8)
FN:157,(anonymous_9)
FN:171,(anonymous_10)
FN:212,(anonymous_11)
FN:214,(anonymous_12)
FN:215,whenTimeout
FN:225,(anonymous_14)
FN:264,(anonymous_15)
FNF:16
FNH:0
FNDA:0,getGateway
FNDA:0,getContract
FNDA:0,getChannel
FNDA:0,(anonymous_3)
FNDA:0,(anonymous_4)
FNDA:0,(anonymous_5)
FNDA:0,(anonymous_6)
FNDA:0,(anonymous_7)
FNDA:0,(anonymous_8)
FNDA:0,(anonymous_9)
FNDA:0,(anonymous_10)
FNDA:0,(anonymous_11)
FNDA:0,(anonymous_12)
FNDA:0,whenTimeout
FNDA:0,(anonymous_14)
FNDA:0,(anonymous_15)
DA:1,1
DA:2,1
DA:3,1
DA:6,1
DA:7,1
DA:8,1
DA:9,1
DA:13,1
DA:14,1
DA:15,1
DA:17,1
DA:19,1
DA:20,1
DA:21,1
DA:22,1
DA:23,1
DA:24,1
DA:25,1
DA:26,1
DA:27,1
DA:30,0
DA:32,0
DA:33,0
DA:34,0
DA:35,0
DA:36,0
DA:40,0
DA:41,0
DA:42,0
DA:44,0
DA:45,0
DA:51,0
DA:52,0
DA:54,0
DA:56,0
DA:58,0
DA:59,0
DA:64,0
DA:65,0
DA:66,0
DA:67,0
DA:69,0
DA:76,1
DA:77,0
DA:78,0
DA:79,0
DA:80,0
DA:82,0
DA:83,0
DA:87,1
DA:88,0
DA:89,0
DA:90,0
DA:101,0
DA:103,0
DA:104,0
DA:108,1
DA:109,0
DA:110,0
DA:111,0
DA:119,0
DA:120,0
DA:124,1
DA:125,0
DA:126,0
DA:127,0
DA:128,0
DA:130,0
DA:131,0
DA:135,1
DA:136,0
DA:137,0
DA:138,0
DA:139,0
DA:141,0
DA:142,0
DA:146,1
DA:147,0
DA:148,0
DA:149,0
DA:150,0
DA:152,0
DA:153,0
DA:157,1
DA:158,0
DA:159,0
DA:160,0
DA:161,0
DA:163,0
DA:164,0
DA:171,1
DA:172,0
DA:174,0
DA:175,0
DA:176,0
DA:177,0
DA:180,0
DA:181,0
DA:182,0
DA:192,0
DA:195,0
DA:196,0
DA:197,0
DA:198,0
DA:199,0
DA:200,0
DA:202,0
DA:206,0
DA:207,0
DA:211,0
DA:212,0
DA:213,0
DA:214,0
DA:216,0
DA:217,0
DA:218,0
DA:219,0
DA:221,0
DA:225,0
DA:226,0
DA:227,0
DA:229,0
DA:230,0
DA:233,0
DA:236,0
DA:240,0
DA:245,0
DA:246,0
DA:248,0
DA:250,0
DA:255,0
DA:256,0
DA:264,1
DA:265,0
DA:266,0
DA:267,0
DA:268,0
DA:270,0
DA:271,0
LF:139
LH:29
BRDA:6,0,0,1
BRDA:6,0,1,1
BRDA:33,1,0,0
BRDA:33,1,1,0
BRDA:198,2,0,0
BRDA:198,2,1,0
BRDA:198,3,0,0
BRDA:198,3,1,0
BRDA:198,3,2,0
BRDA:206,4,0,0
BRDA:206,4,1,0
BRF:11
BRH:2
end_of_record
TN:
SF:/home/sumrid/project/api/api_v1/src/config/firebase.js
FNF:0
FNH:0
DA:1,1
DA:3,1
DA:5,1
LF:3
LH:3
BRF:0
BRH:0
end_of_record
