TN:
SF:/home/sumrid/project/api/src/service.firebase.js
FN:12,(anonymous_0)
FN:27,(anonymous_1)
FN:32,(anonymous_2)
FN:44,(anonymous_3)
FN:51,(anonymous_4)
FNF:5
FNH:0
FNDA:0,(anonymous_0)
FNDA:0,(anonymous_1)
FNDA:0,(anonymous_2)
FNDA:0,(anonymous_3)
FNDA:0,(anonymous_4)
DA:2,1
DA:4,1
DA:5,1
DA:6,1
DA:7,1
DA:9,1
DA:10,1
DA:12,1
DA:13,0
DA:16,0
DA:17,0
DA:18,0
DA:20,0
DA:21,0
DA:23,0
DA:27,1
DA:28,0
DA:29,0
DA:32,1
DA:33,0
DA:34,0
DA:35,0
DA:37,0
DA:44,1
DA:45,0
DA:46,0
DA:48,0
DA:51,1
DA:52,0
DA:53,0
DA:55,0
LF:31
LH:12
BRF:0
BRH:0
end_of_record
TN:
SF:/home/sumrid/project/api/src/service.js
FN:28,getGateway
FN:49,getContract
FN:62,getChannel
FN:75,(anonymous_3)
FN:86,(anonymous_4)
FN:107,(anonymous_5)
FN:123,(anonymous_6)
FN:134,(anonymous_7)
FN:145,(anonymous_8)
FN:156,(anonymous_9)
FN:170,(anonymous_10)
FN:211,(anonymous_11)
FN:213,(anonymous_12)
FN:214,whenTimeout
FN:224,(anonymous_14)
FN:263,(anonymous_15)
FNF:16
FNH:0
FNDA:0,getGateway
FNDA:0,getContract
FNDA:0,getChannel
FNDA:0,(anonymous_3)
FNDA:0,(anonymous_4)
FNDA:0,(anonymous_5)
FNDA:0,(anonymous_6)
FNDA:0,(anonymous_7)
FNDA:0,(anonymous_8)
FNDA:0,(anonymous_9)
FNDA:0,(anonymous_10)
FNDA:0,(anonymous_11)
FNDA:0,(anonymous_12)
FNDA:0,whenTimeout
FNDA:0,(anonymous_14)
FNDA:0,(anonymous_15)
DA:1,1
DA:2,1
DA:3,1
DA:6,1
DA:7,1
DA:8,1
DA:9,1
DA:13,1
DA:14,1
DA:15,1
DA:17,1
DA:18,1
DA:19,1
DA:20,1
DA:21,1
DA:22,1
DA:23,1
DA:24,1
DA:25,1
DA:26,1
DA:29,0
DA:31,0
DA:32,0
DA:33,0
DA:34,0
DA:35,0
DA:39,0
DA:40,0
DA:41,0
DA:43,0
DA:44,0
DA:50,0
DA:51,0
DA:53,0
DA:55,0
DA:57,0
DA:58,0
DA:63,0
DA:64,0
DA:65,0
DA:66,0
DA:68,0
DA:75,1
DA:76,0
DA:77,0
DA:78,0
DA:79,0
DA:81,0
DA:82,0
DA:86,1
DA:87,0
DA:88,0
DA:89,0
DA:100,0
DA:102,0
DA:103,0
DA:107,1
DA:108,0
DA:109,0
DA:110,0
DA:118,0
DA:119,0
DA:123,1
DA:124,0
DA:125,0
DA:126,0
DA:127,0
DA:129,0
DA:130,0
DA:134,1
DA:135,0
DA:136,0
DA:137,0
DA:138,0
DA:140,0
DA:141,0
DA:145,1
DA:146,0
DA:147,0
DA:148,0
DA:149,0
DA:151,0
DA:152,0
DA:156,1
DA:157,0
DA:158,0
DA:159,0
DA:160,0
DA:162,0
DA:163,0
DA:170,1
DA:171,0
DA:173,0
DA:174,0
DA:175,0
DA:176,0
DA:179,0
DA:180,0
DA:181,0
DA:191,0
DA:194,0
DA:195,0
DA:196,0
DA:197,0
DA:198,0
DA:199,0
DA:201,0
DA:205,0
DA:206,0
DA:210,0
DA:211,0
DA:212,0
DA:213,0
DA:215,0
DA:216,0
DA:217,0
DA:218,0
DA:220,0
DA:224,0
DA:225,0
DA:226,0
DA:228,0
DA:229,0
DA:232,0
DA:235,0
DA:239,0
DA:244,0
DA:245,0
DA:247,0
DA:249,0
DA:254,0
DA:255,0
DA:263,1
DA:264,0
DA:265,0
DA:266,0
DA:267,0
DA:269,0
DA:270,0
LF:139
LH:29
BRDA:6,0,0,1
BRDA:6,0,1,1
BRDA:32,1,0,0
BRDA:32,1,1,0
BRDA:197,2,0,0
BRDA:197,2,1,0
BRDA:197,3,0,0
BRDA:197,3,1,0
BRDA:197,3,2,0
BRDA:205,4,0,0
BRDA:205,4,1,0
BRF:11
BRH:2
end_of_record
TN:
SF:/home/sumrid/project/api/src/config/firebase.js
FNF:0
FNH:0
DA:1,1
DA:3,1
DA:5,1
LF:3
LH:3
BRF:0
BRH:0
end_of_record
TN:
SF:/home/sumrid/project/api/test/mock.data.js
FNF:0
FNH:0
DA:1,1
LF:1
LH:1
BRF:0
BRH:0
end_of_record
