{"/home/sumrid/project/api/api_v2/src/controller.js": {"path":"/home/sumrid/project/api/api_v2/src/controller.js","statementMap":{"0":{"start":{"line":1,"column":16},"end":{"line":1,"column":36}},"1":{"start":{"line":2,"column":17},"end":{"line":2,"column":46}},"2":{"start":{"line":3,"column":15},"end":{"line":3,"column":32}},"3":{"start":{"line":4,"column":12},"end":{"line":4,"column":30}},"4":{"start":{"line":5,"column":17},"end":{"line":5,"column":37}},"5":{"start":{"line":7,"column":24},"end":{"line":7,"column":47}},"6":{"start":{"line":8,"column":15},"end":{"line":8,"column":32}},"7":{"start":{"line":9,"column":11},"end":{"line":9,"column":24}},"8":{"start":{"line":10,"column":13},"end":{"line":10,"column":28}},"9":{"start":{"line":12,"column":24},"end":{"line":12,"column":45}},"10":{"start":{"line":19,"column":0},"end":{"line":39,"column":1}},"11":{"start":{"line":20,"column":4},"end":{"line":38,"column":5}},"12":{"start":{"line":21,"column":21},"end":{"line":21,"column":35}},"13":{"start":{"line":22,"column":24},"end":{"line":22,"column":32}},"14":{"start":{"line":26,"column":8},"end":{"line":26,"column":34}},"15":{"start":{"line":27,"column":8},"end":{"line":27,"column":28}},"16":{"start":{"line":28,"column":8},"end":{"line":28,"column":35}},"17":{"start":{"line":29,"column":8},"end":{"line":29,"column":61}},"18":{"start":{"line":33,"column":23},"end":{"line":33,"column":65}},"19":{"start":{"line":34,"column":8},"end":{"line":34,"column":44}},"20":{"start":{"line":35,"column":8},"end":{"line":35,"column":57}},"21":{"start":{"line":37,"column":8},"end":{"line":37,"column":34}},"22":{"start":{"line":41,"column":0},"end":{"line":51,"column":1}},"23":{"start":{"line":42,"column":4},"end":{"line":50,"column":5}},"24":{"start":{"line":43,"column":23},"end":{"line":43,"column":36}},"25":{"start":{"line":44,"column":26},"end":{"line":44,"column":42}},"26":{"start":{"line":45,"column":23},"end":{"line":45,"column":38}},"27":{"start":{"line":46,"column":23},"end":{"line":46,"column":83}},"28":{"start":{"line":47,"column":8},"end":{"line":47,"column":45}},"29":{"start":{"line":49,"column":8},"end":{"line":49,"column":34}},"30":{"start":{"line":56,"column":0},"end":{"line":67,"column":1}},"31":{"start":{"line":57,"column":17},"end":{"line":57,"column":30}},"32":{"start":{"line":58,"column":21},"end":{"line":58,"column":29}},"33":{"start":{"line":59,"column":4},"end":{"line":59,"column":53}},"34":{"start":{"line":61,"column":4},"end":{"line":66,"column":5}},"35":{"start":{"line":62,"column":8},"end":{"line":62,"column":45}},"36":{"start":{"line":63,"column":8},"end":{"line":63,"column":29}},"37":{"start":{"line":65,"column":8},"end":{"line":65,"column":34}},"38":{"start":{"line":69,"column":0},"end":{"line":76,"column":1}},"39":{"start":{"line":70,"column":4},"end":{"line":75,"column":5}},"40":{"start":{"line":71,"column":23},"end":{"line":71,"column":53}},"41":{"start":{"line":72,"column":8},"end":{"line":72,"column":45}},"42":{"start":{"line":74,"column":8},"end":{"line":74,"column":34}},"43":{"start":{"line":78,"column":0},"end":{"line":87,"column":1}},"44":{"start":{"line":79,"column":4},"end":{"line":86,"column":5}},"45":{"start":{"line":80,"column":20},"end":{"line":80,"column":33}},"46":{"start":{"line":81,"column":23},"end":{"line":81,"column":64}},"47":{"start":{"line":82,"column":25},"end":{"line":82,"column":51}},"48":{"start":{"line":83,"column":8},"end":{"line":83,"column":27}},"49":{"start":{"line":85,"column":8},"end":{"line":85,"column":34}},"50":{"start":{"line":89,"column":0},"end":{"line":98,"column":1}},"51":{"start":{"line":90,"column":4},"end":{"line":97,"column":5}},"52":{"start":{"line":91,"column":20},"end":{"line":91,"column":33}},"53":{"start":{"line":92,"column":23},"end":{"line":92,"column":68}},"54":{"start":{"line":93,"column":25},"end":{"line":93,"column":51}},"55":{"start":{"line":94,"column":8},"end":{"line":94,"column":27}},"56":{"start":{"line":96,"column":8},"end":{"line":96,"column":34}},"57":{"start":{"line":100,"column":0},"end":{"line":109,"column":1}},"58":{"start":{"line":101,"column":16},"end":{"line":101,"column":30}},"59":{"start":{"line":103,"column":4},"end":{"line":108,"column":5}},"60":{"start":{"line":104,"column":23},"end":{"line":104,"column":47}},"61":{"start":{"line":105,"column":8},"end":{"line":105,"column":45}},"62":{"start":{"line":107,"column":8},"end":{"line":107,"column":34}},"63":{"start":{"line":111,"column":0},"end":{"line":120,"column":1}},"64":{"start":{"line":112,"column":16},"end":{"line":112,"column":30}},"65":{"start":{"line":114,"column":4},"end":{"line":119,"column":5}},"66":{"start":{"line":115,"column":23},"end":{"line":115,"column":52}},"67":{"start":{"line":116,"column":8},"end":{"line":116,"column":45}},"68":{"start":{"line":118,"column":8},"end":{"line":118,"column":34}},"69":{"start":{"line":122,"column":0},"end":{"line":131,"column":1}},"70":{"start":{"line":123,"column":16},"end":{"line":123,"column":30}},"71":{"start":{"line":125,"column":4},"end":{"line":130,"column":5}},"72":{"start":{"line":126,"column":23},"end":{"line":126,"column":60}},"73":{"start":{"line":127,"column":8},"end":{"line":127,"column":45}},"74":{"start":{"line":129,"column":8},"end":{"line":129,"column":34}},"75":{"start":{"line":136,"column":0},"end":{"line":151,"column":1}},"76":{"start":{"line":137,"column":25},"end":{"line":137,"column":39}},"77":{"start":{"line":138,"column":25},"end":{"line":138,"column":44}},"78":{"start":{"line":139,"column":19},"end":{"line":139,"column":34}},"79":{"start":{"line":140,"column":20},"end":{"line":140,"column":61}},"80":{"start":{"line":141,"column":4},"end":{"line":141,"column":42}},"81":{"start":{"line":143,"column":20},"end":{"line":143,"column":78}},"82":{"start":{"line":144,"column":4},"end":{"line":150,"column":7}},"83":{"start":{"line":145,"column":8},"end":{"line":145,"column":41}},"84":{"start":{"line":145,"column":17},"end":{"line":145,"column":41}},"85":{"start":{"line":146,"column":8},"end":{"line":146,"column":46}},"86":{"start":{"line":148,"column":18},"end":{"line":148,"column":48}},"87":{"start":{"line":149,"column":8},"end":{"line":149,"column":24}},"88":{"start":{"line":155,"column":0},"end":{"line":176,"column":1}},"89":{"start":{"line":156,"column":21},"end":{"line":156,"column":29}},"90":{"start":{"line":157,"column":4},"end":{"line":157,"column":24}},"91":{"start":{"line":159,"column":4},"end":{"line":163,"column":5}},"92":{"start":{"line":160,"column":8},"end":{"line":160,"column":40}},"93":{"start":{"line":162,"column":8},"end":{"line":162,"column":34}},"94":{"start":{"line":165,"column":20},"end":{"line":165,"column":78}},"95":{"start":{"line":166,"column":4},"end":{"line":175,"column":7}},"96":{"start":{"line":167,"column":8},"end":{"line":170,"column":9}},"97":{"start":{"line":168,"column":12},"end":{"line":168,"column":29}},"98":{"start":{"line":169,"column":12},"end":{"line":169,"column":38}},"99":{"start":{"line":172,"column":23},"end":{"line":172,"column":53}},"100":{"start":{"line":173,"column":8},"end":{"line":173,"column":38}},"101":{"start":{"line":174,"column":8},"end":{"line":174,"column":29}},"102":{"start":{"line":182,"column":0},"end":{"line":210,"column":1}},"103":{"start":{"line":183,"column":15},"end":{"line":183,"column":61}},"104":{"start":{"line":184,"column":21},"end":{"line":184,"column":29}},"105":{"start":{"line":185,"column":4},"end":{"line":185,"column":24}},"106":{"start":{"line":193,"column":16},"end":{"line":193,"column":45}},"107":{"start":{"line":194,"column":20},"end":{"line":196,"column":6}},"108":{"start":{"line":199,"column":20},"end":{"line":199,"column":78}},"109":{"start":{"line":200,"column":4},"end":{"line":209,"column":7}},"110":{"start":{"line":201,"column":8},"end":{"line":204,"column":9}},"111":{"start":{"line":202,"column":12},"end":{"line":202,"column":29}},"112":{"start":{"line":203,"column":12},"end":{"line":203,"column":38}},"113":{"start":{"line":206,"column":23},"end":{"line":206,"column":53}},"114":{"start":{"line":207,"column":8},"end":{"line":207,"column":38}},"115":{"start":{"line":208,"column":8},"end":{"line":208,"column":29}},"116":{"start":{"line":215,"column":0},"end":{"line":225,"column":1}},"117":{"start":{"line":216,"column":21},"end":{"line":216,"column":29}},"118":{"start":{"line":217,"column":4},"end":{"line":217,"column":26}},"119":{"start":{"line":218,"column":4},"end":{"line":224,"column":5}},"120":{"start":{"line":220,"column":8},"end":{"line":220,"column":45}},"121":{"start":{"line":221,"column":8},"end":{"line":221,"column":28}},"122":{"start":{"line":223,"column":8},"end":{"line":223,"column":34}},"123":{"start":{"line":226,"column":0},"end":{"line":234,"column":1}},"124":{"start":{"line":227,"column":19},"end":{"line":227,"column":32}},"125":{"start":{"line":228,"column":4},"end":{"line":233,"column":5}},"126":{"start":{"line":229,"column":23},"end":{"line":229,"column":64}},"127":{"start":{"line":230,"column":8},"end":{"line":230,"column":45}},"128":{"start":{"line":232,"column":8},"end":{"line":232,"column":22}},"129":{"start":{"line":240,"column":0},"end":{"line":252,"column":1}},"130":{"start":{"line":241,"column":20},"end":{"line":241,"column":28}},"131":{"start":{"line":244,"column":4},"end":{"line":244,"column":30}},"132":{"start":{"line":246,"column":4},"end":{"line":251,"column":5}},"133":{"start":{"line":247,"column":8},"end":{"line":247,"column":44}},"134":{"start":{"line":248,"column":8},"end":{"line":248,"column":26}},"135":{"start":{"line":250,"column":8},"end":{"line":250,"column":24}},"136":{"start":{"line":253,"column":0},"end":{"line":262,"column":1}},"137":{"start":{"line":254,"column":16},"end":{"line":254,"column":27}},"138":{"start":{"line":255,"column":4},"end":{"line":261,"column":5}},"139":{"start":{"line":256,"column":23},"end":{"line":256,"column":57}},"140":{"start":{"line":257,"column":21},"end":{"line":257,"column":62}},"141":{"start":{"line":258,"column":8},"end":{"line":258,"column":23}},"142":{"start":{"line":260,"column":8},"end":{"line":260,"column":34}},"143":{"start":{"line":263,"column":0},"end":{"line":271,"column":1}},"144":{"start":{"line":264,"column":15},"end":{"line":264,"column":30}},"145":{"start":{"line":265,"column":4},"end":{"line":270,"column":5}},"146":{"start":{"line":266,"column":23},"end":{"line":266,"column":48}},"147":{"start":{"line":267,"column":8},"end":{"line":267,"column":25}},"148":{"start":{"line":269,"column":8},"end":{"line":269,"column":34}},"149":{"start":{"line":276,"column":17},"end":{"line":276,"column":41}},"150":{"start":{"line":302,"column":0},"end":{"line":315,"column":3}},"151":{"start":{"line":303,"column":20},"end":{"line":303,"column":50}},"152":{"start":{"line":304,"column":21},"end":{"line":304,"column":48}},"153":{"start":{"line":305,"column":4},"end":{"line":314,"column":7}},"154":{"start":{"line":306,"column":8},"end":{"line":313,"column":9}},"155":{"start":{"line":307,"column":28},"end":{"line":307,"column":62}},"156":{"start":{"line":308,"column":12},"end":{"line":308,"column":73}},"157":{"start":{"line":309,"column":12},"end":{"line":312,"column":13}},"158":{"start":{"line":310,"column":16},"end":{"line":310,"column":52}},"159":{"start":{"line":311,"column":16},"end":{"line":311,"column":43}}},"fnMap":{"0":{"name":"(anonymous_0)","decl":{"start":{"line":19,"column":24},"end":{"line":19,"column":25}},"loc":{"start":{"line":19,"column":44},"end":{"line":39,"column":1}},"line":19},"1":{"name":"(anonymous_1)","decl":{"start":{"line":41,"column":30},"end":{"line":41,"column":31}},"loc":{"start":{"line":41,"column":50},"end":{"line":51,"column":1}},"line":41},"2":{"name":"(anonymous_2)","decl":{"start":{"line":56,"column":17},"end":{"line":56,"column":18}},"loc":{"start":{"line":56,"column":37},"end":{"line":67,"column":1}},"line":56},"3":{"name":"(anonymous_3)","decl":{"start":{"line":69,"column":25},"end":{"line":69,"column":26}},"loc":{"start":{"line":69,"column":45},"end":{"line":76,"column":1}},"line":69},"4":{"name":"(anonymous_4)","decl":{"start":{"line":78,"column":32},"end":{"line":78,"column":33}},"loc":{"start":{"line":78,"column":52},"end":{"line":87,"column":1}},"line":78},"5":{"name":"(anonymous_5)","decl":{"start":{"line":89,"column":34},"end":{"line":89,"column":35}},"loc":{"start":{"line":89,"column":54},"end":{"line":98,"column":1}},"line":89},"6":{"name":"(anonymous_6)","decl":{"start":{"line":100,"column":16},"end":{"line":100,"column":17}},"loc":{"start":{"line":100,"column":36},"end":{"line":109,"column":1}},"line":100},"7":{"name":"(anonymous_7)","decl":{"start":{"line":111,"column":21},"end":{"line":111,"column":22}},"loc":{"start":{"line":111,"column":41},"end":{"line":120,"column":1}},"line":111},"8":{"name":"(anonymous_8)","decl":{"start":{"line":122,"column":29},"end":{"line":122,"column":30}},"loc":{"start":{"line":122,"column":49},"end":{"line":131,"column":1}},"line":122},"9":{"name":"(anonymous_9)","decl":{"start":{"line":136,"column":19},"end":{"line":136,"column":20}},"loc":{"start":{"line":136,"column":39},"end":{"line":151,"column":1}},"line":136},"10":{"name":"(anonymous_10)","decl":{"start":{"line":144,"column":38},"end":{"line":144,"column":39}},"loc":{"start":{"line":144,"column":52},"end":{"line":150,"column":5}},"line":144},"11":{"name":"(anonymous_11)","decl":{"start":{"line":155,"column":27},"end":{"line":155,"column":28}},"loc":{"start":{"line":155,"column":47},"end":{"line":176,"column":1}},"line":155},"12":{"name":"(anonymous_12)","decl":{"start":{"line":166,"column":55},"end":{"line":166,"column":56}},"loc":{"start":{"line":166,"column":69},"end":{"line":175,"column":5}},"line":166},"13":{"name":"(anonymous_13)","decl":{"start":{"line":182,"column":21},"end":{"line":182,"column":22}},"loc":{"start":{"line":182,"column":41},"end":{"line":210,"column":1}},"line":182},"14":{"name":"(anonymous_14)","decl":{"start":{"line":200,"column":38},"end":{"line":200,"column":39}},"loc":{"start":{"line":200,"column":52},"end":{"line":209,"column":5}},"line":200},"15":{"name":"(anonymous_15)","decl":{"start":{"line":215,"column":17},"end":{"line":215,"column":18}},"loc":{"start":{"line":215,"column":37},"end":{"line":225,"column":1}},"line":215},"16":{"name":"(anonymous_16)","decl":{"start":{"line":226,"column":30},"end":{"line":226,"column":31}},"loc":{"start":{"line":226,"column":50},"end":{"line":234,"column":1}},"line":226},"17":{"name":"(anonymous_17)","decl":{"start":{"line":240,"column":19},"end":{"line":240,"column":20}},"loc":{"start":{"line":240,"column":39},"end":{"line":252,"column":1}},"line":240},"18":{"name":"(anonymous_18)","decl":{"start":{"line":253,"column":18},"end":{"line":253,"column":19}},"loc":{"start":{"line":253,"column":38},"end":{"line":262,"column":1}},"line":253},"19":{"name":"(anonymous_19)","decl":{"start":{"line":263,"column":16},"end":{"line":263,"column":17}},"loc":{"start":{"line":263,"column":36},"end":{"line":271,"column":1}},"line":263},"20":{"name":"(anonymous_20)","decl":{"start":{"line":302,"column":39},"end":{"line":302,"column":40}},"loc":{"start":{"line":302,"column":51},"end":{"line":315,"column":1}},"line":302},"21":{"name":"(anonymous_21)","decl":{"start":{"line":305,"column":21},"end":{"line":305,"column":22}},"loc":{"start":{"line":305,"column":28},"end":{"line":314,"column":5}},"line":305}},"branchMap":{"0":{"loc":{"start":{"line":145,"column":8},"end":{"line":145,"column":41}},"type":"if","locations":[{"start":{"line":145,"column":8},"end":{"line":145,"column":41}},{"start":{"line":145,"column":8},"end":{"line":145,"column":41}}],"line":145},"1":{"loc":{"start":{"line":167,"column":8},"end":{"line":170,"column":9}},"type":"if","locations":[{"start":{"line":167,"column":8},"end":{"line":170,"column":9}},{"start":{"line":167,"column":8},"end":{"line":170,"column":9}}],"line":167},"2":{"loc":{"start":{"line":183,"column":15},"end":{"line":183,"column":61}},"type":"binary-expr","locations":[{"start":{"line":183,"column":15},"end":{"line":183,"column":34}},{"start":{"line":183,"column":38},"end":{"line":183,"column":61}}],"line":183},"3":{"loc":{"start":{"line":201,"column":8},"end":{"line":204,"column":9}},"type":"if","locations":[{"start":{"line":201,"column":8},"end":{"line":204,"column":9}},{"start":{"line":201,"column":8},"end":{"line":204,"column":9}}],"line":201},"4":{"loc":{"start":{"line":306,"column":8},"end":{"line":313,"column":9}},"type":"if","locations":[{"start":{"line":306,"column":8},"end":{"line":313,"column":9}},{"start":{"line":306,"column":8},"end":{"line":313,"column":9}}],"line":306},"5":{"loc":{"start":{"line":309,"column":12},"end":{"line":312,"column":13}},"type":"if","locations":[{"start":{"line":309,"column":12},"end":{"line":312,"column":13}},{"start":{"line":309,"column":12},"end":{"line":312,"column":13}}],"line":309}},"s":{"0":1,"1":1,"2":1,"3":1,"4":1,"5":1,"6":1,"7":1,"8":1,"9":1,"10":1,"11":2,"12":2,"13":2,"14":2,"15":2,"16":2,"17":2,"18":2,"19":1,"20":1,"21":1,"22":1,"23":0,"24":0,"25":0,"26":0,"27":0,"28":0,"29":0,"30":1,"31":2,"32":2,"33":2,"34":2,"35":2,"36":1,"37":1,"38":1,"39":2,"40":2,"41":1,"42":1,"43":1,"44":0,"45":0,"46":0,"47":0,"48":0,"49":0,"50":1,"51":0,"52":0,"53":0,"54":0,"55":0,"56":0,"57":1,"58":2,"59":2,"60":2,"61":1,"62":1,"63":1,"64":0,"65":0,"66":0,"67":0,"68":0,"69":1,"70":0,"71":0,"72":0,"73":0,"74":0,"75":1,"76":0,"77":0,"78":0,"79":0,"80":0,"81":0,"82":0,"83":0,"84":0,"85":0,"86":0,"87":0,"88":1,"89":0,"90":0,"91":0,"92":0,"93":0,"94":0,"95":0,"96":0,"97":0,"98":0,"99":0,"100":0,"101":0,"102":1,"103":0,"104":0,"105":0,"106":0,"107":0,"108":0,"109":0,"110":0,"111":0,"112":0,"113":0,"114":0,"115":0,"116":1,"117":0,"118":0,"119":0,"120":0,"121":0,"122":0,"123":1,"124":0,"125":0,"126":0,"127":0,"128":0,"129":1,"130":0,"131":0,"132":0,"133":0,"134":0,"135":0,"136":1,"137":0,"138":0,"139":0,"140":0,"141":0,"142":0,"143":1,"144":0,"145":0,"146":0,"147":0,"148":0,"149":1,"150":1,"151":0,"152":0,"153":0,"154":0,"155":0,"156":0,"157":0,"158":0,"159":0},"f":{"0":2,"1":0,"2":2,"3":2,"4":0,"5":0,"6":2,"7":0,"8":0,"9":0,"10":0,"11":0,"12":0,"13":0,"14":0,"15":0,"16":0,"17":0,"18":0,"19":0,"20":0,"21":0},"b":{"0":[0,0],"1":[0,0],"2":[0,0],"3":[0,0],"4":[0,0],"5":[0,0]},"_coverageSchema":"43e27e138ebf9cfc5966b082cf9a028302ed4184","hash":"a007a1c0a13acac10fa1d8237e6fd847f2eb93f2"}
,"/home/sumrid/project/api/api_v2/src/main.js": {"path":"/home/sumrid/project/api/api_v2/src/main.js","statementMap":{"0":{"start":{"line":1,"column":16},"end":{"line":1,"column":34}},"1":{"start":{"line":2,"column":19},"end":{"line":2,"column":41}},"2":{"start":{"line":3,"column":13},"end":{"line":3,"column":28}},"3":{"start":{"line":4,"column":15},"end":{"line":4,"column":32}},"4":{"start":{"line":6,"column":0},"end":{"line":6,"column":32}},"5":{"start":{"line":10,"column":15},"end":{"line":10,"column":24}},"6":{"start":{"line":11,"column":17},"end":{"line":11,"column":26}},"7":{"start":{"line":12,"column":13},"end":{"line":12,"column":17}},"8":{"start":{"line":15,"column":0},"end":{"line":15,"column":19}},"9":{"start":{"line":16,"column":0},"end":{"line":16,"column":29}},"10":{"start":{"line":17,"column":0},"end":{"line":17,"column":78}},"11":{"start":{"line":18,"column":0},"end":{"line":18,"column":31}},"12":{"start":{"line":21,"column":0},"end":{"line":21,"column":40}},"13":{"start":{"line":24,"column":0},"end":{"line":26,"column":3}},"14":{"start":{"line":25,"column":4},"end":{"line":25,"column":62}},"15":{"start":{"line":28,"column":0},"end":{"line":28,"column":24}}},"fnMap":{"0":{"name":"(anonymous_0)","decl":{"start":{"line":24,"column":30},"end":{"line":24,"column":31}},"loc":{"start":{"line":24,"column":36},"end":{"line":26,"column":1}},"line":24}},"branchMap":{},"s":{"0":1,"1":1,"2":1,"3":1,"4":1,"5":1,"6":1,"7":1,"8":1,"9":1,"10":1,"11":1,"12":1,"13":1,"14":1,"15":1},"f":{"0":1},"b":{},"_coverageSchema":"43e27e138ebf9cfc5966b082cf9a028302ed4184","hash":"dddbaa1ffaf3853f88f4504971f8e95fbd2a3c88"}
,"/home/sumrid/project/api/api_v2/src/router.js": {"path":"/home/sumrid/project/api/api_v2/src/router.js","statementMap":{"0":{"start":{"line":1,"column":16},"end":{"line":1,"column":34}},"1":{"start":{"line":2,"column":15},"end":{"line":2,"column":31}},"2":{"start":{"line":3,"column":19},"end":{"line":3,"column":42}},"3":{"start":{"line":5,"column":0},"end":{"line":5,"column":50}},"4":{"start":{"line":6,"column":0},"end":{"line":6,"column":50}},"5":{"start":{"line":7,"column":0},"end":{"line":7,"column":70}},"6":{"start":{"line":8,"column":0},"end":{"line":8,"column":50}},"7":{"start":{"line":9,"column":0},"end":{"line":9,"column":44}},"8":{"start":{"line":10,"column":0},"end":{"line":10,"column":59}},"9":{"start":{"line":11,"column":0},"end":{"line":11,"column":69}},"10":{"start":{"line":13,"column":0},"end":{"line":13,"column":55}},"11":{"start":{"line":14,"column":0},"end":{"line":14,"column":57}},"12":{"start":{"line":15,"column":0},"end":{"line":15,"column":66}},"13":{"start":{"line":16,"column":0},"end":{"line":16,"column":60}},"14":{"start":{"line":19,"column":0},"end":{"line":19,"column":65}},"15":{"start":{"line":20,"column":0},"end":{"line":20,"column":66}},"16":{"start":{"line":21,"column":0},"end":{"line":21,"column":68}},"17":{"start":{"line":23,"column":0},"end":{"line":23,"column":42}},"18":{"start":{"line":24,"column":0},"end":{"line":24,"column":42}},"19":{"start":{"line":25,"column":0},"end":{"line":25,"column":44}},"20":{"start":{"line":26,"column":0},"end":{"line":28,"column":3}},"21":{"start":{"line":27,"column":4},"end":{"line":27,"column":39}},"22":{"start":{"line":30,"column":0},"end":{"line":30,"column":24}}},"fnMap":{"0":{"name":"(anonymous_0)","decl":{"start":{"line":26,"column":16},"end":{"line":26,"column":17}},"loc":{"start":{"line":26,"column":30},"end":{"line":28,"column":1}},"line":26}},"branchMap":{},"s":{"0":1,"1":1,"2":1,"3":1,"4":1,"5":1,"6":1,"7":1,"8":1,"9":1,"10":1,"11":1,"12":1,"13":1,"14":1,"15":1,"16":1,"17":1,"18":1,"19":1,"20":1,"21":1,"22":1},"f":{"0":1},"b":{},"_coverageSchema":"43e27e138ebf9cfc5966b082cf9a028302ed4184","hash":"1fb62f192a8778928e7cfeed2ed9a729c087e292"}
,"/home/sumrid/project/api/api_v2/src/service.firebase.js": {"path":"/home/sumrid/project/api/api_v2/src/service.firebase.js","statementMap":{"0":{"start":{"line":2,"column":0},"end":{"line":2,"column":34}},"1":{"start":{"line":3,"column":0},"end":{"line":3,"column":35}},"2":{"start":{"line":5,"column":14},"end":{"line":5,"column":39}},"3":{"start":{"line":6,"column":11},"end":{"line":6,"column":28}},"4":{"start":{"line":7,"column":26},"end":{"line":7,"column":51}},"5":{"start":{"line":8,"column":21},"end":{"line":8,"column":40}},"6":{"start":{"line":10,"column":15},"end":{"line":10,"column":32}},"7":{"start":{"line":11,"column":24},"end":{"line":11,"column":45}},"8":{"start":{"line":13,"column":0},"end":{"line":30,"column":1}},"9":{"start":{"line":14,"column":4},"end":{"line":14,"column":46}},"10":{"start":{"line":17,"column":20},"end":{"line":17,"column":69}},"11":{"start":{"line":18,"column":4},"end":{"line":18,"column":42}},"12":{"start":{"line":19,"column":4},"end":{"line":19,"column":30}},"13":{"start":{"line":22,"column":4},"end":{"line":22,"column":27}},"14":{"start":{"line":23,"column":4},"end":{"line":23,"column":24}},"15":{"start":{"line":25,"column":4},"end":{"line":29,"column":5}},"16":{"start":{"line":26,"column":8},"end":{"line":26,"column":61}},"17":{"start":{"line":28,"column":8},"end":{"line":28,"column":18}},"18":{"start":{"line":32,"column":0},"end":{"line":35,"column":1}},"19":{"start":{"line":33,"column":4},"end":{"line":33,"column":45}},"20":{"start":{"line":34,"column":4},"end":{"line":34,"column":20}},"21":{"start":{"line":37,"column":0},"end":{"line":44,"column":1}},"22":{"start":{"line":38,"column":4},"end":{"line":43,"column":5}},"23":{"start":{"line":39,"column":23},"end":{"line":39,"column":61}},"24":{"start":{"line":40,"column":8},"end":{"line":40,"column":29}},"25":{"start":{"line":42,"column":8},"end":{"line":42,"column":18}},"26":{"start":{"line":49,"column":0},"end":{"line":55,"column":1}},"27":{"start":{"line":50,"column":4},"end":{"line":54,"column":5}},"28":{"start":{"line":51,"column":8},"end":{"line":51,"column":58}},"29":{"start":{"line":53,"column":8},"end":{"line":53,"column":18}},"30":{"start":{"line":56,"column":0},"end":{"line":62,"column":1}},"31":{"start":{"line":57,"column":4},"end":{"line":61,"column":5}},"32":{"start":{"line":58,"column":8},"end":{"line":58,"column":44}},"33":{"start":{"line":60,"column":8},"end":{"line":60,"column":18}}},"fnMap":{"0":{"name":"(anonymous_0)","decl":{"start":{"line":13,"column":22},"end":{"line":13,"column":23}},"loc":{"start":{"line":13,"column":41},"end":{"line":30,"column":1}},"line":13},"1":{"name":"(anonymous_1)","decl":{"start":{"line":32,"column":21},"end":{"line":32,"column":22}},"loc":{"start":{"line":32,"column":33},"end":{"line":35,"column":1}},"line":32},"2":{"name":"(anonymous_2)","decl":{"start":{"line":37,"column":25},"end":{"line":37,"column":26}},"loc":{"start":{"line":37,"column":40},"end":{"line":44,"column":1}},"line":37},"3":{"name":"(anonymous_3)","decl":{"start":{"line":49,"column":17},"end":{"line":49,"column":18}},"loc":{"start":{"line":49,"column":37},"end":{"line":55,"column":1}},"line":49},"4":{"name":"(anonymous_4)","decl":{"start":{"line":56,"column":19},"end":{"line":56,"column":20}},"loc":{"start":{"line":56,"column":33},"end":{"line":62,"column":1}},"line":56}},"branchMap":{},"s":{"0":1,"1":1,"2":1,"3":1,"4":1,"5":1,"6":1,"7":1,"8":1,"9":0,"10":0,"11":0,"12":0,"13":0,"14":0,"15":0,"16":0,"17":0,"18":1,"19":0,"20":0,"21":1,"22":0,"23":0,"24":0,"25":0,"26":1,"27":0,"28":0,"29":0,"30":1,"31":0,"32":0,"33":0},"f":{"0":0,"1":0,"2":0,"3":0,"4":0},"b":{},"_coverageSchema":"43e27e138ebf9cfc5966b082cf9a028302ed4184","hash":"2e441ced0ea1f49f56c4783bb7fde8f2cb570294"}
,"/home/sumrid/project/api/api_v2/src/service.js": {"path":"/home/sumrid/project/api/api_v2/src/service.js","statementMap":{"0":{"start":{"line":1,"column":38},"end":{"line":1,"column":63}},"1":{"start":{"line":2,"column":11},"end":{"line":2,"column":24}},"2":{"start":{"line":3,"column":13},"end":{"line":3,"column":28}},"3":{"start":{"line":6,"column":16},"end":{"line":6,"column":54}},"4":{"start":{"line":7,"column":16},"end":{"line":7,"column":70}},"5":{"start":{"line":8,"column":16},"end":{"line":8,"column":48}},"6":{"start":{"line":9,"column":12},"end":{"line":9,"column":31}},"7":{"start":{"line":10,"column":17},"end":{"line":10,"column":55}},"8":{"start":{"line":11,"column":17},"end":{"line":11,"column":72}},"9":{"start":{"line":12,"column":17},"end":{"line":12,"column":50}},"10":{"start":{"line":13,"column":13},"end":{"line":13,"column":33}},"11":{"start":{"line":15,"column":13},"end":{"line":15,"column":20}},"12":{"start":{"line":18,"column":17},"end":{"line":18,"column":24}},"13":{"start":{"line":19,"column":18},"end":{"line":19,"column":26}},"14":{"start":{"line":20,"column":23},"end":{"line":20,"column":35}},"15":{"start":{"line":21,"column":25},"end":{"line":21,"column":39}},"16":{"start":{"line":22,"column":26},"end":{"line":22,"column":41}},"17":{"start":{"line":23,"column":26},"end":{"line":23,"column":44}},"18":{"start":{"line":24,"column":30},"end":{"line":24,"column":50}},"19":{"start":{"line":25,"column":34},"end":{"line":25,"column":57}},"20":{"start":{"line":26,"column":31},"end":{"line":26,"column":53}},"21":{"start":{"line":27,"column":35},"end":{"line":27,"column":61}},"22":{"start":{"line":28,"column":33},"end":{"line":28,"column":47}},"23":{"start":{"line":29,"column":16},"end":{"line":29,"column":29}},"24":{"start":{"line":30,"column":17},"end":{"line":30,"column":30}},"25":{"start":{"line":40,"column":4},"end":{"line":55,"column":5}},"26":{"start":{"line":41,"column":27},"end":{"line":41,"column":68}},"27":{"start":{"line":42,"column":23},"end":{"line":42,"column":55}},"28":{"start":{"line":45,"column":27},"end":{"line":45,"column":52}},"29":{"start":{"line":46,"column":8},"end":{"line":48,"column":9}},"30":{"start":{"line":47,"column":12},"end":{"line":47,"column":95}},"31":{"start":{"line":49,"column":24},"end":{"line":49,"column":37}},"32":{"start":{"line":50,"column":8},"end":{"line":50,"column":94}},"33":{"start":{"line":51,"column":24},"end":{"line":51,"column":57}},"34":{"start":{"line":52,"column":8},"end":{"line":52,"column":45}},"35":{"start":{"line":54,"column":8},"end":{"line":54,"column":18}},"36":{"start":{"line":59,"column":4},"end":{"line":74,"column":5}},"37":{"start":{"line":60,"column":27},"end":{"line":60,"column":68}},"38":{"start":{"line":61,"column":23},"end":{"line":61,"column":55}},"39":{"start":{"line":64,"column":27},"end":{"line":64,"column":52}},"40":{"start":{"line":65,"column":8},"end":{"line":67,"column":9}},"41":{"start":{"line":66,"column":12},"end":{"line":66,"column":95}},"42":{"start":{"line":68,"column":24},"end":{"line":68,"column":37}},"43":{"start":{"line":69,"column":8},"end":{"line":69,"column":95}},"44":{"start":{"line":70,"column":24},"end":{"line":70,"column":57}},"45":{"start":{"line":71,"column":8},"end":{"line":71,"column":45}},"46":{"start":{"line":73,"column":8},"end":{"line":73,"column":18}},"47":{"start":{"line":78,"column":4},"end":{"line":93,"column":5}},"48":{"start":{"line":79,"column":27},"end":{"line":79,"column":68}},"49":{"start":{"line":80,"column":23},"end":{"line":80,"column":55}},"50":{"start":{"line":83,"column":27},"end":{"line":83,"column":52}},"51":{"start":{"line":84,"column":8},"end":{"line":86,"column":9}},"52":{"start":{"line":85,"column":12},"end":{"line":85,"column":95}},"53":{"start":{"line":87,"column":24},"end":{"line":87,"column":37}},"54":{"start":{"line":88,"column":8},"end":{"line":88,"column":95}},"55":{"start":{"line":89,"column":24},"end":{"line":89,"column":57}},"56":{"start":{"line":90,"column":8},"end":{"line":90,"column":36}},"57":{"start":{"line":92,"column":8},"end":{"line":92,"column":18}},"58":{"start":{"line":99,"column":0},"end":{"line":108,"column":1}},"59":{"start":{"line":100,"column":4},"end":{"line":107,"column":5}},"60":{"start":{"line":101,"column":25},"end":{"line":101,"column":52}},"61":{"start":{"line":102,"column":23},"end":{"line":102,"column":72}},"62":{"start":{"line":103,"column":8},"end":{"line":103,"column":22}},"63":{"start":{"line":105,"column":8},"end":{"line":105,"column":27}},"64":{"start":{"line":106,"column":8},"end":{"line":106,"column":18}},"65":{"start":{"line":114,"column":0},"end":{"line":135,"column":1}},"66":{"start":{"line":115,"column":4},"end":{"line":134,"column":5}},"67":{"start":{"line":116,"column":25},"end":{"line":116,"column":54}},"68":{"start":{"line":117,"column":23},"end":{"line":128,"column":40}},"69":{"start":{"line":130,"column":8},"end":{"line":130,"column":22}},"70":{"start":{"line":132,"column":8},"end":{"line":132,"column":27}},"71":{"start":{"line":133,"column":8},"end":{"line":133,"column":18}},"72":{"start":{"line":137,"column":0},"end":{"line":152,"column":1}},"73":{"start":{"line":138,"column":4},"end":{"line":151,"column":5}},"74":{"start":{"line":139,"column":25},"end":{"line":139,"column":62}},"75":{"start":{"line":140,"column":8},"end":{"line":147,"column":9}},"76":{"start":{"line":149,"column":8},"end":{"line":149,"column":27}},"77":{"start":{"line":150,"column":8},"end":{"line":150,"column":18}},"78":{"start":{"line":154,"column":0},"end":{"line":163,"column":1}},"79":{"start":{"line":155,"column":4},"end":{"line":162,"column":5}},"80":{"start":{"line":156,"column":25},"end":{"line":156,"column":52}},"81":{"start":{"line":157,"column":23},"end":{"line":157,"column":78}},"82":{"start":{"line":158,"column":8},"end":{"line":158,"column":22}},"83":{"start":{"line":160,"column":8},"end":{"line":160,"column":27}},"84":{"start":{"line":161,"column":8},"end":{"line":161,"column":18}},"85":{"start":{"line":165,"column":0},"end":{"line":174,"column":1}},"86":{"start":{"line":166,"column":4},"end":{"line":173,"column":5}},"87":{"start":{"line":167,"column":25},"end":{"line":167,"column":52}},"88":{"start":{"line":168,"column":23},"end":{"line":168,"column":85}},"89":{"start":{"line":169,"column":8},"end":{"line":169,"column":22}},"90":{"start":{"line":171,"column":8},"end":{"line":171,"column":27}},"91":{"start":{"line":172,"column":8},"end":{"line":172,"column":18}},"92":{"start":{"line":176,"column":0},"end":{"line":185,"column":1}},"93":{"start":{"line":177,"column":4},"end":{"line":184,"column":5}},"94":{"start":{"line":178,"column":25},"end":{"line":178,"column":52}},"95":{"start":{"line":179,"column":23},"end":{"line":179,"column":76}},"96":{"start":{"line":180,"column":8},"end":{"line":180,"column":22}},"97":{"start":{"line":182,"column":8},"end":{"line":182,"column":27}},"98":{"start":{"line":183,"column":8},"end":{"line":183,"column":18}},"99":{"start":{"line":190,"column":0},"end":{"line":199,"column":1}},"100":{"start":{"line":191,"column":4},"end":{"line":198,"column":5}},"101":{"start":{"line":192,"column":25},"end":{"line":192,"column":52}},"102":{"start":{"line":193,"column":23},"end":{"line":193,"column":86}},"103":{"start":{"line":194,"column":8},"end":{"line":194,"column":22}},"104":{"start":{"line":196,"column":8},"end":{"line":196,"column":27}},"105":{"start":{"line":197,"column":8},"end":{"line":197,"column":18}},"106":{"start":{"line":201,"column":0},"end":{"line":210,"column":1}},"107":{"start":{"line":202,"column":4},"end":{"line":209,"column":5}},"108":{"start":{"line":203,"column":25},"end":{"line":203,"column":52}},"109":{"start":{"line":204,"column":23},"end":{"line":204,"column":90}},"110":{"start":{"line":205,"column":8},"end":{"line":205,"column":22}},"111":{"start":{"line":207,"column":8},"end":{"line":207,"column":27}},"112":{"start":{"line":208,"column":8},"end":{"line":208,"column":18}},"113":{"start":{"line":215,"column":0},"end":{"line":224,"column":1}},"114":{"start":{"line":216,"column":4},"end":{"line":223,"column":5}},"115":{"start":{"line":217,"column":25},"end":{"line":217,"column":52}},"116":{"start":{"line":218,"column":23},"end":{"line":218,"column":78}},"117":{"start":{"line":219,"column":8},"end":{"line":219,"column":22}},"118":{"start":{"line":221,"column":8},"end":{"line":221,"column":27}},"119":{"start":{"line":222,"column":8},"end":{"line":222,"column":18}},"120":{"start":{"line":230,"column":0},"end":{"line":239,"column":1}},"121":{"start":{"line":231,"column":4},"end":{"line":238,"column":5}},"122":{"start":{"line":232,"column":25},"end":{"line":232,"column":54}},"123":{"start":{"line":233,"column":23},"end":{"line":233,"column":108}},"124":{"start":{"line":234,"column":8},"end":{"line":234,"column":22}},"125":{"start":{"line":236,"column":8},"end":{"line":236,"column":27}},"126":{"start":{"line":237,"column":8},"end":{"line":237,"column":18}},"127":{"start":{"line":241,"column":0},"end":{"line":250,"column":1}},"128":{"start":{"line":242,"column":4},"end":{"line":249,"column":5}},"129":{"start":{"line":243,"column":25},"end":{"line":243,"column":52}},"130":{"start":{"line":244,"column":23},"end":{"line":244,"column":92}},"131":{"start":{"line":245,"column":8},"end":{"line":245,"column":22}},"132":{"start":{"line":247,"column":8},"end":{"line":247,"column":25}},"133":{"start":{"line":248,"column":8},"end":{"line":248,"column":18}},"134":{"start":{"line":255,"column":0},"end":{"line":342,"column":1}},"135":{"start":{"line":256,"column":4},"end":{"line":341,"column":5}},"136":{"start":{"line":258,"column":24},"end":{"line":258,"column":46}},"137":{"start":{"line":259,"column":24},"end":{"line":259,"column":57}},"138":{"start":{"line":260,"column":24},"end":{"line":260,"column":44}},"139":{"start":{"line":261,"column":23},"end":{"line":261,"column":42}},"140":{"start":{"line":264,"column":21},"end":{"line":264,"column":46}},"141":{"start":{"line":265,"column":28},"end":{"line":265,"column":51}},"142":{"start":{"line":266,"column":24},"end":{"line":273,"column":9}},"143":{"start":{"line":276,"column":24},"end":{"line":276,"column":70}},"144":{"start":{"line":279,"column":32},"end":{"line":279,"column":42}},"145":{"start":{"line":280,"column":23},"end":{"line":280,"column":33}},"146":{"start":{"line":281,"column":29},"end":{"line":281,"column":34}},"147":{"start":{"line":282,"column":8},"end":{"line":287,"column":9}},"148":{"start":{"line":283,"column":12},"end":{"line":283,"column":34}},"149":{"start":{"line":284,"column":12},"end":{"line":284,"column":57}},"150":{"start":{"line":286,"column":12},"end":{"line":286,"column":58}},"151":{"start":{"line":290,"column":8},"end":{"line":335,"column":9}},"152":{"start":{"line":291,"column":27},"end":{"line":291,"column":29}},"153":{"start":{"line":295,"column":28},"end":{"line":295,"column":63}},"154":{"start":{"line":296,"column":12},"end":{"line":321,"column":15}},"155":{"start":{"line":297,"column":16},"end":{"line":297,"column":38}},"156":{"start":{"line":298,"column":35},"end":{"line":318,"column":18}},"157":{"start":{"line":300,"column":24},"end":{"line":300,"column":54}},"158":{"start":{"line":301,"column":24},"end":{"line":301,"column":64}},"159":{"start":{"line":302,"column":24},"end":{"line":302,"column":46}},"160":{"start":{"line":303,"column":24},"end":{"line":303,"column":33}},"161":{"start":{"line":305,"column":39},"end":{"line":305,"column":69}},"162":{"start":{"line":309,"column":20},"end":{"line":315,"column":23}},"163":{"start":{"line":310,"column":24},"end":{"line":310,"column":51}},"164":{"start":{"line":311,"column":24},"end":{"line":311,"column":64}},"165":{"start":{"line":313,"column":24},"end":{"line":313,"column":74}},"166":{"start":{"line":314,"column":24},"end":{"line":314,"column":45}},"167":{"start":{"line":317,"column":20},"end":{"line":317,"column":39}},"168":{"start":{"line":320,"column":16},"end":{"line":320,"column":44}},"169":{"start":{"line":324,"column":30},"end":{"line":328,"column":13}},"170":{"start":{"line":329,"column":32},"end":{"line":329,"column":66}},"171":{"start":{"line":330,"column":12},"end":{"line":330,"column":39}},"172":{"start":{"line":332,"column":12},"end":{"line":332,"column":41}},"173":{"start":{"line":334,"column":12},"end":{"line":334,"column":72}},"174":{"start":{"line":339,"column":8},"end":{"line":339,"column":27}},"175":{"start":{"line":340,"column":8},"end":{"line":340,"column":18}},"176":{"start":{"line":348,"column":0},"end":{"line":357,"column":1}},"177":{"start":{"line":349,"column":4},"end":{"line":356,"column":5}},"178":{"start":{"line":350,"column":25},"end":{"line":350,"column":52}},"179":{"start":{"line":351,"column":23},"end":{"line":351,"column":80}},"180":{"start":{"line":352,"column":8},"end":{"line":352,"column":22}},"181":{"start":{"line":354,"column":8},"end":{"line":354,"column":27}},"182":{"start":{"line":355,"column":8},"end":{"line":355,"column":18}},"183":{"start":{"line":359,"column":0},"end":{"line":367,"column":1}},"184":{"start":{"line":360,"column":4},"end":{"line":366,"column":5}},"185":{"start":{"line":361,"column":19},"end":{"line":361,"column":41}},"186":{"start":{"line":362,"column":24},"end":{"line":362,"column":55}},"187":{"start":{"line":363,"column":8},"end":{"line":363,"column":23}},"188":{"start":{"line":365,"column":8},"end":{"line":365,"column":18}},"189":{"start":{"line":370,"column":0},"end":{"line":383,"column":1}},"190":{"start":{"line":371,"column":4},"end":{"line":371,"column":46}},"191":{"start":{"line":372,"column":4},"end":{"line":372,"column":46}},"192":{"start":{"line":373,"column":4},"end":{"line":373,"column":48}},"193":{"start":{"line":374,"column":4},"end":{"line":374,"column":50}},"194":{"start":{"line":375,"column":4},"end":{"line":375,"column":34}},"195":{"start":{"line":376,"column":4},"end":{"line":376,"column":58}},"196":{"start":{"line":377,"column":4},"end":{"line":377,"column":66}},"197":{"start":{"line":378,"column":4},"end":{"line":378,"column":44}},"198":{"start":{"line":379,"column":4},"end":{"line":379,"column":32}},"199":{"start":{"line":380,"column":4},"end":{"line":380,"column":50}},"200":{"start":{"line":381,"column":4},"end":{"line":381,"column":30}},"201":{"start":{"line":382,"column":4},"end":{"line":382,"column":32}}},"fnMap":{"0":{"name":"getContractOrg1","decl":{"start":{"line":39,"column":15},"end":{"line":39,"column":30}},"loc":{"start":{"line":39,"column":37},"end":{"line":56,"column":1}},"line":39},"1":{"name":"getContractOrg2","decl":{"start":{"line":58,"column":15},"end":{"line":58,"column":30}},"loc":{"start":{"line":58,"column":37},"end":{"line":75,"column":1}},"line":58},"2":{"name":"getChannal","decl":{"start":{"line":77,"column":15},"end":{"line":77,"column":25}},"loc":{"start":{"line":77,"column":32},"end":{"line":94,"column":1}},"line":77},"3":{"name":"(anonymous_3)","decl":{"start":{"line":99,"column":16},"end":{"line":99,"column":17}},"loc":{"start":{"line":99,"column":31},"end":{"line":108,"column":1}},"line":99},"4":{"name":"(anonymous_4)","decl":{"start":{"line":114,"column":24},"end":{"line":114,"column":25}},"loc":{"start":{"line":114,"column":51},"end":{"line":135,"column":1}},"line":114},"5":{"name":"(anonymous_5)","decl":{"start":{"line":137,"column":17},"end":{"line":137,"column":18}},"loc":{"start":{"line":137,"column":45},"end":{"line":152,"column":1}},"line":137},"6":{"name":"(anonymous_6)","decl":{"start":{"line":154,"column":21},"end":{"line":154,"column":22}},"loc":{"start":{"line":154,"column":36},"end":{"line":163,"column":1}},"line":154},"7":{"name":"(anonymous_7)","decl":{"start":{"line":165,"column":29},"end":{"line":165,"column":30}},"loc":{"start":{"line":165,"column":44},"end":{"line":174,"column":1}},"line":165},"8":{"name":"(anonymous_8)","decl":{"start":{"line":176,"column":25},"end":{"line":176,"column":26}},"loc":{"start":{"line":176,"column":37},"end":{"line":185,"column":1}},"line":176},"9":{"name":"(anonymous_9)","decl":{"start":{"line":190,"column":33},"end":{"line":190,"column":34}},"loc":{"start":{"line":190,"column":48},"end":{"line":199,"column":1}},"line":190},"10":{"name":"(anonymous_10)","decl":{"start":{"line":201,"column":37},"end":{"line":201,"column":38}},"loc":{"start":{"line":201,"column":52},"end":{"line":210,"column":1}},"line":201},"11":{"name":"(anonymous_11)","decl":{"start":{"line":215,"column":23},"end":{"line":215,"column":24}},"loc":{"start":{"line":215,"column":38},"end":{"line":224,"column":1}},"line":215},"12":{"name":"(anonymous_12)","decl":{"start":{"line":230,"column":30},"end":{"line":230,"column":31}},"loc":{"start":{"line":230,"column":67},"end":{"line":239,"column":1}},"line":230},"13":{"name":"(anonymous_13)","decl":{"start":{"line":241,"column":30},"end":{"line":241,"column":31}},"loc":{"start":{"line":241,"column":48},"end":{"line":250,"column":1}},"line":241},"14":{"name":"(anonymous_14)","decl":{"start":{"line":255,"column":15},"end":{"line":255,"column":16}},"loc":{"start":{"line":255,"column":27},"end":{"line":342,"column":1}},"line":255},"15":{"name":"(anonymous_15)","decl":{"start":{"line":296,"column":30},"end":{"line":296,"column":31}},"loc":{"start":{"line":296,"column":44},"end":{"line":321,"column":13}},"line":296},"16":{"name":"(anonymous_16)","decl":{"start":{"line":298,"column":47},"end":{"line":298,"column":48}},"loc":{"start":{"line":298,"column":68},"end":{"line":318,"column":17}},"line":298},"17":{"name":"whenTimeout","decl":{"start":{"line":299,"column":29},"end":{"line":299,"column":40}},"loc":{"start":{"line":299,"column":43},"end":{"line":304,"column":21}},"line":299},"18":{"name":"(anonymous_18)","decl":{"start":{"line":309,"column":58},"end":{"line":309,"column":59}},"loc":{"start":{"line":309,"column":75},"end":{"line":315,"column":21}},"line":309},"19":{"name":"(anonymous_19)","decl":{"start":{"line":348,"column":17},"end":{"line":348,"column":18}},"loc":{"start":{"line":348,"column":40},"end":{"line":357,"column":1}},"line":348},"20":{"name":"(anonymous_20)","decl":{"start":{"line":359,"column":18},"end":{"line":359,"column":19}},"loc":{"start":{"line":359,"column":34},"end":{"line":367,"column":1}},"line":359}},"branchMap":{"0":{"loc":{"start":{"line":6,"column":16},"end":{"line":6,"column":54}},"type":"binary-expr","locations":[{"start":{"line":6,"column":16},"end":{"line":6,"column":32}},{"start":{"line":6,"column":36},"end":{"line":6,"column":54}}],"line":6},"1":{"loc":{"start":{"line":10,"column":17},"end":{"line":10,"column":55}},"type":"binary-expr","locations":[{"start":{"line":10,"column":17},"end":{"line":10,"column":33}},{"start":{"line":10,"column":37},"end":{"line":10,"column":55}}],"line":10},"2":{"loc":{"start":{"line":46,"column":8},"end":{"line":48,"column":9}},"type":"if","locations":[{"start":{"line":46,"column":8},"end":{"line":48,"column":9}},{"start":{"line":46,"column":8},"end":{"line":48,"column":9}}],"line":46},"3":{"loc":{"start":{"line":65,"column":8},"end":{"line":67,"column":9}},"type":"if","locations":[{"start":{"line":65,"column":8},"end":{"line":67,"column":9}},{"start":{"line":65,"column":8},"end":{"line":67,"column":9}}],"line":65},"4":{"loc":{"start":{"line":84,"column":8},"end":{"line":86,"column":9}},"type":"if","locations":[{"start":{"line":84,"column":8},"end":{"line":86,"column":9}},{"start":{"line":84,"column":8},"end":{"line":86,"column":9}}],"line":84},"5":{"loc":{"start":{"line":139,"column":47},"end":{"line":139,"column":61}},"type":"binary-expr","locations":[{"start":{"line":139,"column":47},"end":{"line":139,"column":53}},{"start":{"line":139,"column":57},"end":{"line":139,"column":61}}],"line":139},"6":{"loc":{"start":{"line":282,"column":8},"end":{"line":287,"column":9}},"type":"if","locations":[{"start":{"line":282,"column":8},"end":{"line":287,"column":9}},{"start":{"line":282,"column":8},"end":{"line":287,"column":9}}],"line":282},"7":{"loc":{"start":{"line":282,"column":12},"end":{"line":282,"column":110}},"type":"binary-expr","locations":[{"start":{"line":282,"column":12},"end":{"line":282,"column":29}},{"start":{"line":282,"column":33},"end":{"line":282,"column":62}},{"start":{"line":282,"column":66},"end":{"line":282,"column":110}}],"line":282},"8":{"loc":{"start":{"line":290,"column":8},"end":{"line":335,"column":9}},"type":"if","locations":[{"start":{"line":290,"column":8},"end":{"line":335,"column":9}},{"start":{"line":290,"column":8},"end":{"line":335,"column":9}}],"line":290},"9":{"loc":{"start":{"line":370,"column":0},"end":{"line":383,"column":1}},"type":"if","locations":[{"start":{"line":370,"column":0},"end":{"line":383,"column":1}},{"start":{"line":370,"column":0},"end":{"line":383,"column":1}}],"line":370}},"s":{"0":3,"1":3,"2":3,"3":3,"4":3,"5":3,"6":3,"7":3,"8":3,"9":3,"10":3,"11":3,"12":3,"13":3,"14":3,"15":3,"16":3,"17":3,"18":3,"19":3,"20":3,"21":3,"22":3,"23":3,"24":3,"25":5,"26":5,"27":5,"28":5,"29":5,"30":1,"31":4,"32":4,"33":4,"34":4,"35":1,"36":3,"37":3,"38":3,"39":3,"40":3,"41":1,"42":2,"43":2,"44":2,"45":2,"46":1,"47":0,"48":0,"49":0,"50":0,"51":0,"52":0,"53":0,"54":0,"55":0,"56":0,"57":0,"58":3,"59":2,"60":2,"61":2,"62":1,"63":1,"64":1,"65":3,"66":2,"67":2,"68":2,"69":1,"70":1,"71":1,"72":3,"73":2,"74":2,"75":2,"76":1,"77":1,"78":3,"79":0,"80":0,"81":0,"82":0,"83":0,"84":0,"85":3,"86":0,"87":0,"88":0,"89":0,"90":0,"91":0,"92":3,"93":0,"94":0,"95":0,"96":0,"97":0,"98":0,"99":3,"100":0,"101":0,"102":0,"103":0,"104":0,"105":0,"106":3,"107":0,"108":0,"109":0,"110":0,"111":0,"112":0,"113":3,"114":0,"115":0,"116":0,"117":0,"118":0,"119":0,"120":3,"121":0,"122":0,"123":0,"124":0,"125":0,"126":0,"127":3,"128":0,"129":0,"130":0,"131":0,"132":0,"133":0,"134":3,"135":0,"136":0,"137":0,"138":0,"139":0,"140":0,"141":0,"142":0,"143":0,"144":0,"145":0,"146":0,"147":0,"148":0,"149":0,"150":0,"151":0,"152":0,"153":0,"154":0,"155":0,"156":0,"157":0,"158":0,"159":0,"160":0,"161":0,"162":0,"163":0,"164":0,"165":0,"166":0,"167":0,"168":0,"169":0,"170":0,"171":0,"172":0,"173":0,"174":0,"175":0,"176":3,"177":0,"178":0,"179":0,"180":0,"181":0,"182":0,"183":3,"184":0,"185":0,"186":0,"187":0,"188":0,"189":3,"190":3,"191":3,"192":3,"193":3,"194":3,"195":3,"196":3,"197":3,"198":3,"199":3,"200":3,"201":3},"f":{"0":5,"1":3,"2":0,"3":2,"4":2,"5":2,"6":0,"7":0,"8":0,"9":0,"10":0,"11":0,"12":0,"13":0,"14":0,"15":0,"16":0,"17":0,"18":0,"19":0,"20":0},"b":{"0":[3,3],"1":[3,3],"2":[1,4],"3":[1,2],"4":[0,0],"5":[2,0],"6":[0,0],"7":[0,0,0],"8":[0,0],"9":[3,0]},"_coverageSchema":"43e27e138ebf9cfc5966b082cf9a028302ed4184","hash":"89258cd8c2be888c9be7e1036e57ba32dd039cf6"}
,"/home/sumrid/project/api/api_v2/src/config/firebase.js": {"path":"/home/sumrid/project/api/api_v2/src/config/firebase.js","statementMap":{"0":{"start":{"line":1,"column":12},"end":{"line":1,"column":37}},"1":{"start":{"line":3,"column":21},"end":{"line":3,"column":47}},"2":{"start":{"line":5,"column":0},"end":{"line":8,"column":3}}},"fnMap":{},"branchMap":{},"s":{"0":1,"1":1,"2":1},"f":{},"b":{},"_coverageSchema":"43e27e138ebf9cfc5966b082cf9a028302ed4184","hash":"3f861146d6e4a2b867309363ca261f99296a8bce"}
,"/home/sumrid/project/api/api_v2/test/mock.data.js": {"path":"/home/sumrid/project/api/api_v2/test/mock.data.js","statementMap":{"0":{"start":{"line":1,"column":0},"end":{"line":11,"column":2}}},"fnMap":{},"branchMap":{},"s":{"0":2},"f":{},"b":{},"_coverageSchema":"43e27e138ebf9cfc5966b082cf9a028302ed4184","hash":"c13ece79f95a1cb5edde1cbc3c2b7a5441aff15e"}
}
