{"/home/sumrid/project/api/api_v2/src/controller.js": {"path":"/home/sumrid/project/api/api_v2/src/controller.js","statementMap":{"0":{"start":{"line":1,"column":16},"end":{"line":1,"column":36}},"1":{"start":{"line":2,"column":17},"end":{"line":2,"column":46}},"2":{"start":{"line":3,"column":15},"end":{"line":3,"column":32}},"3":{"start":{"line":4,"column":12},"end":{"line":4,"column":30}},"4":{"start":{"line":5,"column":17},"end":{"line":5,"column":37}},"5":{"start":{"line":7,"column":24},"end":{"line":7,"column":47}},"6":{"start":{"line":8,"column":15},"end":{"line":8,"column":32}},"7":{"start":{"line":9,"column":11},"end":{"line":9,"column":24}},"8":{"start":{"line":10,"column":13},"end":{"line":10,"column":28}},"9":{"start":{"line":12,"column":24},"end":{"line":12,"column":45}},"10":{"start":{"line":19,"column":0},"end":{"line":39,"column":1}},"11":{"start":{"line":20,"column":17},"end":{"line":20,"column":31}},"12":{"start":{"line":21,"column":20},"end":{"line":21,"column":28}},"13":{"start":{"line":25,"column":4},"end":{"line":25,"column":30}},"14":{"start":{"line":26,"column":4},"end":{"line":26,"column":24}},"15":{"start":{"line":27,"column":4},"end":{"line":27,"column":28}},"16":{"start":{"line":28,"column":4},"end":{"line":28,"column":57}},"17":{"start":{"line":31,"column":4},"end":{"line":38,"column":5}},"18":{"start":{"line":33,"column":23},"end":{"line":33,"column":65}},"19":{"start":{"line":34,"column":8},"end":{"line":34,"column":44}},"20":{"start":{"line":35,"column":8},"end":{"line":35,"column":57}},"21":{"start":{"line":37,"column":8},"end":{"line":37,"column":34}},"22":{"start":{"line":44,"column":0},"end":{"line":55,"column":1}},"23":{"start":{"line":45,"column":17},"end":{"line":45,"column":30}},"24":{"start":{"line":46,"column":21},"end":{"line":46,"column":29}},"25":{"start":{"line":47,"column":4},"end":{"line":47,"column":53}},"26":{"start":{"line":49,"column":4},"end":{"line":54,"column":5}},"27":{"start":{"line":50,"column":8},"end":{"line":50,"column":45}},"28":{"start":{"line":51,"column":8},"end":{"line":51,"column":29}},"29":{"start":{"line":53,"column":8},"end":{"line":53,"column":34}},"30":{"start":{"line":57,"column":0},"end":{"line":64,"column":1}},"31":{"start":{"line":58,"column":4},"end":{"line":63,"column":5}},"32":{"start":{"line":59,"column":23},"end":{"line":59,"column":53}},"33":{"start":{"line":60,"column":8},"end":{"line":60,"column":45}},"34":{"start":{"line":62,"column":8},"end":{"line":62,"column":34}},"35":{"start":{"line":66,"column":0},"end":{"line":75,"column":1}},"36":{"start":{"line":67,"column":16},"end":{"line":67,"column":30}},"37":{"start":{"line":69,"column":4},"end":{"line":74,"column":5}},"38":{"start":{"line":70,"column":23},"end":{"line":70,"column":47}},"39":{"start":{"line":71,"column":8},"end":{"line":71,"column":45}},"40":{"start":{"line":73,"column":8},"end":{"line":73,"column":34}},"41":{"start":{"line":77,"column":0},"end":{"line":86,"column":1}},"42":{"start":{"line":78,"column":16},"end":{"line":78,"column":30}},"43":{"start":{"line":80,"column":4},"end":{"line":85,"column":5}},"44":{"start":{"line":81,"column":23},"end":{"line":81,"column":52}},"45":{"start":{"line":82,"column":8},"end":{"line":82,"column":45}},"46":{"start":{"line":84,"column":8},"end":{"line":84,"column":34}},"47":{"start":{"line":88,"column":0},"end":{"line":97,"column":1}},"48":{"start":{"line":89,"column":16},"end":{"line":89,"column":30}},"49":{"start":{"line":91,"column":4},"end":{"line":96,"column":5}},"50":{"start":{"line":92,"column":23},"end":{"line":92,"column":60}},"51":{"start":{"line":93,"column":8},"end":{"line":93,"column":45}},"52":{"start":{"line":95,"column":8},"end":{"line":95,"column":34}},"53":{"start":{"line":102,"column":0},"end":{"line":117,"column":1}},"54":{"start":{"line":103,"column":25},"end":{"line":103,"column":39}},"55":{"start":{"line":104,"column":25},"end":{"line":104,"column":44}},"56":{"start":{"line":105,"column":19},"end":{"line":105,"column":34}},"57":{"start":{"line":106,"column":20},"end":{"line":106,"column":61}},"58":{"start":{"line":107,"column":4},"end":{"line":107,"column":42}},"59":{"start":{"line":109,"column":20},"end":{"line":109,"column":78}},"60":{"start":{"line":110,"column":4},"end":{"line":116,"column":7}},"61":{"start":{"line":111,"column":8},"end":{"line":111,"column":41}},"62":{"start":{"line":111,"column":17},"end":{"line":111,"column":41}},"63":{"start":{"line":112,"column":8},"end":{"line":112,"column":46}},"64":{"start":{"line":114,"column":18},"end":{"line":114,"column":48}},"65":{"start":{"line":115,"column":8},"end":{"line":115,"column":24}},"66":{"start":{"line":121,"column":0},"end":{"line":142,"column":1}},"67":{"start":{"line":122,"column":21},"end":{"line":122,"column":29}},"68":{"start":{"line":123,"column":4},"end":{"line":123,"column":24}},"69":{"start":{"line":125,"column":4},"end":{"line":129,"column":5}},"70":{"start":{"line":126,"column":8},"end":{"line":126,"column":40}},"71":{"start":{"line":128,"column":8},"end":{"line":128,"column":34}},"72":{"start":{"line":131,"column":20},"end":{"line":131,"column":78}},"73":{"start":{"line":132,"column":4},"end":{"line":141,"column":7}},"74":{"start":{"line":133,"column":8},"end":{"line":136,"column":9}},"75":{"start":{"line":134,"column":12},"end":{"line":134,"column":29}},"76":{"start":{"line":135,"column":12},"end":{"line":135,"column":38}},"77":{"start":{"line":138,"column":23},"end":{"line":138,"column":53}},"78":{"start":{"line":139,"column":8},"end":{"line":139,"column":38}},"79":{"start":{"line":140,"column":8},"end":{"line":140,"column":29}},"80":{"start":{"line":148,"column":0},"end":{"line":176,"column":1}},"81":{"start":{"line":149,"column":15},"end":{"line":149,"column":61}},"82":{"start":{"line":150,"column":21},"end":{"line":150,"column":29}},"83":{"start":{"line":151,"column":4},"end":{"line":151,"column":24}},"84":{"start":{"line":159,"column":16},"end":{"line":159,"column":45}},"85":{"start":{"line":160,"column":20},"end":{"line":162,"column":6}},"86":{"start":{"line":165,"column":20},"end":{"line":165,"column":78}},"87":{"start":{"line":166,"column":4},"end":{"line":175,"column":7}},"88":{"start":{"line":167,"column":8},"end":{"line":170,"column":9}},"89":{"start":{"line":168,"column":12},"end":{"line":168,"column":29}},"90":{"start":{"line":169,"column":12},"end":{"line":169,"column":38}},"91":{"start":{"line":172,"column":23},"end":{"line":172,"column":53}},"92":{"start":{"line":173,"column":8},"end":{"line":173,"column":38}},"93":{"start":{"line":174,"column":8},"end":{"line":174,"column":29}},"94":{"start":{"line":181,"column":0},"end":{"line":191,"column":1}},"95":{"start":{"line":182,"column":21},"end":{"line":182,"column":29}},"96":{"start":{"line":183,"column":4},"end":{"line":183,"column":26}},"97":{"start":{"line":184,"column":4},"end":{"line":190,"column":5}},"98":{"start":{"line":186,"column":8},"end":{"line":186,"column":45}},"99":{"start":{"line":187,"column":8},"end":{"line":187,"column":28}},"100":{"start":{"line":189,"column":8},"end":{"line":189,"column":34}},"101":{"start":{"line":192,"column":0},"end":{"line":200,"column":1}},"102":{"start":{"line":193,"column":19},"end":{"line":193,"column":32}},"103":{"start":{"line":194,"column":4},"end":{"line":199,"column":5}},"104":{"start":{"line":195,"column":23},"end":{"line":195,"column":64}},"105":{"start":{"line":196,"column":8},"end":{"line":196,"column":45}},"106":{"start":{"line":198,"column":8},"end":{"line":198,"column":22}},"107":{"start":{"line":206,"column":0},"end":{"line":218,"column":1}},"108":{"start":{"line":207,"column":20},"end":{"line":207,"column":28}},"109":{"start":{"line":210,"column":4},"end":{"line":210,"column":30}},"110":{"start":{"line":212,"column":4},"end":{"line":217,"column":5}},"111":{"start":{"line":213,"column":8},"end":{"line":213,"column":44}},"112":{"start":{"line":214,"column":8},"end":{"line":214,"column":26}},"113":{"start":{"line":216,"column":8},"end":{"line":216,"column":24}},"114":{"start":{"line":219,"column":0},"end":{"line":228,"column":1}},"115":{"start":{"line":220,"column":16},"end":{"line":220,"column":27}},"116":{"start":{"line":221,"column":4},"end":{"line":227,"column":5}},"117":{"start":{"line":222,"column":23},"end":{"line":222,"column":57}},"118":{"start":{"line":223,"column":21},"end":{"line":223,"column":62}},"119":{"start":{"line":224,"column":8},"end":{"line":224,"column":23}},"120":{"start":{"line":226,"column":8},"end":{"line":226,"column":34}},"121":{"start":{"line":229,"column":0},"end":{"line":237,"column":1}},"122":{"start":{"line":230,"column":15},"end":{"line":230,"column":30}},"123":{"start":{"line":231,"column":4},"end":{"line":236,"column":5}},"124":{"start":{"line":232,"column":23},"end":{"line":232,"column":48}},"125":{"start":{"line":233,"column":8},"end":{"line":233,"column":25}},"126":{"start":{"line":235,"column":8},"end":{"line":235,"column":34}},"127":{"start":{"line":242,"column":17},"end":{"line":242,"column":41}},"128":{"start":{"line":268,"column":0},"end":{"line":281,"column":3}},"129":{"start":{"line":269,"column":20},"end":{"line":269,"column":50}},"130":{"start":{"line":270,"column":21},"end":{"line":270,"column":48}},"131":{"start":{"line":271,"column":4},"end":{"line":280,"column":7}},"132":{"start":{"line":272,"column":8},"end":{"line":279,"column":9}},"133":{"start":{"line":273,"column":28},"end":{"line":273,"column":62}},"134":{"start":{"line":274,"column":12},"end":{"line":274,"column":73}},"135":{"start":{"line":275,"column":12},"end":{"line":278,"column":13}},"136":{"start":{"line":276,"column":16},"end":{"line":276,"column":52}},"137":{"start":{"line":277,"column":16},"end":{"line":277,"column":43}}},"fnMap":{"0":{"name":"(anonymous_0)","decl":{"start":{"line":19,"column":24},"end":{"line":19,"column":25}},"loc":{"start":{"line":19,"column":44},"end":{"line":39,"column":1}},"line":19},"1":{"name":"(anonymous_1)","decl":{"start":{"line":44,"column":17},"end":{"line":44,"column":18}},"loc":{"start":{"line":44,"column":37},"end":{"line":55,"column":1}},"line":44},"2":{"name":"(anonymous_2)","decl":{"start":{"line":57,"column":25},"end":{"line":57,"column":26}},"loc":{"start":{"line":57,"column":45},"end":{"line":64,"column":1}},"line":57},"3":{"name":"(anonymous_3)","decl":{"start":{"line":66,"column":16},"end":{"line":66,"column":17}},"loc":{"start":{"line":66,"column":36},"end":{"line":75,"column":1}},"line":66},"4":{"name":"(anonymous_4)","decl":{"start":{"line":77,"column":21},"end":{"line":77,"column":22}},"loc":{"start":{"line":77,"column":41},"end":{"line":86,"column":1}},"line":77},"5":{"name":"(anonymous_5)","decl":{"start":{"line":88,"column":29},"end":{"line":88,"column":30}},"loc":{"start":{"line":88,"column":49},"end":{"line":97,"column":1}},"line":88},"6":{"name":"(anonymous_6)","decl":{"start":{"line":102,"column":19},"end":{"line":102,"column":20}},"loc":{"start":{"line":102,"column":39},"end":{"line":117,"column":1}},"line":102},"7":{"name":"(anonymous_7)","decl":{"start":{"line":110,"column":38},"end":{"line":110,"column":39}},"loc":{"start":{"line":110,"column":52},"end":{"line":116,"column":5}},"line":110},"8":{"name":"(anonymous_8)","decl":{"start":{"line":121,"column":27},"end":{"line":121,"column":28}},"loc":{"start":{"line":121,"column":47},"end":{"line":142,"column":1}},"line":121},"9":{"name":"(anonymous_9)","decl":{"start":{"line":132,"column":55},"end":{"line":132,"column":56}},"loc":{"start":{"line":132,"column":69},"end":{"line":141,"column":5}},"line":132},"10":{"name":"(anonymous_10)","decl":{"start":{"line":148,"column":21},"end":{"line":148,"column":22}},"loc":{"start":{"line":148,"column":41},"end":{"line":176,"column":1}},"line":148},"11":{"name":"(anonymous_11)","decl":{"start":{"line":166,"column":38},"end":{"line":166,"column":39}},"loc":{"start":{"line":166,"column":52},"end":{"line":175,"column":5}},"line":166},"12":{"name":"(anonymous_12)","decl":{"start":{"line":181,"column":17},"end":{"line":181,"column":18}},"loc":{"start":{"line":181,"column":37},"end":{"line":191,"column":1}},"line":181},"13":{"name":"(anonymous_13)","decl":{"start":{"line":192,"column":30},"end":{"line":192,"column":31}},"loc":{"start":{"line":192,"column":50},"end":{"line":200,"column":1}},"line":192},"14":{"name":"(anonymous_14)","decl":{"start":{"line":206,"column":19},"end":{"line":206,"column":20}},"loc":{"start":{"line":206,"column":39},"end":{"line":218,"column":1}},"line":206},"15":{"name":"(anonymous_15)","decl":{"start":{"line":219,"column":18},"end":{"line":219,"column":19}},"loc":{"start":{"line":219,"column":38},"end":{"line":228,"column":1}},"line":219},"16":{"name":"(anonymous_16)","decl":{"start":{"line":229,"column":16},"end":{"line":229,"column":17}},"loc":{"start":{"line":229,"column":36},"end":{"line":237,"column":1}},"line":229},"17":{"name":"(anonymous_17)","decl":{"start":{"line":268,"column":39},"end":{"line":268,"column":40}},"loc":{"start":{"line":268,"column":51},"end":{"line":281,"column":1}},"line":268},"18":{"name":"(anonymous_18)","decl":{"start":{"line":271,"column":21},"end":{"line":271,"column":22}},"loc":{"start":{"line":271,"column":28},"end":{"line":280,"column":5}},"line":271}},"branchMap":{"0":{"loc":{"start":{"line":111,"column":8},"end":{"line":111,"column":41}},"type":"if","locations":[{"start":{"line":111,"column":8},"end":{"line":111,"column":41}},{"start":{"line":111,"column":8},"end":{"line":111,"column":41}}],"line":111},"1":{"loc":{"start":{"line":133,"column":8},"end":{"line":136,"column":9}},"type":"if","locations":[{"start":{"line":133,"column":8},"end":{"line":136,"column":9}},{"start":{"line":133,"column":8},"end":{"line":136,"column":9}}],"line":133},"2":{"loc":{"start":{"line":149,"column":15},"end":{"line":149,"column":61}},"type":"binary-expr","locations":[{"start":{"line":149,"column":15},"end":{"line":149,"column":34}},{"start":{"line":149,"column":38},"end":{"line":149,"column":61}}],"line":149},"3":{"loc":{"start":{"line":167,"column":8},"end":{"line":170,"column":9}},"type":"if","locations":[{"start":{"line":167,"column":8},"end":{"line":170,"column":9}},{"start":{"line":167,"column":8},"end":{"line":170,"column":9}}],"line":167},"4":{"loc":{"start":{"line":272,"column":8},"end":{"line":279,"column":9}},"type":"if","locations":[{"start":{"line":272,"column":8},"end":{"line":279,"column":9}},{"start":{"line":272,"column":8},"end":{"line":279,"column":9}}],"line":272},"5":{"loc":{"start":{"line":275,"column":12},"end":{"line":278,"column":13}},"type":"if","locations":[{"start":{"line":275,"column":12},"end":{"line":278,"column":13}},{"start":{"line":275,"column":12},"end":{"line":278,"column":13}}],"line":275}},"s":{"0":1,"1":1,"2":1,"3":1,"4":1,"5":1,"6":1,"7":1,"8":1,"9":1,"10":1,"11":2,"12":2,"13":2,"14":2,"15":2,"16":2,"17":2,"18":2,"19":1,"20":1,"21":1,"22":1,"23":2,"24":2,"25":2,"26":2,"27":2,"28":1,"29":1,"30":1,"31":2,"32":2,"33":1,"34":1,"35":1,"36":2,"37":2,"38":2,"39":1,"40":1,"41":1,"42":0,"43":0,"44":0,"45":0,"46":0,"47":1,"48":0,"49":0,"50":0,"51":0,"52":0,"53":1,"54":0,"55":0,"56":0,"57":0,"58":0,"59":0,"60":0,"61":0,"62":0,"63":0,"64":0,"65":0,"66":1,"67":0,"68":0,"69":0,"70":0,"71":0,"72":0,"73":0,"74":0,"75":0,"76":0,"77":0,"78":0,"79":0,"80":1,"81":0,"82":0,"83":0,"84":0,"85":0,"86":0,"87":0,"88":0,"89":0,"90":0,"91":0,"92":0,"93":0,"94":1,"95":0,"96":0,"97":0,"98":0,"99":0,"100":0,"101":1,"102":0,"103":0,"104":0,"105":0,"106":0,"107":1,"108":0,"109":0,"110":0,"111":0,"112":0,"113":0,"114":1,"115":0,"116":0,"117":0,"118":0,"119":0,"120":0,"121":1,"122":0,"123":0,"124":0,"125":0,"126":0,"127":1,"128":1,"129":0,"130":0,"131":0,"132":0,"133":0,"134":0,"135":0,"136":0,"137":0},"f":{"0":2,"1":2,"2":2,"3":2,"4":0,"5":0,"6":0,"7":0,"8":0,"9":0,"10":0,"11":0,"12":0,"13":0,"14":0,"15":0,"16":0,"17":0,"18":0},"b":{"0":[0,0],"1":[0,0],"2":[0,0],"3":[0,0],"4":[0,0],"5":[0,0]},"_coverageSchema":"43e27e138ebf9cfc5966b082cf9a028302ed4184","hash":"efc713d94320bb332701a61ec76710bde47c486f"}
,"/home/sumrid/project/api/api_v2/src/main.js": {"path":"/home/sumrid/project/api/api_v2/src/main.js","statementMap":{"0":{"start":{"line":1,"column":16},"end":{"line":1,"column":34}},"1":{"start":{"line":2,"column":19},"end":{"line":2,"column":41}},"2":{"start":{"line":3,"column":13},"end":{"line":3,"column":28}},"3":{"start":{"line":4,"column":15},"end":{"line":4,"column":32}},"4":{"start":{"line":6,"column":0},"end":{"line":6,"column":32}},"5":{"start":{"line":10,"column":15},"end":{"line":10,"column":24}},"6":{"start":{"line":11,"column":17},"end":{"line":11,"column":26}},"7":{"start":{"line":12,"column":13},"end":{"line":12,"column":17}},"8":{"start":{"line":15,"column":0},"end":{"line":15,"column":19}},"9":{"start":{"line":16,"column":0},"end":{"line":16,"column":29}},"10":{"start":{"line":17,"column":0},"end":{"line":17,"column":78}},"11":{"start":{"line":18,"column":0},"end":{"line":18,"column":31}},"12":{"start":{"line":21,"column":0},"end":{"line":21,"column":40}},"13":{"start":{"line":24,"column":0},"end":{"line":26,"column":3}},"14":{"start":{"line":25,"column":4},"end":{"line":25,"column":62}},"15":{"start":{"line":28,"column":0},"end":{"line":28,"column":24}}},"fnMap":{"0":{"name":"(anonymous_0)","decl":{"start":{"line":24,"column":30},"end":{"line":24,"column":31}},"loc":{"start":{"line":24,"column":36},"end":{"line":26,"column":1}},"line":24}},"branchMap":{},"s":{"0":1,"1":1,"2":1,"3":1,"4":1,"5":1,"6":1,"7":1,"8":1,"9":1,"10":1,"11":1,"12":1,"13":1,"14":1,"15":1},"f":{"0":1},"b":{},"_coverageSchema":"43e27e138ebf9cfc5966b082cf9a028302ed4184","hash":"dddbaa1ffaf3853f88f4504971f8e95fbd2a3c88"}
,"/home/sumrid/project/api/api_v2/src/router.js": {"path":"/home/sumrid/project/api/api_v2/src/router.js","statementMap":{"0":{"start":{"line":1,"column":16},"end":{"line":1,"column":34}},"1":{"start":{"line":2,"column":15},"end":{"line":2,"column":31}},"2":{"start":{"line":3,"column":19},"end":{"line":3,"column":42}},"3":{"start":{"line":5,"column":0},"end":{"line":5,"column":50}},"4":{"start":{"line":6,"column":0},"end":{"line":6,"column":50}},"5":{"start":{"line":7,"column":0},"end":{"line":7,"column":50}},"6":{"start":{"line":8,"column":0},"end":{"line":8,"column":44}},"7":{"start":{"line":9,"column":0},"end":{"line":9,"column":59}},"8":{"start":{"line":10,"column":0},"end":{"line":10,"column":69}},"9":{"start":{"line":12,"column":0},"end":{"line":12,"column":55}},"10":{"start":{"line":13,"column":0},"end":{"line":13,"column":57}},"11":{"start":{"line":14,"column":0},"end":{"line":14,"column":66}},"12":{"start":{"line":15,"column":0},"end":{"line":15,"column":60}},"13":{"start":{"line":17,"column":0},"end":{"line":17,"column":65}},"14":{"start":{"line":18,"column":0},"end":{"line":18,"column":42}},"15":{"start":{"line":19,"column":0},"end":{"line":19,"column":42}},"16":{"start":{"line":20,"column":0},"end":{"line":20,"column":44}},"17":{"start":{"line":21,"column":0},"end":{"line":23,"column":3}},"18":{"start":{"line":22,"column":4},"end":{"line":22,"column":39}},"19":{"start":{"line":25,"column":0},"end":{"line":25,"column":24}}},"fnMap":{"0":{"name":"(anonymous_0)","decl":{"start":{"line":21,"column":16},"end":{"line":21,"column":17}},"loc":{"start":{"line":21,"column":30},"end":{"line":23,"column":1}},"line":21}},"branchMap":{},"s":{"0":1,"1":1,"2":1,"3":1,"4":1,"5":1,"6":1,"7":1,"8":1,"9":1,"10":1,"11":1,"12":1,"13":1,"14":1,"15":1,"16":1,"17":1,"18":1,"19":1},"f":{"0":1},"b":{},"_coverageSchema":"43e27e138ebf9cfc5966b082cf9a028302ed4184","hash":"c7ab0d03c365a139e6420c9297652f6f06427edf"}
,"/home/sumrid/project/api/api_v2/src/service.firebase.js": {"path":"/home/sumrid/project/api/api_v2/src/service.firebase.js","statementMap":{"0":{"start":{"line":2,"column":0},"end":{"line":2,"column":34}},"1":{"start":{"line":3,"column":0},"end":{"line":3,"column":35}},"2":{"start":{"line":5,"column":14},"end":{"line":5,"column":39}},"3":{"start":{"line":6,"column":11},"end":{"line":6,"column":28}},"4":{"start":{"line":7,"column":26},"end":{"line":7,"column":51}},"5":{"start":{"line":8,"column":21},"end":{"line":8,"column":40}},"6":{"start":{"line":10,"column":15},"end":{"line":10,"column":32}},"7":{"start":{"line":11,"column":24},"end":{"line":11,"column":45}},"8":{"start":{"line":13,"column":0},"end":{"line":29,"column":1}},"9":{"start":{"line":14,"column":4},"end":{"line":14,"column":46}},"10":{"start":{"line":17,"column":20},"end":{"line":17,"column":69}},"11":{"start":{"line":18,"column":4},"end":{"line":18,"column":42}},"12":{"start":{"line":19,"column":4},"end":{"line":19,"column":30}},"13":{"start":{"line":22,"column":4},"end":{"line":22,"column":27}},"14":{"start":{"line":24,"column":4},"end":{"line":28,"column":5}},"15":{"start":{"line":25,"column":8},"end":{"line":25,"column":61}},"16":{"start":{"line":27,"column":8},"end":{"line":27,"column":18}},"17":{"start":{"line":31,"column":0},"end":{"line":34,"column":1}},"18":{"start":{"line":32,"column":4},"end":{"line":32,"column":45}},"19":{"start":{"line":33,"column":4},"end":{"line":33,"column":20}},"20":{"start":{"line":36,"column":0},"end":{"line":43,"column":1}},"21":{"start":{"line":37,"column":4},"end":{"line":42,"column":5}},"22":{"start":{"line":38,"column":23},"end":{"line":38,"column":61}},"23":{"start":{"line":39,"column":8},"end":{"line":39,"column":29}},"24":{"start":{"line":41,"column":8},"end":{"line":41,"column":18}},"25":{"start":{"line":48,"column":0},"end":{"line":54,"column":1}},"26":{"start":{"line":49,"column":4},"end":{"line":53,"column":5}},"27":{"start":{"line":50,"column":8},"end":{"line":50,"column":58}},"28":{"start":{"line":52,"column":8},"end":{"line":52,"column":18}},"29":{"start":{"line":55,"column":0},"end":{"line":61,"column":1}},"30":{"start":{"line":56,"column":4},"end":{"line":60,"column":5}},"31":{"start":{"line":57,"column":8},"end":{"line":57,"column":44}},"32":{"start":{"line":59,"column":8},"end":{"line":59,"column":18}}},"fnMap":{"0":{"name":"(anonymous_0)","decl":{"start":{"line":13,"column":22},"end":{"line":13,"column":23}},"loc":{"start":{"line":13,"column":41},"end":{"line":29,"column":1}},"line":13},"1":{"name":"(anonymous_1)","decl":{"start":{"line":31,"column":21},"end":{"line":31,"column":22}},"loc":{"start":{"line":31,"column":33},"end":{"line":34,"column":1}},"line":31},"2":{"name":"(anonymous_2)","decl":{"start":{"line":36,"column":25},"end":{"line":36,"column":26}},"loc":{"start":{"line":36,"column":40},"end":{"line":43,"column":1}},"line":36},"3":{"name":"(anonymous_3)","decl":{"start":{"line":48,"column":17},"end":{"line":48,"column":18}},"loc":{"start":{"line":48,"column":37},"end":{"line":54,"column":1}},"line":48},"4":{"name":"(anonymous_4)","decl":{"start":{"line":55,"column":19},"end":{"line":55,"column":20}},"loc":{"start":{"line":55,"column":33},"end":{"line":61,"column":1}},"line":55}},"branchMap":{},"s":{"0":1,"1":1,"2":1,"3":1,"4":1,"5":1,"6":1,"7":1,"8":1,"9":0,"10":0,"11":0,"12":0,"13":0,"14":0,"15":0,"16":0,"17":1,"18":0,"19":0,"20":1,"21":0,"22":0,"23":0,"24":0,"25":1,"26":0,"27":0,"28":0,"29":1,"30":0,"31":0,"32":0},"f":{"0":0,"1":0,"2":0,"3":0,"4":0},"b":{},"_coverageSchema":"43e27e138ebf9cfc5966b082cf9a028302ed4184","hash":"76bd329c7bc64f806e6975e9befc5c91ef15413a"}
,"/home/sumrid/project/api/api_v2/src/service.js": {"path":"/home/sumrid/project/api/api_v2/src/service.js","statementMap":{"0":{"start":{"line":1,"column":38},"end":{"line":1,"column":63}},"1":{"start":{"line":2,"column":11},"end":{"line":2,"column":24}},"2":{"start":{"line":3,"column":13},"end":{"line":3,"column":28}},"3":{"start":{"line":6,"column":16},"end":{"line":6,"column":54}},"4":{"start":{"line":7,"column":16},"end":{"line":7,"column":70}},"5":{"start":{"line":8,"column":16},"end":{"line":8,"column":48}},"6":{"start":{"line":9,"column":12},"end":{"line":9,"column":31}},"7":{"start":{"line":10,"column":17},"end":{"line":10,"column":55}},"8":{"start":{"line":11,"column":17},"end":{"line":11,"column":72}},"9":{"start":{"line":12,"column":17},"end":{"line":12,"column":50}},"10":{"start":{"line":13,"column":13},"end":{"line":13,"column":33}},"11":{"start":{"line":15,"column":13},"end":{"line":15,"column":20}},"12":{"start":{"line":18,"column":17},"end":{"line":18,"column":24}},"13":{"start":{"line":19,"column":18},"end":{"line":19,"column":26}},"14":{"start":{"line":20,"column":23},"end":{"line":20,"column":35}},"15":{"start":{"line":21,"column":25},"end":{"line":21,"column":39}},"16":{"start":{"line":22,"column":26},"end":{"line":22,"column":41}},"17":{"start":{"line":23,"column":26},"end":{"line":23,"column":44}},"18":{"start":{"line":24,"column":30},"end":{"line":24,"column":50}},"19":{"start":{"line":25,"column":34},"end":{"line":25,"column":57}},"20":{"start":{"line":26,"column":16},"end":{"line":26,"column":29}},"21":{"start":{"line":27,"column":17},"end":{"line":27,"column":30}},"22":{"start":{"line":37,"column":4},"end":{"line":52,"column":5}},"23":{"start":{"line":38,"column":27},"end":{"line":38,"column":68}},"24":{"start":{"line":39,"column":23},"end":{"line":39,"column":55}},"25":{"start":{"line":42,"column":27},"end":{"line":42,"column":52}},"26":{"start":{"line":43,"column":8},"end":{"line":45,"column":9}},"27":{"start":{"line":44,"column":12},"end":{"line":44,"column":95}},"28":{"start":{"line":46,"column":24},"end":{"line":46,"column":37}},"29":{"start":{"line":47,"column":8},"end":{"line":47,"column":94}},"30":{"start":{"line":48,"column":24},"end":{"line":48,"column":57}},"31":{"start":{"line":49,"column":8},"end":{"line":49,"column":45}},"32":{"start":{"line":51,"column":8},"end":{"line":51,"column":18}},"33":{"start":{"line":56,"column":4},"end":{"line":71,"column":5}},"34":{"start":{"line":57,"column":27},"end":{"line":57,"column":68}},"35":{"start":{"line":58,"column":23},"end":{"line":58,"column":55}},"36":{"start":{"line":61,"column":27},"end":{"line":61,"column":52}},"37":{"start":{"line":62,"column":8},"end":{"line":64,"column":9}},"38":{"start":{"line":63,"column":12},"end":{"line":63,"column":95}},"39":{"start":{"line":65,"column":24},"end":{"line":65,"column":37}},"40":{"start":{"line":66,"column":8},"end":{"line":66,"column":95}},"41":{"start":{"line":67,"column":24},"end":{"line":67,"column":57}},"42":{"start":{"line":68,"column":8},"end":{"line":68,"column":45}},"43":{"start":{"line":70,"column":8},"end":{"line":70,"column":18}},"44":{"start":{"line":75,"column":4},"end":{"line":90,"column":5}},"45":{"start":{"line":76,"column":27},"end":{"line":76,"column":68}},"46":{"start":{"line":77,"column":23},"end":{"line":77,"column":55}},"47":{"start":{"line":80,"column":27},"end":{"line":80,"column":52}},"48":{"start":{"line":81,"column":8},"end":{"line":83,"column":9}},"49":{"start":{"line":82,"column":12},"end":{"line":82,"column":95}},"50":{"start":{"line":84,"column":24},"end":{"line":84,"column":37}},"51":{"start":{"line":85,"column":8},"end":{"line":85,"column":95}},"52":{"start":{"line":86,"column":24},"end":{"line":86,"column":57}},"53":{"start":{"line":87,"column":8},"end":{"line":87,"column":36}},"54":{"start":{"line":89,"column":8},"end":{"line":89,"column":18}},"55":{"start":{"line":96,"column":0},"end":{"line":105,"column":1}},"56":{"start":{"line":97,"column":4},"end":{"line":104,"column":5}},"57":{"start":{"line":98,"column":25},"end":{"line":98,"column":52}},"58":{"start":{"line":99,"column":23},"end":{"line":99,"column":72}},"59":{"start":{"line":100,"column":8},"end":{"line":100,"column":22}},"60":{"start":{"line":102,"column":8},"end":{"line":102,"column":27}},"61":{"start":{"line":103,"column":8},"end":{"line":103,"column":18}},"62":{"start":{"line":111,"column":0},"end":{"line":132,"column":1}},"63":{"start":{"line":112,"column":4},"end":{"line":131,"column":5}},"64":{"start":{"line":113,"column":25},"end":{"line":113,"column":54}},"65":{"start":{"line":114,"column":23},"end":{"line":125,"column":40}},"66":{"start":{"line":127,"column":8},"end":{"line":127,"column":22}},"67":{"start":{"line":129,"column":8},"end":{"line":129,"column":27}},"68":{"start":{"line":130,"column":8},"end":{"line":130,"column":18}},"69":{"start":{"line":134,"column":0},"end":{"line":149,"column":1}},"70":{"start":{"line":135,"column":4},"end":{"line":148,"column":5}},"71":{"start":{"line":136,"column":25},"end":{"line":136,"column":62}},"72":{"start":{"line":137,"column":8},"end":{"line":144,"column":9}},"73":{"start":{"line":146,"column":8},"end":{"line":146,"column":27}},"74":{"start":{"line":147,"column":8},"end":{"line":147,"column":18}},"75":{"start":{"line":151,"column":0},"end":{"line":160,"column":1}},"76":{"start":{"line":152,"column":4},"end":{"line":159,"column":5}},"77":{"start":{"line":153,"column":25},"end":{"line":153,"column":52}},"78":{"start":{"line":154,"column":23},"end":{"line":154,"column":78}},"79":{"start":{"line":155,"column":8},"end":{"line":155,"column":22}},"80":{"start":{"line":157,"column":8},"end":{"line":157,"column":27}},"81":{"start":{"line":158,"column":8},"end":{"line":158,"column":18}},"82":{"start":{"line":162,"column":0},"end":{"line":171,"column":1}},"83":{"start":{"line":163,"column":4},"end":{"line":170,"column":5}},"84":{"start":{"line":164,"column":25},"end":{"line":164,"column":52}},"85":{"start":{"line":165,"column":23},"end":{"line":165,"column":85}},"86":{"start":{"line":166,"column":8},"end":{"line":166,"column":22}},"87":{"start":{"line":168,"column":8},"end":{"line":168,"column":27}},"88":{"start":{"line":169,"column":8},"end":{"line":169,"column":18}},"89":{"start":{"line":173,"column":0},"end":{"line":182,"column":1}},"90":{"start":{"line":174,"column":4},"end":{"line":181,"column":5}},"91":{"start":{"line":175,"column":25},"end":{"line":175,"column":52}},"92":{"start":{"line":176,"column":23},"end":{"line":176,"column":76}},"93":{"start":{"line":177,"column":8},"end":{"line":177,"column":22}},"94":{"start":{"line":179,"column":8},"end":{"line":179,"column":27}},"95":{"start":{"line":180,"column":8},"end":{"line":180,"column":18}},"96":{"start":{"line":184,"column":0},"end":{"line":193,"column":1}},"97":{"start":{"line":185,"column":4},"end":{"line":192,"column":5}},"98":{"start":{"line":186,"column":25},"end":{"line":186,"column":52}},"99":{"start":{"line":187,"column":23},"end":{"line":187,"column":78}},"100":{"start":{"line":188,"column":8},"end":{"line":188,"column":22}},"101":{"start":{"line":190,"column":8},"end":{"line":190,"column":27}},"102":{"start":{"line":191,"column":8},"end":{"line":191,"column":18}},"103":{"start":{"line":195,"column":0},"end":{"line":204,"column":1}},"104":{"start":{"line":196,"column":4},"end":{"line":203,"column":5}},"105":{"start":{"line":197,"column":25},"end":{"line":197,"column":52}},"106":{"start":{"line":198,"column":23},"end":{"line":198,"column":92}},"107":{"start":{"line":199,"column":8},"end":{"line":199,"column":22}},"108":{"start":{"line":201,"column":8},"end":{"line":201,"column":25}},"109":{"start":{"line":202,"column":8},"end":{"line":202,"column":18}},"110":{"start":{"line":209,"column":0},"end":{"line":296,"column":1}},"111":{"start":{"line":210,"column":4},"end":{"line":295,"column":5}},"112":{"start":{"line":212,"column":24},"end":{"line":212,"column":46}},"113":{"start":{"line":213,"column":24},"end":{"line":213,"column":57}},"114":{"start":{"line":214,"column":24},"end":{"line":214,"column":44}},"115":{"start":{"line":215,"column":23},"end":{"line":215,"column":42}},"116":{"start":{"line":218,"column":21},"end":{"line":218,"column":46}},"117":{"start":{"line":219,"column":28},"end":{"line":219,"column":51}},"118":{"start":{"line":220,"column":24},"end":{"line":227,"column":9}},"119":{"start":{"line":230,"column":24},"end":{"line":230,"column":70}},"120":{"start":{"line":233,"column":32},"end":{"line":233,"column":42}},"121":{"start":{"line":234,"column":23},"end":{"line":234,"column":33}},"122":{"start":{"line":235,"column":29},"end":{"line":235,"column":34}},"123":{"start":{"line":236,"column":8},"end":{"line":241,"column":9}},"124":{"start":{"line":237,"column":12},"end":{"line":237,"column":34}},"125":{"start":{"line":238,"column":12},"end":{"line":238,"column":57}},"126":{"start":{"line":240,"column":12},"end":{"line":240,"column":58}},"127":{"start":{"line":244,"column":8},"end":{"line":289,"column":9}},"128":{"start":{"line":245,"column":27},"end":{"line":245,"column":29}},"129":{"start":{"line":249,"column":28},"end":{"line":249,"column":63}},"130":{"start":{"line":250,"column":12},"end":{"line":275,"column":15}},"131":{"start":{"line":251,"column":16},"end":{"line":251,"column":38}},"132":{"start":{"line":252,"column":35},"end":{"line":272,"column":18}},"133":{"start":{"line":254,"column":24},"end":{"line":254,"column":54}},"134":{"start":{"line":255,"column":24},"end":{"line":255,"column":64}},"135":{"start":{"line":256,"column":24},"end":{"line":256,"column":46}},"136":{"start":{"line":257,"column":24},"end":{"line":257,"column":33}},"137":{"start":{"line":259,"column":39},"end":{"line":259,"column":69}},"138":{"start":{"line":263,"column":20},"end":{"line":269,"column":23}},"139":{"start":{"line":264,"column":24},"end":{"line":264,"column":51}},"140":{"start":{"line":265,"column":24},"end":{"line":265,"column":64}},"141":{"start":{"line":267,"column":24},"end":{"line":267,"column":74}},"142":{"start":{"line":268,"column":24},"end":{"line":268,"column":45}},"143":{"start":{"line":271,"column":20},"end":{"line":271,"column":39}},"144":{"start":{"line":274,"column":16},"end":{"line":274,"column":44}},"145":{"start":{"line":278,"column":30},"end":{"line":282,"column":13}},"146":{"start":{"line":283,"column":32},"end":{"line":283,"column":66}},"147":{"start":{"line":284,"column":12},"end":{"line":284,"column":39}},"148":{"start":{"line":286,"column":12},"end":{"line":286,"column":41}},"149":{"start":{"line":288,"column":12},"end":{"line":288,"column":72}},"150":{"start":{"line":293,"column":8},"end":{"line":293,"column":27}},"151":{"start":{"line":294,"column":8},"end":{"line":294,"column":18}},"152":{"start":{"line":302,"column":0},"end":{"line":311,"column":1}},"153":{"start":{"line":303,"column":4},"end":{"line":310,"column":5}},"154":{"start":{"line":304,"column":25},"end":{"line":304,"column":52}},"155":{"start":{"line":305,"column":23},"end":{"line":305,"column":80}},"156":{"start":{"line":306,"column":8},"end":{"line":306,"column":22}},"157":{"start":{"line":308,"column":8},"end":{"line":308,"column":27}},"158":{"start":{"line":309,"column":8},"end":{"line":309,"column":18}},"159":{"start":{"line":313,"column":0},"end":{"line":321,"column":1}},"160":{"start":{"line":314,"column":4},"end":{"line":320,"column":5}},"161":{"start":{"line":315,"column":19},"end":{"line":315,"column":41}},"162":{"start":{"line":316,"column":24},"end":{"line":316,"column":55}},"163":{"start":{"line":317,"column":8},"end":{"line":317,"column":23}},"164":{"start":{"line":319,"column":8},"end":{"line":319,"column":18}},"165":{"start":{"line":324,"column":0},"end":{"line":326,"column":1}},"166":{"start":{"line":325,"column":4},"end":{"line":325,"column":46}}},"fnMap":{"0":{"name":"getContractOrg1","decl":{"start":{"line":36,"column":15},"end":{"line":36,"column":30}},"loc":{"start":{"line":36,"column":37},"end":{"line":53,"column":1}},"line":36},"1":{"name":"getContractOrg2","decl":{"start":{"line":55,"column":15},"end":{"line":55,"column":30}},"loc":{"start":{"line":55,"column":37},"end":{"line":72,"column":1}},"line":55},"2":{"name":"getChannal","decl":{"start":{"line":74,"column":15},"end":{"line":74,"column":25}},"loc":{"start":{"line":74,"column":32},"end":{"line":91,"column":1}},"line":74},"3":{"name":"(anonymous_3)","decl":{"start":{"line":96,"column":16},"end":{"line":96,"column":17}},"loc":{"start":{"line":96,"column":31},"end":{"line":105,"column":1}},"line":96},"4":{"name":"(anonymous_4)","decl":{"start":{"line":111,"column":24},"end":{"line":111,"column":25}},"loc":{"start":{"line":111,"column":51},"end":{"line":132,"column":1}},"line":111},"5":{"name":"(anonymous_5)","decl":{"start":{"line":134,"column":17},"end":{"line":134,"column":18}},"loc":{"start":{"line":134,"column":45},"end":{"line":149,"column":1}},"line":134},"6":{"name":"(anonymous_6)","decl":{"start":{"line":151,"column":21},"end":{"line":151,"column":22}},"loc":{"start":{"line":151,"column":36},"end":{"line":160,"column":1}},"line":151},"7":{"name":"(anonymous_7)","decl":{"start":{"line":162,"column":29},"end":{"line":162,"column":30}},"loc":{"start":{"line":162,"column":44},"end":{"line":171,"column":1}},"line":162},"8":{"name":"(anonymous_8)","decl":{"start":{"line":173,"column":25},"end":{"line":173,"column":26}},"loc":{"start":{"line":173,"column":37},"end":{"line":182,"column":1}},"line":173},"9":{"name":"(anonymous_9)","decl":{"start":{"line":184,"column":23},"end":{"line":184,"column":24}},"loc":{"start":{"line":184,"column":38},"end":{"line":193,"column":1}},"line":184},"10":{"name":"(anonymous_10)","decl":{"start":{"line":195,"column":30},"end":{"line":195,"column":31}},"loc":{"start":{"line":195,"column":48},"end":{"line":204,"column":1}},"line":195},"11":{"name":"(anonymous_11)","decl":{"start":{"line":209,"column":15},"end":{"line":209,"column":16}},"loc":{"start":{"line":209,"column":27},"end":{"line":296,"column":1}},"line":209},"12":{"name":"(anonymous_12)","decl":{"start":{"line":250,"column":30},"end":{"line":250,"column":31}},"loc":{"start":{"line":250,"column":44},"end":{"line":275,"column":13}},"line":250},"13":{"name":"(anonymous_13)","decl":{"start":{"line":252,"column":47},"end":{"line":252,"column":48}},"loc":{"start":{"line":252,"column":68},"end":{"line":272,"column":17}},"line":252},"14":{"name":"whenTimeout","decl":{"start":{"line":253,"column":29},"end":{"line":253,"column":40}},"loc":{"start":{"line":253,"column":43},"end":{"line":258,"column":21}},"line":253},"15":{"name":"(anonymous_15)","decl":{"start":{"line":263,"column":58},"end":{"line":263,"column":59}},"loc":{"start":{"line":263,"column":75},"end":{"line":269,"column":21}},"line":263},"16":{"name":"(anonymous_16)","decl":{"start":{"line":302,"column":17},"end":{"line":302,"column":18}},"loc":{"start":{"line":302,"column":40},"end":{"line":311,"column":1}},"line":302},"17":{"name":"(anonymous_17)","decl":{"start":{"line":313,"column":18},"end":{"line":313,"column":19}},"loc":{"start":{"line":313,"column":34},"end":{"line":321,"column":1}},"line":313}},"branchMap":{"0":{"loc":{"start":{"line":6,"column":16},"end":{"line":6,"column":54}},"type":"binary-expr","locations":[{"start":{"line":6,"column":16},"end":{"line":6,"column":32}},{"start":{"line":6,"column":36},"end":{"line":6,"column":54}}],"line":6},"1":{"loc":{"start":{"line":10,"column":17},"end":{"line":10,"column":55}},"type":"binary-expr","locations":[{"start":{"line":10,"column":17},"end":{"line":10,"column":33}},{"start":{"line":10,"column":37},"end":{"line":10,"column":55}}],"line":10},"2":{"loc":{"start":{"line":43,"column":8},"end":{"line":45,"column":9}},"type":"if","locations":[{"start":{"line":43,"column":8},"end":{"line":45,"column":9}},{"start":{"line":43,"column":8},"end":{"line":45,"column":9}}],"line":43},"3":{"loc":{"start":{"line":62,"column":8},"end":{"line":64,"column":9}},"type":"if","locations":[{"start":{"line":62,"column":8},"end":{"line":64,"column":9}},{"start":{"line":62,"column":8},"end":{"line":64,"column":9}}],"line":62},"4":{"loc":{"start":{"line":81,"column":8},"end":{"line":83,"column":9}},"type":"if","locations":[{"start":{"line":81,"column":8},"end":{"line":83,"column":9}},{"start":{"line":81,"column":8},"end":{"line":83,"column":9}}],"line":81},"5":{"loc":{"start":{"line":136,"column":47},"end":{"line":136,"column":61}},"type":"binary-expr","locations":[{"start":{"line":136,"column":47},"end":{"line":136,"column":53}},{"start":{"line":136,"column":57},"end":{"line":136,"column":61}}],"line":136},"6":{"loc":{"start":{"line":236,"column":8},"end":{"line":241,"column":9}},"type":"if","locations":[{"start":{"line":236,"column":8},"end":{"line":241,"column":9}},{"start":{"line":236,"column":8},"end":{"line":241,"column":9}}],"line":236},"7":{"loc":{"start":{"line":236,"column":12},"end":{"line":236,"column":110}},"type":"binary-expr","locations":[{"start":{"line":236,"column":12},"end":{"line":236,"column":29}},{"start":{"line":236,"column":33},"end":{"line":236,"column":62}},{"start":{"line":236,"column":66},"end":{"line":236,"column":110}}],"line":236},"8":{"loc":{"start":{"line":244,"column":8},"end":{"line":289,"column":9}},"type":"if","locations":[{"start":{"line":244,"column":8},"end":{"line":289,"column":9}},{"start":{"line":244,"column":8},"end":{"line":289,"column":9}}],"line":244},"9":{"loc":{"start":{"line":324,"column":0},"end":{"line":326,"column":1}},"type":"if","locations":[{"start":{"line":324,"column":0},"end":{"line":326,"column":1}},{"start":{"line":324,"column":0},"end":{"line":326,"column":1}}],"line":324}},"s":{"0":2,"1":2,"2":2,"3":2,"4":2,"5":2,"6":2,"7":2,"8":2,"9":2,"10":2,"11":2,"12":2,"13":2,"14":2,"15":2,"16":2,"17":2,"18":2,"19":2,"20":2,"21":2,"22":1,"23":1,"24":1,"25":1,"26":1,"27":1,"28":0,"29":0,"30":0,"31":0,"32":1,"33":0,"34":0,"35":0,"36":0,"37":0,"38":0,"39":0,"40":0,"41":0,"42":0,"43":0,"44":0,"45":0,"46":0,"47":0,"48":0,"49":0,"50":0,"51":0,"52":0,"53":0,"54":0,"55":2,"56":0,"57":0,"58":0,"59":0,"60":0,"61":0,"62":2,"63":0,"64":0,"65":0,"66":0,"67":0,"68":0,"69":2,"70":0,"71":0,"72":0,"73":0,"74":0,"75":2,"76":0,"77":0,"78":0,"79":0,"80":0,"81":0,"82":2,"83":0,"84":0,"85":0,"86":0,"87":0,"88":0,"89":2,"90":0,"91":0,"92":0,"93":0,"94":0,"95":0,"96":2,"97":0,"98":0,"99":0,"100":0,"101":0,"102":0,"103":2,"104":0,"105":0,"106":0,"107":0,"108":0,"109":0,"110":2,"111":0,"112":0,"113":0,"114":0,"115":0,"116":0,"117":0,"118":0,"119":0,"120":0,"121":0,"122":0,"123":0,"124":0,"125":0,"126":0,"127":0,"128":0,"129":0,"130":0,"131":0,"132":0,"133":0,"134":0,"135":0,"136":0,"137":0,"138":0,"139":0,"140":0,"141":0,"142":0,"143":0,"144":0,"145":0,"146":0,"147":0,"148":0,"149":0,"150":0,"151":0,"152":2,"153":0,"154":0,"155":0,"156":0,"157":0,"158":0,"159":2,"160":0,"161":0,"162":0,"163":0,"164":0,"165":2,"166":2},"f":{"0":1,"1":0,"2":0,"3":0,"4":0,"5":0,"6":0,"7":0,"8":0,"9":0,"10":0,"11":0,"12":0,"13":0,"14":0,"15":0,"16":0,"17":0},"b":{"0":[2,2],"1":[2,2],"2":[1,0],"3":[0,0],"4":[0,0],"5":[0,0],"6":[0,0],"7":[0,0,0],"8":[0,0],"9":[2,0]},"_coverageSchema":"43e27e138ebf9cfc5966b082cf9a028302ed4184","hash":"713f1d0611366c4ea231a9c5109a65baa532f6f2"}
,"/home/sumrid/project/api/api_v2/src/config/firebase.js": {"path":"/home/sumrid/project/api/api_v2/src/config/firebase.js","statementMap":{"0":{"start":{"line":1,"column":12},"end":{"line":1,"column":37}},"1":{"start":{"line":3,"column":21},"end":{"line":3,"column":47}},"2":{"start":{"line":5,"column":0},"end":{"line":8,"column":3}}},"fnMap":{},"branchMap":{},"s":{"0":1,"1":1,"2":1},"f":{},"b":{},"_coverageSchema":"43e27e138ebf9cfc5966b082cf9a028302ed4184","hash":"3f861146d6e4a2b867309363ca261f99296a8bce"}
,"/home/sumrid/project/api/api_v2/test/mock.data.js": {"path":"/home/sumrid/project/api/api_v2/test/mock.data.js","statementMap":{"0":{"start":{"line":1,"column":0},"end":{"line":11,"column":2}}},"fnMap":{},"branchMap":{},"s":{"0":1},"f":{},"b":{},"_coverageSchema":"43e27e138ebf9cfc5966b082cf9a028302ed4184","hash":"c13ece79f95a1cb5edde1cbc3c2b7a5441aff15e"}
}
